[2026-04-05 01:40:26] [WARN ] Discord requested reconnect
[2026-04-05 01:40:26] [INFO ] Discord gateway reconnecting…
[2026-04-05 01:40:26] [WARN ] Discord gateway disconnected {"code":1006}
[2026-04-05 01:40:26] [ERROR] Discord WS error {"err":"WebSocket was closed before the connection was established"}
[2026-04-05 01:40:26] [WARN ] Discord gateway disconnected {"code":1006}
[2026-04-05 01:40:31] [INFO ] Discord gateway reconnecting…
[2026-04-05 01:40:31] [INFO ] Discord gateway connected
[2026-04-05 01:40:31] [INFO ] Discord gateway ready {"bot":"Fredrick-bot"}
[2026-04-05 01:40:36] [INFO ] Discord gateway reconnecting…
[2026-04-05 01:40:36] [INFO ] Discord gateway connected
[2026-04-05 01:40:36] [INFO ] Discord gateway ready {"bot":"Fredrick-bot"}
[2026-04-05 01:41:32] [WARN ] Discord gateway disconnected {"code":1000}
[2026-04-05 01:41:32] [WARN ] Discord gateway disconnected {"code":1006}
[2026-04-05 01:41:37] [INFO ] Discord gateway reconnecting…
[2026-04-05 01:41:37] [INFO ] Discord gateway connected
[2026-04-05 01:41:38] [INFO ] Discord gateway ready {"bot":"Fredrick-bot"}
[2026-04-05 03:00:02] [WARN ] Discord requested reconnect
[2026-04-05 03:00:02] [INFO ] Discord gateway reconnecting…
[2026-04-05 03:00:02] [WARN ] Discord gateway disconnected {"code":1006}
[2026-04-05 03:00:02] [ERROR] Discord WS error {"err":"WebSocket was closed before the connection was established"}
[2026-04-05 03:00:02] [WARN ] Discord gateway disconnected {"code":1006}
[2026-04-05 03:00:04] [ERROR] Uncaught exception {"err":"Cannot read properties of null (reading 'send')","stack":"TypeError: Cannot read properties of null (reading 'send')\n    at Timeout._onTimeout (/Users/Fredrick/.openclaw/workspace-general/openclaw-dashboard/watchers/discordWatcher.js:54:16)\n    at listOnTimeout (node:internal/timers:605:17)\n    at process.processTimers (node:internal/timers:541:7)"}
[2026-04-05 03:00:07] [INFO ] Discord gateway reconnecting…
[2026-04-05 03:00:07] [INFO ] Discord gateway connected
[2026-04-05 03:00:08] [INFO ] Discord gateway ready {"bot":"Fredrick-bot"}
[2026-04-05 03:00:12] [INFO ] Discord gateway reconnecting…
[2026-04-05 03:00:12] [INFO ] Discord gateway connected
[2026-04-05 03:00:13] [INFO ] Discord gateway ready {"bot":"Fredrick-bot"}
[2026-04-05 03:01:07] [WARN ] Discord gateway disconnected {"code":1000}
[2026-04-05 03:01:07] [WARN ] Discord gateway disconnected {"code":1006}
[2026-04-05 03:01:08] [ERROR] Uncaught exception {"err":"Cannot read properties of null (reading 'send')","stack":"TypeError: Cannot read properties of null (reading 'send')\n    at Timeout._onTimeout (/Users/Fredrick/.openclaw/workspace-general/openclaw-dashboard/watchers/discordWatcher.js:54:16)\n    at listOnTimeout (node:internal/timers:605:17)\n    at process.processTimers (node:internal/timers:541:7)"}
[2026-04-05 03:01:09] [ERROR] Uncaught exception {"err":"Cannot read properties of null (reading 'send')","stack":"TypeError: Cannot read properties of null (reading 'send')\n    at Timeout._onTimeout (/Users/Fredrick/.openclaw/workspace-general/openclaw-dashboard/watchers/discordWatcher.js:54:16)\n    at listOnTimeout (node:internal/timers:605:17)\n    at process.processTimers (node:internal/timers:541:7)"}
[2026-04-05 03:01:12] [INFO ] Discord gateway reconnecting…
[2026-04-05 03:01:13] [INFO ] Discord gateway connected
[2026-04-05 03:01:13] [INFO ] Discord gateway ready {"bot":"Fredrick-bot"}
[2026-04-05 03:19:19] [WARN ] Discord gateway disconnected {"code":1006}
[2026-04-05 03:19:22] [ERROR] Uncaught exception {"err":"Cannot read properties of null (reading 'send')","stack":"TypeError: Cannot read properties of null (reading 'send')\n    at Timeout._onTimeout (/Users/Fredrick/.openclaw/workspace-general/openclaw-dashboard/watchers/discordWatcher.js:54:16)\n    at listOnTimeout (node:internal/timers:605:17)\n    at process.processTimers (node:internal/timers:541:7)"}
[2026-04-05 03:19:24] [INFO ] Discord gateway reconnecting…
[2026-04-05 03:19:24] [INFO ] Discord gateway connected
[2026-04-05 03:19:24] [INFO ] Discord gateway ready {"bot":"Fredrick-bot"}
[2026-04-05 03:19:25] [WARN ] Discord gateway disconnected {"code":1006}
[2026-04-05 03:19:30] [INFO ] Discord gateway reconnecting…
[2026-04-05 03:19:30] [INFO ] Discord gateway connected
[2026-04-05 03:19:31] [INFO ] Discord gateway ready {"bot":"Fredrick-bot"}
[2026-04-05 05:11:10] [WARN ] Discord requested reconnect
[2026-04-05 05:11:10] [INFO ] Discord gateway reconnecting…
[2026-04-05 05:11:10] [WARN ] Discord gateway disconnected {"code":1006}
[2026-04-05 05:11:10] [ERROR] Discord WS error {"err":"WebSocket was closed before the connection was established"}
[2026-04-05 05:11:10] [WARN ] Discord gateway disconnected {"code":1006}
[2026-04-05 05:11:15] [INFO ] Discord gateway reconnecting…
[2026-04-05 05:11:15] [INFO ] Discord gateway connected
[2026-04-05 05:11:16] [INFO ] Discord gateway ready {"bot":"Fredrick-bot"}
[2026-04-05 05:11:20] [INFO ] Discord gateway reconnecting…
[2026-04-05 05:11:21] [INFO ] Discord gateway connected
[2026-04-05 05:11:21] [INFO ] Discord gateway ready {"bot":"Fredrick-bot"}
[2026-04-05 05:12:16] [WARN ] Discord gateway disconnected {"code":1000}
[2026-04-05 05:12:16] [WARN ] Discord gateway disconnected {"code":1006}
[2026-04-05 05:12:17] [ERROR] Uncaught exception {"err":"Cannot read properties of null (reading 'send')","stack":"TypeError: Cannot read properties of null (reading 'send')\n    at Timeout._onTimeout (/Users/Fredrick/.openclaw/workspace-general/openclaw-dashboard/watchers/discordWatcher.js:54:16)\n    at listOnTimeout (node:internal/timers:605:17)\n    at process.processTimers (node:internal/timers:541:7)"}
[2026-04-05 05:12:21] [INFO ] Discord gateway reconnecting…
[2026-04-05 05:12:21] [INFO ] Discord gateway connected
[2026-04-05 05:12:22] [INFO ] Discord gateway ready {"bot":"Fredrick-bot"}
[2026-04-05 06:42:25] [WARN ] Discord gateway disconnected {"code":1006}
[2026-04-05 06:42:30] [INFO ] Discord gateway reconnecting…
[2026-04-05 06:42:31] [INFO ] Discord gateway connected
[2026-04-05 06:42:31] [INFO ] Discord gateway ready {"bot":"Fredrick-bot"}
[2026-04-05 10:10:38] [WARN ] Discord requested reconnect
[2026-04-05 10:10:38] [INFO ] Discord gateway reconnecting…
[2026-04-05 10:10:38] [WARN ] Discord gateway disconnected {"code":1006}
[2026-04-05 10:10:38] [ERROR] Discord WS error {"err":"WebSocket was closed before the connection was established"}
[2026-04-05 10:10:38] [WARN ] Discord gateway disconnected {"code":1006}
[2026-04-05 10:10:40] [ERROR] Uncaught exception {"err":"Cannot read properties of null (reading 'send')","stack":"TypeError: Cannot read properties of null (reading 'send')\n    at Timeout._onTimeout (/Users/Fredrick/.openclaw/workspace-general/openclaw-dashboard/watchers/discordWatcher.js:54:16)\n    at listOnTimeout (node:internal/timers:605:17)\n    at process.processTimers (node:internal/timers:541:7)"}
[2026-04-05 10:10:43] [INFO ] Discord gateway reconnecting…
[2026-04-05 10:10:43] [INFO ] Discord gateway connected
[2026-04-05 10:10:43] [INFO ] Discord gateway ready {"bot":"Fredrick-bot"}
[2026-04-05 10:10:48] [INFO ] Discord gateway reconnecting…
[2026-04-05 10:10:48] [INFO ] Discord gateway connected
[2026-04-05 10:10:48] [INFO ] Discord gateway ready {"bot":"Fredrick-bot"}
[2026-04-05 10:11:44] [WARN ] Discord gateway disconnected {"code":1000}
[2026-04-05 10:11:44] [WARN ] Discord gateway disconnected {"code":1006}
[2026-04-05 10:11:49] [INFO ] Discord gateway reconnecting…
[2026-04-05 10:11:50] [ERROR] Uncaught exception {"err":"WebSocket is not open: readyState 0 (CONNECTING)","stack":"Error: WebSocket is not open: readyState 0 (CONNECTING)\n    at WebSocket.send (/usr/local/lib/node_modules/openclaw/node_modules/ws/lib/websocket.js:451:13)\n    at Timeout._onTimeout (/Users/Fredrick/.openclaw/workspace-general/openclaw-dashboard/watchers/discordWatcher.js:54:16)\n    at listOnTimeout (node:internal/timers:605:17)\n    at process.processTimers (node:internal/timers:541:7)"}
[2026-04-05 10:11:50] [INFO ] Discord gateway connected
[2026-04-05 10:11:51] [INFO ] Discord gateway ready {"bot":"Fredrick-bot"}
[2026-04-05 11:40:40] [WARN ] Discord requested reconnect
[2026-04-05 11:40:40] [INFO ] Discord gateway reconnecting…
[2026-04-05 11:40:40] [WARN ] Discord gateway disconnected {"code":1006}
[2026-04-05 11:40:40] [ERROR] Discord WS error {"err":"WebSocket was closed before the connection was established"}
[2026-04-05 11:40:40] [WARN ] Discord gateway disconnected {"code":1006}
[2026-04-05 11:40:44] [ERROR] Uncaught exception {"err":"Cannot read properties of null (reading 'send')","stack":"TypeError: Cannot read properties of null (reading 'send')\n    at Timeout._onTimeout (/Users/Fredrick/.openclaw/workspace-general/openclaw-dashboard/watchers/discordWatcher.js:54:16)\n    at listOnTimeout (node:internal/timers:605:17)\n    at process.processTimers (node:internal/timers:541:7)"}
[2026-04-05 11:40:45] [INFO ] Discord gateway reconnecting…
[2026-04-05 11:40:45] [INFO ] Discord gateway connected
[2026-04-05 11:40:46] [INFO ] Discord gateway ready {"bot":"Fredrick-bot"}
[2026-04-05 11:40:51] [INFO ] Discord gateway reconnecting…
[2026-04-05 11:40:51] [INFO ] Discord gateway connected
[2026-04-05 11:40:52] [INFO ] Discord gateway ready {"bot":"Fredrick-bot"}
[2026-04-05 11:41:46] [WARN ] Discord gateway disconnected {"code":1000}
[2026-04-05 11:41:46] [WARN ] Discord gateway disconnected {"code":1006}
[2026-04-05 11:41:47] [ERROR] Uncaught exception {"err":"Cannot read properties of null (reading 'send')","stack":"TypeError: Cannot read properties of null (reading 'send')\n    at Timeout._onTimeout (/Users/Fredrick/.openclaw/workspace-general/openclaw-dashboard/watchers/discordWatcher.js:54:16)\n    at listOnTimeout (node:internal/timers:605:17)\n    at process.processTimers (node:internal/timers:541:7)"}
[2026-04-05 11:41:51] [INFO ] Discord gateway reconnecting…
[2026-04-05 11:41:51] [INFO ] Discord gateway connected
[2026-04-05 11:41:51] [INFO ] Discord gateway ready {"bot":"Fredrick-bot"}
[2026-04-05 14:48:57] [WARN ] Discord requested reconnect
[2026-04-05 14:48:57] [INFO ] Discord gateway reconnecting…
[2026-04-05 14:48:57] [WARN ] Discord gateway disconnected {"code":1006}
[2026-04-05 14:48:57] [ERROR] Discord WS error {"err":"WebSocket was closed before the connection was established"}
[2026-04-05 14:48:57] [WARN ] Discord gateway disconnected {"code":1006}
[2026-04-05 14:48:59] [ERROR] Uncaught exception {"err":"Cannot read properties of null (reading 'send')","stack":"TypeError: Cannot read properties of null (reading 'send')\n    at Timeout._onTimeout (/Users/Fredrick/.openclaw/workspace-general/openclaw-dashboard/watchers/discordWatcher.js:54:16)\n    at listOnTimeout (node:internal/timers:605:17)\n    at process.processTimers (node:internal/timers:541:7)"}
[2026-04-05 14:49:02] [INFO ] Discord gateway reconnecting…
[2026-04-05 14:49:02] [INFO ] Discord gateway connected
[2026-04-05 14:49:03] [INFO ] Discord gateway ready {"bot":"Fredrick-bot"}
[2026-04-05 14:49:07] [INFO ] Discord gateway reconnecting…
[2026-04-05 14:49:07] [INFO ] Discord gateway connected
[2026-04-05 14:49:08] [INFO ] Discord gateway ready {"bot":"Fredrick-bot"}
[2026-04-05 14:50:03] [WARN ] Discord gateway disconnected {"code":1000}
[2026-04-05 14:50:03] [WARN ] Discord gateway disconnected {"code":1006}
[2026-04-05 14:50:08] [INFO ] Discord gateway reconnecting…
[2026-04-05 14:50:08] [INFO ] Discord gateway connected
[2026-04-05 14:50:08] [INFO ] Discord gateway ready {"bot":"Fredrick-bot"}
[2026-04-05 16:21:28] [WARN ] Discord requested reconnect
[2026-04-05 16:21:28] [INFO ] Discord gateway reconnecting…
[2026-04-05 16:21:28] [WARN ] Discord gateway disconnected {"code":1006}
[2026-04-05 16:21:28] [ERROR] Discord WS error {"err":"WebSocket was closed before the connection was established"}
[2026-04-05 16:21:28] [WARN ] Discord gateway disconnected {"code":1006}
[2026-04-05 16:21:33] [INFO ] Discord gateway reconnecting…
[2026-04-05 16:21:33] [INFO ] Discord gateway connected
[2026-04-05 16:21:34] [INFO ] Discord gateway ready {"bot":"Fredrick-bot"}
[2026-04-05 16:21:38] [INFO ] Discord gateway reconnecting…
[2026-04-05 16:21:38] [INFO ] Discord gateway connected
[2026-04-05 16:21:39] [INFO ] Discord gateway ready {"bot":"Fredrick-bot"}
[2026-04-05 16:22:34] [WARN ] Discord gateway disconnected {"code":1000}
[2026-04-05 16:22:34] [WARN ] Discord gateway disconnected {"code":1006}
[2026-04-05 16:22:37] [ERROR] Uncaught exception {"err":"Cannot read properties of null (reading 'send')","stack":"TypeError: Cannot read properties of null (reading 'send')\n    at Timeout._onTimeout (/Users/Fredrick/.openclaw/workspace-general/openclaw-dashboard/watchers/discordWatcher.js:54:16)\n    at listOnTimeout (node:internal/timers:605:17)\n    at process.processTimers (node:internal/timers:541:7)"}
[2026-04-05 16:22:38] [ERROR] Uncaught exception {"err":"Cannot read properties of null (reading 'send')","stack":"TypeError: Cannot read properties of null (reading 'send')\n    at Timeout._onTimeout (/Users/Fredrick/.openclaw/workspace-general/openclaw-dashboard/watchers/discordWatcher.js:54:16)\n    at listOnTimeout (node:internal/timers:605:17)\n    at process.processTimers (node:internal/timers:541:7)"}
[2026-04-05 16:22:39] [INFO ] Discord gateway reconnecting…
[2026-04-05 16:22:39] [INFO ] Discord gateway connected
[2026-04-05 16:22:39] [INFO ] Discord gateway ready {"bot":"Fredrick-bot"}
[2026-04-05 17:00:00] [WARN ] Discord requested reconnect
[2026-04-05 17:00:00] [INFO ] Discord gateway reconnecting…
[2026-04-05 17:00:00] [WARN ] Discord gateway disconnected {"code":1006}
[2026-04-05 17:00:00] [ERROR] Discord WS error {"err":"WebSocket was closed before the connection was established"}
[2026-04-05 17:00:00] [WARN ] Discord gateway disconnected {"code":1006}
[2026-04-05 17:00:03] [ERROR] Uncaught exception {"err":"Cannot read properties of null (reading 'send')","stack":"TypeError: Cannot read properties of null (reading 'send')\n    at Timeout._onTimeout (/Users/Fredrick/.openclaw/workspace-general/openclaw-dashboard/watchers/discordWatcher.js:54:16)\n    at listOnTimeout (node:internal/timers:605:17)\n    at process.processTimers (node:internal/timers:541:7)"}
[2026-04-05 17:00:05] [INFO ] Discord gateway reconnecting…
[2026-04-05 17:00:05] [INFO ] Discord gateway connected
[2026-04-05 17:00:06] [INFO ] Discord gateway ready {"bot":"Fredrick-bot"}
[2026-04-05 17:00:10] [INFO ] Discord gateway reconnecting…
[2026-04-05 17:00:10] [INFO ] Discord gateway connected
[2026-04-05 17:00:11] [INFO ] Discord gateway ready {"bot":"Fredrick-bot"}
[2026-04-05 17:01:06] [WARN ] Discord gateway disconnected {"code":1000}
[2026-04-05 17:01:06] [WARN ] Discord gateway disconnected {"code":1006}
[2026-04-05 17:01:07] [ERROR] Uncaught exception {"err":"Cannot read properties of null (reading 'send')","stack":"TypeError: Cannot read properties of null (reading 'send')\n    at Timeout._onTimeout (/Users/Fredrick/.openclaw/workspace-general/openclaw-dashboard/watchers/discordWatcher.js:54:16)\n    at listOnTimeout (node:internal/timers:605:17)\n    at process.processTimers (node:internal/timers:541:7)"}
[2026-04-05 17:01:09] [ERROR] Uncaught exception {"err":"Cannot read properties of null (reading 'send')","stack":"TypeError: Cannot read properties of null (reading 'send')\n    at Timeout._onTimeout (/Users/Fredrick/.openclaw/workspace-general/openclaw-dashboard/watchers/discordWatcher.js:54:16)\n    at listOnTimeout (node:internal/timers:605:17)\n    at process.processTimers (node:internal/timers:541:7)"}
[2026-04-05 17:01:10] [ERROR] Uncaught exception {"err":"Cannot read properties of null (reading 'send')","stack":"TypeError: Cannot read properties of null (reading 'send')\n    at Timeout._onTimeout (/Users/Fredrick/.openclaw/workspace-general/openclaw-dashboard/watchers/discordWatcher.js:54:16)\n    at listOnTimeout (node:internal/timers:605:17)\n    at process.processTimers (node:internal/timers:541:7)"}
[2026-04-05 17:01:11] [INFO ] Discord gateway reconnecting…
[2026-04-05 17:01:11] [INFO ] Discord gateway connected
[2026-04-05 17:01:11] [INFO ] Discord gateway ready {"bot":"Fredrick-bot"}
[2026-04-05 19:32:26] [WARN ] Discord requested reconnect
[2026-04-05 19:32:26] [INFO ] Discord gateway reconnecting…
[2026-04-05 19:32:26] [WARN ] Discord gateway disconnected {"code":1006}
[2026-04-05 19:32:26] [ERROR] Discord WS error {"err":"WebSocket was closed before the connection was established"}
[2026-04-05 19:32:26] [WARN ] Discord gateway disconnected {"code":1006}
[2026-04-05 19:32:26] [ERROR] Uncaught exception {"err":"Cannot read properties of null (reading 'send')","stack":"TypeError: Cannot read properties of null (reading 'send')\n    at Timeout._onTimeout (/Users/Fredrick/.openclaw/workspace-general/openclaw-dashboard/watchers/discordWatcher.js:54:16)\n    at listOnTimeout (node:internal/timers:605:17)\n    at process.processTimers (node:internal/timers:541:7)"}
[2026-04-05 19:32:31] [INFO ] Discord gateway reconnecting…
[2026-04-05 19:32:31] [INFO ] Discord gateway connected
[2026-04-05 19:32:31] [INFO ] Discord gateway ready {"bot":"Fredrick-bot"}
[2026-04-05 19:32:36] [INFO ] Discord gateway reconnecting…
[2026-04-05 19:32:36] [INFO ] Discord gateway connected
[2026-04-05 19:32:36] [INFO ] Discord gateway ready {"bot":"Fredrick-bot"}
[2026-04-05 19:33:32] [WARN ] Discord gateway disconnected {"code":1000}
[2026-04-05 19:33:32] [WARN ] Discord gateway disconnected {"code":1006}
[2026-04-05 19:33:34] [ERROR] Uncaught exception {"err":"Cannot read properties of null (reading 'send')","stack":"TypeError: Cannot read properties of null (reading 'send')\n    at Timeout._onTimeout (/Users/Fredrick/.openclaw/workspace-general/openclaw-dashboard/watchers/discordWatcher.js:54:16)\n    at listOnTimeout (node:internal/timers:605:17)\n    at process.processTimers (node:internal/timers:541:7)"}
[2026-04-05 19:33:37] [INFO ] Discord gateway reconnecting…
[2026-04-05 19:33:37] [INFO ] Discord gateway connected
[2026-04-05 19:33:37] [INFO ] Discord gateway ready {"bot":"Fredrick-bot"}
[2026-04-05 22:51:55] [WARN ] Discord requested reconnect
[2026-04-05 22:51:55] [INFO ] Discord gateway reconnecting…
[2026-04-05 22:51:55] [WARN ] Discord gateway disconnected {"code":1006}
[2026-04-05 22:51:55] [ERROR] Discord WS error {"err":"WebSocket was closed before the connection was established"}
[2026-04-05 22:51:55] [WARN ] Discord gateway disconnected {"code":1006}
[2026-04-05 22:51:57] [ERROR] Uncaught exception {"err":"Cannot read properties of null (reading 'send')","stack":"TypeError: Cannot read properties of null (reading 'send')\n    at Timeout._onTimeout (/Users/Fredrick/.openclaw/workspace-general/openclaw-dashboard/watchers/discordWatcher.js:54:16)\n    at listOnTimeout (node:internal/timers:605:17)\n    at process.processTimers (node:internal/timers:541:7)"}
[2026-04-05 22:51:58] [ERROR] Uncaught exception {"err":"Cannot read properties of null (reading 'send')","stack":"TypeError: Cannot read properties of null (reading 'send')\n    at Timeout._onTimeout (/Users/Fredrick/.openclaw/workspace-general/openclaw-dashboard/watchers/discordWatcher.js:54:16)\n    at listOnTimeout (node:internal/timers:605:17)\n    at process.processTimers (node:internal/timers:541:7)"}
[2026-04-05 22:52:00] [INFO ] Discord gateway reconnecting…
[2026-04-05 22:52:01] [INFO ] Discord gateway connected
[2026-04-05 22:52:01] [INFO ] Discord gateway ready {"bot":"Fredrick-bot"}
[2026-04-05 22:52:05] [INFO ] Discord gateway reconnecting…
[2026-04-05 22:52:06] [INFO ] Discord gateway connected
[2026-04-05 22:52:06] [INFO ] Discord gateway ready {"bot":"Fredrick-bot"}
[2026-04-05 22:53:01] [WARN ] Discord gateway disconnected {"code":1000}
[2026-04-05 22:53:01] [WARN ] Discord gateway disconnected {"code":1006}
[2026-04-05 22:53:04] [ERROR] Uncaught exception {"err":"Cannot read properties of null (reading 'send')","stack":"TypeError: Cannot read properties of null (reading 'send')\n    at Timeout._onTimeout (/Users/Fredrick/.openclaw/workspace-general/openclaw-dashboard/watchers/discordWatcher.js:54:16)\n    at listOnTimeout (node:internal/timers:605:17)\n    at process.processTimers (node:internal/timers:541:7)"}
[2026-04-05 22:53:06] [INFO ] Discord gateway reconnecting…
[2026-04-05 22:53:06] [INFO ] Discord gateway connected
[2026-04-05 22:53:07] [INFO ] Discord gateway ready {"bot":"Fredrick-bot"}
[2026-04-05 23:36:08] [WARN ] Discord requested reconnect
[2026-04-05 23:36:08] [INFO ] Discord gateway reconnecting…
[2026-04-05 23:36:08] [WARN ] Discord gateway disconnected {"code":1006}
[2026-04-05 23:36:08] [ERROR] Discord WS error {"err":"WebSocket was closed before the connection was established"}
[2026-04-05 23:36:08] [WARN ] Discord gateway disconnected {"code":1006}
[2026-04-05 23:36:13] [INFO ] Discord gateway reconnecting…
[2026-04-05 23:36:14] [INFO ] Discord gateway connected
[2026-04-05 23:36:14] [INFO ] Discord gateway ready {"bot":"Fredrick-bot"}
[2026-04-05 23:36:18] [INFO ] Discord gateway reconnecting…
[2026-04-05 23:36:19] [INFO ] Discord gateway connected
[2026-04-05 23:36:19] [INFO ] Discord gateway ready {"bot":"Fredrick-bot"}
[2026-04-05 23:37:14] [WARN ] Discord gateway disconnected {"code":1000}
[2026-04-05 23:37:14] [WARN ] Discord gateway disconnected {"code":1006}
[2026-04-05 23:37:17] [ERROR] Uncaught exception {"err":"Cannot read properties of null (reading 'send')","stack":"TypeError: Cannot read properties of null (reading 'send')\n    at Timeout._onTimeout (/Users/Fredrick/.openclaw/workspace-general/openclaw-dashboard/watchers/discordWatcher.js:54:16)\n    at listOnTimeout (node:internal/timers:605:17)\n    at process.processTimers (node:internal/timers:541:7)"}
[2026-04-05 23:37:19] [INFO ] Discord gateway reconnecting…
[2026-04-05 23:37:19] [INFO ] Discord gateway connected
[2026-04-05 23:37:20] [INFO ] Discord gateway ready {"bot":"Fredrick-bot"}
