[2026-04-10 01:34:59] [WARN ] Discord requested reconnect
[2026-04-10 01:34:59] [INFO ] Discord gateway reconnecting…
[2026-04-10 01:34:59] [WARN ] Discord gateway disconnected {"code":1006}
[2026-04-10 01:34:59] [ERROR] Discord WS error {"err":"WebSocket was closed before the connection was established"}
[2026-04-10 01:34:59] [WARN ] Discord gateway disconnected {"code":1006}
[2026-04-10 01:35:04] [INFO ] Discord gateway reconnecting…
[2026-04-10 01:35:05] [INFO ] Discord gateway connected
[2026-04-10 01:35:08] [INFO ] Discord gateway ready {"bot":"Fredrick-bot"}
[2026-04-10 01:35:09] [INFO ] Discord gateway reconnecting…
[2026-04-10 01:35:10] [INFO ] Discord gateway connected
[2026-04-10 01:35:10] [INFO ] Discord gateway ready {"bot":"Fredrick-bot"}
[2026-04-10 01:36:05] [WARN ] Discord gateway disconnected {"code":1000}
[2026-04-10 01:36:05] [WARN ] Discord gateway disconnected {"code":1006}
[2026-04-10 01:36:09] [ERROR] Uncaught exception {"err":"Cannot read properties of null (reading 'send')","stack":"TypeError: Cannot read properties of null (reading 'send')\n    at Timeout._onTimeout (/Users/Fredrick/.openclaw/workspace-general/openclaw-dashboard/watchers/discordWatcher.js:54:16)\n    at listOnTimeout (node:internal/timers:605:17)\n    at process.processTimers (node:internal/timers:541:7)"}
[2026-04-10 01:36:09] [ERROR] Uncaught exception {"err":"Cannot read properties of null (reading 'send')","stack":"TypeError: Cannot read properties of null (reading 'send')\n    at Timeout._onTimeout (/Users/Fredrick/.openclaw/workspace-general/openclaw-dashboard/watchers/discordWatcher.js:54:16)\n    at listOnTimeout (node:internal/timers:605:17)\n    at process.processTimers (node:internal/timers:541:7)"}
[2026-04-10 01:36:09] [ERROR] Uncaught exception {"err":"Cannot read properties of null (reading 'send')","stack":"TypeError: Cannot read properties of null (reading 'send')\n    at Timeout._onTimeout (/Users/Fredrick/.openclaw/workspace-general/openclaw-dashboard/watchers/discordWatcher.js:54:16)\n    at listOnTimeout (node:internal/timers:605:17)\n    at process.processTimers (node:internal/timers:541:7)"}
[2026-04-10 01:36:09] [ERROR] Uncaught exception {"err":"Cannot read properties of null (reading 'send')","stack":"TypeError: Cannot read properties of null (reading 'send')\n    at Timeout._onTimeout (/Users/Fredrick/.openclaw/workspace-general/openclaw-dashboard/watchers/discordWatcher.js:54:16)\n    at listOnTimeout (node:internal/timers:605:17)\n    at process.processTimers (node:internal/timers:541:7)"}
[2026-04-10 01:36:10] [INFO ] Discord gateway reconnecting…
[2026-04-10 01:36:10] [INFO ] Discord gateway connected
[2026-04-10 01:36:11] [INFO ] Discord gateway ready {"bot":"Fredrick-bot"}
[2026-04-10 01:53:55] [WARN ] Discord gateway disconnected {"code":1006}
[2026-04-10 01:53:57] [ERROR] Uncaught exception {"err":"Cannot read properties of null (reading 'send')","stack":"TypeError: Cannot read properties of null (reading 'send')\n    at Timeout._onTimeout (/Users/Fredrick/.openclaw/workspace-general/openclaw-dashboard/watchers/discordWatcher.js:54:16)\n    at listOnTimeout (node:internal/timers:605:17)\n    at process.processTimers (node:internal/timers:541:7)"}
[2026-04-10 01:54:00] [INFO ] Discord gateway reconnecting…
[2026-04-10 01:54:00] [INFO ] Discord gateway connected
[2026-04-10 01:54:00] [INFO ] Discord gateway ready {"bot":"Fredrick-bot"}
[2026-04-10 05:27:01] [WARN ] Discord requested reconnect
[2026-04-10 05:27:01] [INFO ] Discord gateway reconnecting…
[2026-04-10 05:27:01] [WARN ] Discord gateway disconnected {"code":1006}
[2026-04-10 05:27:01] [ERROR] Discord WS error {"err":"WebSocket was closed before the connection was established"}
[2026-04-10 05:27:01] [WARN ] Discord gateway disconnected {"code":1006}
[2026-04-10 05:27:02] [ERROR] Uncaught exception {"err":"Cannot read properties of null (reading 'send')","stack":"TypeError: Cannot read properties of null (reading 'send')\n    at Timeout._onTimeout (/Users/Fredrick/.openclaw/workspace-general/openclaw-dashboard/watchers/discordWatcher.js:54:16)\n    at listOnTimeout (node:internal/timers:605:17)\n    at process.processTimers (node:internal/timers:541:7)"}
[2026-04-10 05:27:06] [ERROR] Uncaught exception {"err":"Cannot read properties of null (reading 'send')","stack":"TypeError: Cannot read properties of null (reading 'send')\n    at Timeout._onTimeout (/Users/Fredrick/.openclaw/workspace-general/openclaw-dashboard/watchers/discordWatcher.js:54:16)\n    at listOnTimeout (node:internal/timers:605:17)\n    at process.processTimers (node:internal/timers:541:7)"}
[2026-04-10 05:27:06] [INFO ] Discord gateway reconnecting…
[2026-04-10 05:27:06] [INFO ] Discord gateway connected
[2026-04-10 05:27:07] [INFO ] Discord gateway ready {"bot":"Fredrick-bot"}
[2026-04-10 05:27:11] [INFO ] Discord gateway reconnecting…
[2026-04-10 05:27:11] [INFO ] Discord gateway connected
[2026-04-10 05:27:12] [INFO ] Discord gateway ready {"bot":"Fredrick-bot"}
[2026-04-10 05:28:07] [WARN ] Discord gateway disconnected {"code":1000}
[2026-04-10 05:28:07] [WARN ] Discord gateway disconnected {"code":1006}
[2026-04-10 05:28:10] [ERROR] Uncaught exception {"err":"Cannot read properties of null (reading 'send')","stack":"TypeError: Cannot read properties of null (reading 'send')\n    at Timeout._onTimeout (/Users/Fredrick/.openclaw/workspace-general/openclaw-dashboard/watchers/discordWatcher.js:54:16)\n    at listOnTimeout (node:internal/timers:605:17)\n    at process.processTimers (node:internal/timers:541:7)"}
[2026-04-10 05:28:10] [ERROR] Uncaught exception {"err":"Cannot read properties of null (reading 'send')","stack":"TypeError: Cannot read properties of null (reading 'send')\n    at Timeout._onTimeout (/Users/Fredrick/.openclaw/workspace-general/openclaw-dashboard/watchers/discordWatcher.js:54:16)\n    at listOnTimeout (node:internal/timers:605:17)\n    at process.processTimers (node:internal/timers:541:7)"}
[2026-04-10 05:28:12] [INFO ] Discord gateway reconnecting…
[2026-04-10 05:28:12] [INFO ] Discord gateway connected
[2026-04-10 05:28:12] [INFO ] Discord gateway ready {"bot":"Fredrick-bot"}
[2026-04-10 08:23:37] [WARN ] Discord gateway disconnected {"code":1006}
[2026-04-10 08:23:41] [ERROR] Uncaught exception {"err":"Cannot read properties of null (reading 'send')","stack":"TypeError: Cannot read properties of null (reading 'send')\n    at Timeout._onTimeout (/Users/Fredrick/.openclaw/workspace-general/openclaw-dashboard/watchers/discordWatcher.js:54:16)\n    at listOnTimeout (node:internal/timers:605:17)\n    at process.processTimers (node:internal/timers:541:7)"}
[2026-04-10 08:23:42] [INFO ] Discord gateway reconnecting…
[2026-04-10 08:23:42] [INFO ] Discord gateway connected
[2026-04-10 08:23:42] [INFO ] Discord gateway ready {"bot":"Fredrick-bot"}
[2026-04-10 09:15:58] [WARN ] Discord requested reconnect
[2026-04-10 09:15:58] [INFO ] Discord gateway reconnecting…
[2026-04-10 09:15:58] [WARN ] Discord gateway disconnected {"code":1006}
[2026-04-10 09:15:58] [ERROR] Discord WS error {"err":"WebSocket was closed before the connection was established"}
[2026-04-10 09:15:58] [WARN ] Discord gateway disconnected {"code":1006}
[2026-04-10 09:15:59] [ERROR] Uncaught exception {"err":"Cannot read properties of null (reading 'send')","stack":"TypeError: Cannot read properties of null (reading 'send')\n    at Timeout._onTimeout (/Users/Fredrick/.openclaw/workspace-general/openclaw-dashboard/watchers/discordWatcher.js:54:16)\n    at listOnTimeout (node:internal/timers:605:17)\n    at process.processTimers (node:internal/timers:541:7)"}
[2026-04-10 09:16:03] [ERROR] Uncaught exception {"err":"Cannot read properties of null (reading 'send')","stack":"TypeError: Cannot read properties of null (reading 'send')\n    at Timeout._onTimeout (/Users/Fredrick/.openclaw/workspace-general/openclaw-dashboard/watchers/discordWatcher.js:54:16)\n    at listOnTimeout (node:internal/timers:605:17)\n    at process.processTimers (node:internal/timers:541:7)"}
[2026-04-10 09:16:03] [INFO ] Discord gateway reconnecting…
[2026-04-10 09:16:03] [ERROR] Uncaught exception {"err":"WebSocket is not open: readyState 0 (CONNECTING)","stack":"Error: WebSocket is not open: readyState 0 (CONNECTING)\n    at WebSocket.send (/usr/local/lib/node_modules/openclaw/node_modules/ws/lib/websocket.js:451:13)\n    at Timeout._onTimeout (/Users/Fredrick/.openclaw/workspace-general/openclaw-dashboard/watchers/discordWatcher.js:54:16)\n    at listOnTimeout (node:internal/timers:605:17)\n    at process.processTimers (node:internal/timers:541:7)"}
[2026-04-10 09:16:03] [INFO ] Discord gateway connected
[2026-04-10 09:16:04] [INFO ] Discord gateway ready {"bot":"Fredrick-bot"}
[2026-04-10 09:16:08] [INFO ] Discord gateway reconnecting…
[2026-04-10 09:16:08] [INFO ] Discord gateway connected
[2026-04-10 09:16:09] [INFO ] Discord gateway ready {"bot":"Fredrick-bot"}
[2026-04-10 09:17:04] [WARN ] Discord gateway disconnected {"code":1000}
[2026-04-10 09:17:04] [WARN ] Discord gateway disconnected {"code":1006}
[2026-04-10 09:17:07] [ERROR] Uncaught exception {"err":"Cannot read properties of null (reading 'send')","stack":"TypeError: Cannot read properties of null (reading 'send')\n    at Timeout._onTimeout (/Users/Fredrick/.openclaw/workspace-general/openclaw-dashboard/watchers/discordWatcher.js:54:16)\n    at listOnTimeout (node:internal/timers:605:17)\n    at process.processTimers (node:internal/timers:541:7)"}
[2026-04-10 09:17:07] [ERROR] Uncaught exception {"err":"Cannot read properties of null (reading 'send')","stack":"TypeError: Cannot read properties of null (reading 'send')\n    at Timeout._onTimeout (/Users/Fredrick/.openclaw/workspace-general/openclaw-dashboard/watchers/discordWatcher.js:54:16)\n    at listOnTimeout (node:internal/timers:605:17)\n    at process.processTimers (node:internal/timers:541:7)"}
[2026-04-10 09:17:09] [INFO ] Discord gateway reconnecting…
[2026-04-10 09:17:09] [INFO ] Discord gateway connected
[2026-04-10 09:17:09] [INFO ] Discord gateway ready {"bot":"Fredrick-bot"}
[2026-04-10 12:20:44] [WARN ] Discord requested reconnect
[2026-04-10 12:20:44] [INFO ] Discord gateway reconnecting…
[2026-04-10 12:20:44] [WARN ] Discord gateway disconnected {"code":1006}
[2026-04-10 12:20:44] [ERROR] Discord WS error {"err":"WebSocket was closed before the connection was established"}
[2026-04-10 12:20:44] [WARN ] Discord gateway disconnected {"code":1006}
[2026-04-10 12:20:45] [ERROR] Uncaught exception {"err":"Cannot read properties of null (reading 'send')","stack":"TypeError: Cannot read properties of null (reading 'send')\n    at Timeout._onTimeout (/Users/Fredrick/.openclaw/workspace-general/openclaw-dashboard/watchers/discordWatcher.js:54:16)\n    at listOnTimeout (node:internal/timers:605:17)\n    at process.processTimers (node:internal/timers:541:7)"}
[2026-04-10 12:20:45] [ERROR] Uncaught exception {"err":"Cannot read properties of null (reading 'send')","stack":"TypeError: Cannot read properties of null (reading 'send')\n    at Timeout._onTimeout (/Users/Fredrick/.openclaw/workspace-general/openclaw-dashboard/watchers/discordWatcher.js:54:16)\n    at listOnTimeout (node:internal/timers:605:17)\n    at process.processTimers (node:internal/timers:541:7)"}
[2026-04-10 12:20:45] [ERROR] Uncaught exception {"err":"Cannot read properties of null (reading 'send')","stack":"TypeError: Cannot read properties of null (reading 'send')\n    at Timeout._onTimeout (/Users/Fredrick/.openclaw/workspace-general/openclaw-dashboard/watchers/discordWatcher.js:54:16)\n    at listOnTimeout (node:internal/timers:605:17)\n    at process.processTimers (node:internal/timers:541:7)"}
[2026-04-10 12:20:45] [ERROR] Uncaught exception {"err":"Cannot read properties of null (reading 'send')","stack":"TypeError: Cannot read properties of null (reading 'send')\n    at Timeout._onTimeout (/Users/Fredrick/.openclaw/workspace-general/openclaw-dashboard/watchers/discordWatcher.js:54:16)\n    at listOnTimeout (node:internal/timers:605:17)\n    at process.processTimers (node:internal/timers:541:7)"}
[2026-04-10 12:20:49] [ERROR] Uncaught exception {"err":"Cannot read properties of null (reading 'send')","stack":"TypeError: Cannot read properties of null (reading 'send')\n    at Timeout._onTimeout (/Users/Fredrick/.openclaw/workspace-general/openclaw-dashboard/watchers/discordWatcher.js:54:16)\n    at listOnTimeout (node:internal/timers:605:17)\n    at process.processTimers (node:internal/timers:541:7)"}
[2026-04-10 12:20:49] [ERROR] Uncaught exception {"err":"Cannot read properties of null (reading 'send')","stack":"TypeError: Cannot read properties of null (reading 'send')\n    at Timeout._onTimeout (/Users/Fredrick/.openclaw/workspace-general/openclaw-dashboard/watchers/discordWatcher.js:54:16)\n    at listOnTimeout (node:internal/timers:605:17)\n    at process.processTimers (node:internal/timers:541:7)"}
[2026-04-10 12:20:49] [INFO ] Discord gateway reconnecting…
[2026-04-10 12:20:49] [INFO ] Discord gateway connected
[2026-04-10 12:20:49] [INFO ] Discord gateway ready {"bot":"Fredrick-bot"}
[2026-04-10 12:20:54] [INFO ] Discord gateway reconnecting…
[2026-04-10 12:20:54] [INFO ] Discord gateway connected
[2026-04-10 12:20:54] [INFO ] Discord gateway ready {"bot":"Fredrick-bot"}
[2026-04-10 12:21:49] [WARN ] Discord gateway disconnected {"code":1000}
[2026-04-10 12:21:49] [WARN ] Discord gateway disconnected {"code":1006}
[2026-04-10 12:21:52] [ERROR] Uncaught exception {"err":"Cannot read properties of null (reading 'send')","stack":"TypeError: Cannot read properties of null (reading 'send')\n    at Timeout._onTimeout (/Users/Fredrick/.openclaw/workspace-general/openclaw-dashboard/watchers/discordWatcher.js:54:16)\n    at listOnTimeout (node:internal/timers:605:17)\n    at process.processTimers (node:internal/timers:541:7)"}
[2026-04-10 12:21:52] [ERROR] Uncaught exception {"err":"Cannot read properties of null (reading 'send')","stack":"TypeError: Cannot read properties of null (reading 'send')\n    at Timeout._onTimeout (/Users/Fredrick/.openclaw/workspace-general/openclaw-dashboard/watchers/discordWatcher.js:54:16)\n    at listOnTimeout (node:internal/timers:605:17)\n    at process.processTimers (node:internal/timers:541:7)"}
[2026-04-10 12:21:54] [INFO ] Discord gateway reconnecting…
[2026-04-10 12:21:55] [INFO ] Discord gateway connected
[2026-04-10 12:21:55] [INFO ] Discord gateway ready {"bot":"Fredrick-bot"}
[2026-04-10 12:39:45] [WARN ] Discord requested reconnect
[2026-04-10 12:39:45] [INFO ] Discord gateway reconnecting…
[2026-04-10 12:39:45] [WARN ] Discord gateway disconnected {"code":1006}
[2026-04-10 12:39:45] [ERROR] Discord WS error {"err":"WebSocket was closed before the connection was established"}
[2026-04-10 12:39:45] [WARN ] Discord gateway disconnected {"code":1006}
[2026-04-10 12:39:45] [ERROR] Uncaught exception {"err":"Cannot read properties of null (reading 'send')","stack":"TypeError: Cannot read properties of null (reading 'send')\n    at Timeout._onTimeout (/Users/Fredrick/.openclaw/workspace-general/openclaw-dashboard/watchers/discordWatcher.js:54:16)\n    at listOnTimeout (node:internal/timers:605:17)\n    at process.processTimers (node:internal/timers:541:7)"}
[2026-04-10 12:39:45] [ERROR] Uncaught exception {"err":"Cannot read properties of null (reading 'send')","stack":"TypeError: Cannot read properties of null (reading 'send')\n    at Timeout._onTimeout (/Users/Fredrick/.openclaw/workspace-general/openclaw-dashboard/watchers/discordWatcher.js:54:16)\n    at listOnTimeout (node:internal/timers:605:17)\n    at process.processTimers (node:internal/timers:541:7)"}
[2026-04-10 12:39:49] [ERROR] Uncaught exception {"err":"Cannot read properties of null (reading 'send')","stack":"TypeError: Cannot read properties of null (reading 'send')\n    at Timeout._onTimeout (/Users/Fredrick/.openclaw/workspace-general/openclaw-dashboard/watchers/discordWatcher.js:54:16)\n    at listOnTimeout (node:internal/timers:605:17)\n    at process.processTimers (node:internal/timers:541:7)"}
[2026-04-10 12:39:50] [INFO ] Discord gateway reconnecting…
[2026-04-10 12:39:50] [INFO ] Discord gateway connected
[2026-04-10 12:39:51] [INFO ] Discord gateway ready {"bot":"Fredrick-bot"}
[2026-04-10 12:39:55] [INFO ] Discord gateway reconnecting…
[2026-04-10 12:39:55] [INFO ] Discord gateway connected
[2026-04-10 12:39:55] [INFO ] Discord gateway ready {"bot":"Fredrick-bot"}
[2026-04-10 12:40:50] [WARN ] Discord gateway disconnected {"code":1000}
[2026-04-10 12:40:50] [WARN ] Discord gateway disconnected {"code":1006}
[2026-04-10 12:40:52] [ERROR] Uncaught exception {"err":"Cannot read properties of null (reading 'send')","stack":"TypeError: Cannot read properties of null (reading 'send')\n    at Timeout._onTimeout (/Users/Fredrick/.openclaw/workspace-general/openclaw-dashboard/watchers/discordWatcher.js:54:16)\n    at listOnTimeout (node:internal/timers:605:17)\n    at process.processTimers (node:internal/timers:541:7)"}
[2026-04-10 12:40:55] [INFO ] Discord gateway reconnecting…
[2026-04-10 12:40:55] [INFO ] Discord gateway connected
[2026-04-10 12:40:56] [INFO ] Discord gateway ready {"bot":"Fredrick-bot"}
[2026-04-10 16:09:42] [WARN ] Discord requested reconnect
[2026-04-10 16:09:42] [INFO ] Discord gateway reconnecting…
[2026-04-10 16:09:42] [WARN ] Discord gateway disconnected {"code":1006}
[2026-04-10 16:09:42] [ERROR] Discord WS error {"err":"WebSocket was closed before the connection was established"}
[2026-04-10 16:09:42] [WARN ] Discord gateway disconnected {"code":1006}
[2026-04-10 16:09:42] [ERROR] Uncaught exception {"err":"Cannot read properties of null (reading 'send')","stack":"TypeError: Cannot read properties of null (reading 'send')\n    at Timeout._onTimeout (/Users/Fredrick/.openclaw/workspace-general/openclaw-dashboard/watchers/discordWatcher.js:54:16)\n    at listOnTimeout (node:internal/timers:605:17)\n    at process.processTimers (node:internal/timers:541:7)"}
[2026-04-10 16:09:42] [ERROR] Uncaught exception {"err":"Cannot read properties of null (reading 'send')","stack":"TypeError: Cannot read properties of null (reading 'send')\n    at Timeout._onTimeout (/Users/Fredrick/.openclaw/workspace-general/openclaw-dashboard/watchers/discordWatcher.js:54:16)\n    at listOnTimeout (node:internal/timers:605:17)\n    at process.processTimers (node:internal/timers:541:7)"}
[2026-04-10 16:09:42] [ERROR] Uncaught exception {"err":"Cannot read properties of null (reading 'send')","stack":"TypeError: Cannot read properties of null (reading 'send')\n    at Timeout._onTimeout (/Users/Fredrick/.openclaw/workspace-general/openclaw-dashboard/watchers/discordWatcher.js:54:16)\n    at listOnTimeout (node:internal/timers:605:17)\n    at process.processTimers (node:internal/timers:541:7)"}
[2026-04-10 16:09:42] [ERROR] Uncaught exception {"err":"Cannot read properties of null (reading 'send')","stack":"TypeError: Cannot read properties of null (reading 'send')\n    at Timeout._onTimeout (/Users/Fredrick/.openclaw/workspace-general/openclaw-dashboard/watchers/discordWatcher.js:54:16)\n    at listOnTimeout (node:internal/timers:605:17)\n    at process.processTimers (node:internal/timers:541:7)"}
[2026-04-10 16:09:46] [ERROR] Uncaught exception {"err":"Cannot read properties of null (reading 'send')","stack":"TypeError: Cannot read properties of null (reading 'send')\n    at Timeout._onTimeout (/Users/Fredrick/.openclaw/workspace-general/openclaw-dashboard/watchers/discordWatcher.js:54:16)\n    at listOnTimeout (node:internal/timers:605:17)\n    at process.processTimers (node:internal/timers:541:7)"}
[2026-04-10 16:09:46] [ERROR] Uncaught exception {"err":"Cannot read properties of null (reading 'send')","stack":"TypeError: Cannot read properties of null (reading 'send')\n    at Timeout._onTimeout (/Users/Fredrick/.openclaw/workspace-general/openclaw-dashboard/watchers/discordWatcher.js:54:16)\n    at listOnTimeout (node:internal/timers:605:17)\n    at process.processTimers (node:internal/timers:541:7)"}
[2026-04-10 16:09:46] [ERROR] Uncaught exception {"err":"Cannot read properties of null (reading 'send')","stack":"TypeError: Cannot read properties of null (reading 'send')\n    at Timeout._onTimeout (/Users/Fredrick/.openclaw/workspace-general/openclaw-dashboard/watchers/discordWatcher.js:54:16)\n    at listOnTimeout (node:internal/timers:605:17)\n    at process.processTimers (node:internal/timers:541:7)"}
[2026-04-10 16:09:47] [INFO ] Discord gateway reconnecting…
[2026-04-10 16:09:47] [INFO ] Discord gateway connected
[2026-04-10 16:09:49] [INFO ] Discord gateway ready {"bot":"Fredrick-bot"}
[2026-04-10 16:09:52] [INFO ] Discord gateway reconnecting…
[2026-04-10 16:09:52] [INFO ] Discord gateway connected
[2026-04-10 16:09:53] [INFO ] Discord gateway ready {"bot":"Fredrick-bot"}
[2026-04-10 16:10:49] [WARN ] Discord gateway disconnected {"code":1000}
[2026-04-10 16:10:49] [WARN ] Discord gateway disconnected {"code":1006}
[2026-04-10 16:10:53] [ERROR] Uncaught exception {"err":"Cannot read properties of null (reading 'send')","stack":"TypeError: Cannot read properties of null (reading 'send')\n    at Timeout._onTimeout (/Users/Fredrick/.openclaw/workspace-general/openclaw-dashboard/watchers/discordWatcher.js:54:16)\n    at listOnTimeout (node:internal/timers:605:17)\n    at process.processTimers (node:internal/timers:541:7)"}
[2026-04-10 16:10:54] [ERROR] Uncaught exception {"err":"Cannot read properties of null (reading 'send')","stack":"TypeError: Cannot read properties of null (reading 'send')\n    at Timeout._onTimeout (/Users/Fredrick/.openclaw/workspace-general/openclaw-dashboard/watchers/discordWatcher.js:54:16)\n    at listOnTimeout (node:internal/timers:605:17)\n    at process.processTimers (node:internal/timers:541:7)"}
[2026-04-10 16:10:54] [INFO ] Discord gateway reconnecting…
[2026-04-10 16:10:55] [INFO ] Discord gateway connected
[2026-04-10 16:10:55] [INFO ] Discord gateway ready {"bot":"Fredrick-bot"}
[2026-04-10 16:53:05] [WARN ] Discord gateway disconnected {"code":1006}
[2026-04-10 16:53:06] [ERROR] Uncaught exception {"err":"Cannot read properties of null (reading 'send')","stack":"TypeError: Cannot read properties of null (reading 'send')\n    at Timeout._onTimeout (/Users/Fredrick/.openclaw/workspace-general/openclaw-dashboard/watchers/discordWatcher.js:54:16)\n    at listOnTimeout (node:internal/timers:605:17)\n    at process.processTimers (node:internal/timers:541:7)"}
[2026-04-10 16:53:08] [ERROR] Uncaught exception {"err":"Cannot read properties of null (reading 'send')","stack":"TypeError: Cannot read properties of null (reading 'send')\n    at Timeout._onTimeout (/Users/Fredrick/.openclaw/workspace-general/openclaw-dashboard/watchers/discordWatcher.js:54:16)\n    at listOnTimeout (node:internal/timers:605:17)\n    at process.processTimers (node:internal/timers:541:7)"}
[2026-04-10 16:53:10] [INFO ] Discord gateway reconnecting…
[2026-04-10 16:53:10] [INFO ] Discord gateway connected
[2026-04-10 16:53:11] [INFO ] Discord gateway ready {"bot":"Fredrick-bot"}
[2026-04-10 16:53:12] [WARN ] Discord gateway disconnected {"code":1006}
[2026-04-10 16:53:17] [ERROR] Uncaught exception {"err":"Cannot read properties of null (reading 'send')","stack":"TypeError: Cannot read properties of null (reading 'send')\n    at Timeout._onTimeout (/Users/Fredrick/.openclaw/workspace-general/openclaw-dashboard/watchers/discordWatcher.js:54:16)\n    at listOnTimeout (node:internal/timers:605:17)\n    at process.processTimers (node:internal/timers:541:7)"}
[2026-04-10 16:53:17] [ERROR] Uncaught exception {"err":"Cannot read properties of null (reading 'send')","stack":"TypeError: Cannot read properties of null (reading 'send')\n    at Timeout._onTimeout (/Users/Fredrick/.openclaw/workspace-general/openclaw-dashboard/watchers/discordWatcher.js:54:16)\n    at listOnTimeout (node:internal/timers:605:17)\n    at process.processTimers (node:internal/timers:541:7)"}
[2026-04-10 16:53:17] [ERROR] Uncaught exception {"err":"Cannot read properties of null (reading 'send')","stack":"TypeError: Cannot read properties of null (reading 'send')\n    at Timeout._onTimeout (/Users/Fredrick/.openclaw/workspace-general/openclaw-dashboard/watchers/discordWatcher.js:54:16)\n    at listOnTimeout (node:internal/timers:605:17)\n    at process.processTimers (node:internal/timers:541:7)"}
[2026-04-10 16:53:17] [INFO ] Discord gateway reconnecting…
[2026-04-10 16:53:20] [INFO ] Discord gateway connected
[2026-04-10 16:53:20] [INFO ] Discord gateway ready {"bot":"Fredrick-bot"}
[2026-04-10 18:45:56] [WARN ] Discord requested reconnect
[2026-04-10 18:45:56] [INFO ] Discord gateway reconnecting…
[2026-04-10 18:45:56] [WARN ] Discord gateway disconnected {"code":1006}
[2026-04-10 18:45:56] [ERROR] Discord WS error {"err":"WebSocket was closed before the connection was established"}
[2026-04-10 18:45:56] [WARN ] Discord gateway disconnected {"code":1006}
[2026-04-10 18:45:57] [ERROR] Uncaught exception {"err":"Cannot read properties of null (reading 'send')","stack":"TypeError: Cannot read properties of null (reading 'send')\n    at Timeout._onTimeout (/Users/Fredrick/.openclaw/workspace-general/openclaw-dashboard/watchers/discordWatcher.js:54:16)\n    at listOnTimeout (node:internal/timers:605:17)\n    at process.processTimers (node:internal/timers:541:7)"}
[2026-04-10 18:46:01] [INFO ] Discord gateway reconnecting…
[2026-04-10 18:46:01] [INFO ] Discord gateway connected
[2026-04-10 18:46:01] [INFO ] Discord gateway ready {"bot":"Fredrick-bot"}
[2026-04-10 18:46:06] [INFO ] Discord gateway reconnecting…
[2026-04-10 18:46:06] [INFO ] Discord gateway connected
[2026-04-10 18:46:06] [INFO ] Discord gateway ready {"bot":"Fredrick-bot"}
[2026-04-10 18:47:01] [WARN ] Discord gateway disconnected {"code":1000}
[2026-04-10 18:47:01] [WARN ] Discord gateway disconnected {"code":1006}
[2026-04-10 18:47:05] [ERROR] Uncaught exception {"err":"Cannot read properties of null (reading 'send')","stack":"TypeError: Cannot read properties of null (reading 'send')\n    at Timeout._onTimeout (/Users/Fredrick/.openclaw/workspace-general/openclaw-dashboard/watchers/discordWatcher.js:54:16)\n    at listOnTimeout (node:internal/timers:605:17)\n    at process.processTimers (node:internal/timers:541:7)"}
[2026-04-10 18:47:05] [ERROR] Uncaught exception {"err":"Cannot read properties of null (reading 'send')","stack":"TypeError: Cannot read properties of null (reading 'send')\n    at Timeout._onTimeout (/Users/Fredrick/.openclaw/workspace-general/openclaw-dashboard/watchers/discordWatcher.js:54:16)\n    at listOnTimeout (node:internal/timers:605:17)\n    at process.processTimers (node:internal/timers:541:7)"}
[2026-04-10 18:47:06] [INFO ] Discord gateway reconnecting…
[2026-04-10 18:47:07] [INFO ] Discord gateway connected
[2026-04-10 18:47:07] [INFO ] Discord gateway ready {"bot":"Fredrick-bot"}
[2026-04-10 19:45:12] [EVENT] File changed {"file":"openclaw.json"}
[2026-04-10 19:45:13] [EVENT] Config file changed {"file":"/Users/Fredrick/.openclaw/openclaw.json"}
[2026-04-10 19:45:14] [INFO ] Gateway reload triggered
[2026-04-10 19:45:14] [INFO ] Config change handled ✓
[2026-04-10 19:45:14] [EVENT] File changed {"file":"openclaw.json"}
[2026-04-10 19:45:15] [EVENT] Config file changed {"file":"/Users/Fredrick/.openclaw/openclaw.json"}
[2026-04-10 19:45:16] [INFO ] Gateway reload triggered
[2026-04-10 19:45:16] [INFO ] Config change handled ✓
[2026-04-10 22:46:32] [WARN ] Discord requested reconnect
[2026-04-10 22:46:32] [INFO ] Discord gateway reconnecting…
[2026-04-10 22:46:32] [WARN ] Discord gateway disconnected {"code":1006}
[2026-04-10 22:46:32] [ERROR] Discord WS error {"err":"WebSocket was closed before the connection was established"}
[2026-04-10 22:46:32] [WARN ] Discord gateway disconnected {"code":1006}
[2026-04-10 22:46:34] [ERROR] Uncaught exception {"err":"Cannot read properties of null (reading 'send')","stack":"TypeError: Cannot read properties of null (reading 'send')\n    at Timeout._onTimeout (/Users/Fredrick/.openclaw/workspace-general/openclaw-dashboard/watchers/discordWatcher.js:54:16)\n    at listOnTimeout (node:internal/timers:605:17)\n    at process.processTimers (node:internal/timers:541:7)"}
[2026-04-10 22:46:34] [ERROR] Uncaught exception {"err":"Cannot read properties of null (reading 'send')","stack":"TypeError: Cannot read properties of null (reading 'send')\n    at Timeout._onTimeout (/Users/Fredrick/.openclaw/workspace-general/openclaw-dashboard/watchers/discordWatcher.js:54:16)\n    at listOnTimeout (node:internal/timers:605:17)\n    at process.processTimers (node:internal/timers:541:7)"}
[2026-04-10 22:46:34] [ERROR] Uncaught exception {"err":"Cannot read properties of null (reading 'send')","stack":"TypeError: Cannot read properties of null (reading 'send')\n    at Timeout._onTimeout (/Users/Fredrick/.openclaw/workspace-general/openclaw-dashboard/watchers/discordWatcher.js:54:16)\n    at listOnTimeout (node:internal/timers:605:17)\n    at process.processTimers (node:internal/timers:541:7)"}
[2026-04-10 22:46:34] [ERROR] Uncaught exception {"err":"Cannot read properties of null (reading 'send')","stack":"TypeError: Cannot read properties of null (reading 'send')\n    at Timeout._onTimeout (/Users/Fredrick/.openclaw/workspace-general/openclaw-dashboard/watchers/discordWatcher.js:54:16)\n    at listOnTimeout (node:internal/timers:605:17)\n    at process.processTimers (node:internal/timers:541:7)"}
[2026-04-10 22:46:34] [ERROR] Uncaught exception {"err":"Cannot read properties of null (reading 'send')","stack":"TypeError: Cannot read properties of null (reading 'send')\n    at Timeout._onTimeout (/Users/Fredrick/.openclaw/workspace-general/openclaw-dashboard/watchers/discordWatcher.js:54:16)\n    at listOnTimeout (node:internal/timers:605:17)\n    at process.processTimers (node:internal/timers:541:7)"}
[2026-04-10 22:46:37] [INFO ] Discord gateway reconnecting…
[2026-04-10 22:46:37] [INFO ] Discord gateway connected
[2026-04-10 22:46:38] [INFO ] Discord gateway ready {"bot":"Fredrick-bot"}
[2026-04-10 22:46:42] [INFO ] Discord gateway reconnecting…
[2026-04-10 22:46:42] [INFO ] Discord gateway connected
[2026-04-10 22:46:43] [INFO ] Discord gateway ready {"bot":"Fredrick-bot"}
[2026-04-10 22:47:38] [WARN ] Discord gateway disconnected {"code":1000}
[2026-04-10 22:47:38] [WARN ] Discord gateway disconnected {"code":1006}
[2026-04-10 22:47:42] [ERROR] Uncaught exception {"err":"Cannot read properties of null (reading 'send')","stack":"TypeError: Cannot read properties of null (reading 'send')\n    at Timeout._onTimeout (/Users/Fredrick/.openclaw/workspace-general/openclaw-dashboard/watchers/discordWatcher.js:54:16)\n    at listOnTimeout (node:internal/timers:605:17)\n    at process.processTimers (node:internal/timers:541:7)"}
[2026-04-10 22:47:42] [ERROR] Uncaught exception {"err":"Cannot read properties of null (reading 'send')","stack":"TypeError: Cannot read properties of null (reading 'send')\n    at Timeout._onTimeout (/Users/Fredrick/.openclaw/workspace-general/openclaw-dashboard/watchers/discordWatcher.js:54:16)\n    at listOnTimeout (node:internal/timers:605:17)\n    at process.processTimers (node:internal/timers:541:7)"}
[2026-04-10 22:47:43] [INFO ] Discord gateway reconnecting…
[2026-04-10 22:47:43] [INFO ] Discord gateway connected
[2026-04-10 22:47:43] [INFO ] Discord gateway ready {"bot":"Fredrick-bot"}
[2026-04-10 23:10:04] [WARN ] Discord requested reconnect
[2026-04-10 23:10:04] [INFO ] Discord gateway reconnecting…
[2026-04-10 23:10:04] [WARN ] Discord gateway disconnected {"code":1006}
[2026-04-10 23:10:04] [ERROR] Discord WS error {"err":"WebSocket was closed before the connection was established"}
[2026-04-10 23:10:04] [WARN ] Discord gateway disconnected {"code":1006}
[2026-04-10 23:10:07] [ERROR] Uncaught exception {"err":"Cannot read properties of null (reading 'send')","stack":"TypeError: Cannot read properties of null (reading 'send')\n    at Timeout._onTimeout (/Users/Fredrick/.openclaw/workspace-general/openclaw-dashboard/watchers/discordWatcher.js:54:16)\n    at listOnTimeout (node:internal/timers:605:17)\n    at process.processTimers (node:internal/timers:541:7)"}
[2026-04-10 23:10:07] [ERROR] Uncaught exception {"err":"Cannot read properties of null (reading 'send')","stack":"TypeError: Cannot read properties of null (reading 'send')\n    at Timeout._onTimeout (/Users/Fredrick/.openclaw/workspace-general/openclaw-dashboard/watchers/discordWatcher.js:54:16)\n    at listOnTimeout (node:internal/timers:605:17)\n    at process.processTimers (node:internal/timers:541:7)"}
[2026-04-10 23:10:07] [ERROR] Uncaught exception {"err":"Cannot read properties of null (reading 'send')","stack":"TypeError: Cannot read properties of null (reading 'send')\n    at Timeout._onTimeout (/Users/Fredrick/.openclaw/workspace-general/openclaw-dashboard/watchers/discordWatcher.js:54:16)\n    at listOnTimeout (node:internal/timers:605:17)\n    at process.processTimers (node:internal/timers:541:7)"}
[2026-04-10 23:10:09] [INFO ] Discord gateway reconnecting…
[2026-04-10 23:10:10] [INFO ] Discord gateway connected
[2026-04-10 23:10:12] [INFO ] Discord gateway ready {"bot":"Fredrick-bot"}
[2026-04-10 23:10:14] [INFO ] Discord gateway reconnecting…
[2026-04-10 23:10:14] [INFO ] Discord gateway connected
[2026-04-10 23:10:15] [INFO ] Discord gateway ready {"bot":"Fredrick-bot"}
[2026-04-10 23:11:10] [WARN ] Discord gateway disconnected {"code":1000}
[2026-04-10 23:11:10] [WARN ] Discord gateway disconnected {"code":1006}
[2026-04-10 23:11:15] [ERROR] Uncaught exception {"err":"Cannot read properties of null (reading 'send')","stack":"TypeError: Cannot read properties of null (reading 'send')\n    at Timeout._onTimeout (/Users/Fredrick/.openclaw/workspace-general/openclaw-dashboard/watchers/discordWatcher.js:54:16)\n    at listOnTimeout (node:internal/timers:605:17)\n    at process.processTimers (node:internal/timers:541:7)"}
[2026-04-10 23:11:15] [ERROR] Uncaught exception {"err":"Cannot read properties of null (reading 'send')","stack":"TypeError: Cannot read properties of null (reading 'send')\n    at Timeout._onTimeout (/Users/Fredrick/.openclaw/workspace-general/openclaw-dashboard/watchers/discordWatcher.js:54:16)\n    at listOnTimeout (node:internal/timers:605:17)\n    at process.processTimers (node:internal/timers:541:7)"}
[2026-04-10 23:11:15] [ERROR] Uncaught exception {"err":"Cannot read properties of null (reading 'send')","stack":"TypeError: Cannot read properties of null (reading 'send')\n    at Timeout._onTimeout (/Users/Fredrick/.openclaw/workspace-general/openclaw-dashboard/watchers/discordWatcher.js:54:16)\n    at listOnTimeout (node:internal/timers:605:17)\n    at process.processTimers (node:internal/timers:541:7)"}
[2026-04-10 23:11:15] [ERROR] Uncaught exception {"err":"Cannot read properties of null (reading 'send')","stack":"TypeError: Cannot read properties of null (reading 'send')\n    at Timeout._onTimeout (/Users/Fredrick/.openclaw/workspace-general/openclaw-dashboard/watchers/discordWatcher.js:54:16)\n    at listOnTimeout (node:internal/timers:605:17)\n    at process.processTimers (node:internal/timers:541:7)"}
[2026-04-10 23:11:15] [INFO ] Discord gateway reconnecting…
[2026-04-10 23:11:15] [INFO ] Discord gateway connected
[2026-04-10 23:11:16] [INFO ] Discord gateway ready {"bot":"Fredrick-bot"}
