[2026-04-02 00:05:36] [WARN ] Discord gateway disconnected {"code":1006}
[2026-04-02 00:05:41] [INFO ] Discord gateway reconnecting…
[2026-04-02 00:05:42] [INFO ] Discord gateway connected
[2026-04-02 00:05:43] [INFO ] Discord gateway ready {"bot":"Fredrick-bot"}
[2026-04-02 03:07:05] [WARN ] Discord requested reconnect
[2026-04-02 03:07:05] [INFO ] Discord gateway reconnecting…
[2026-04-02 03:07:05] [WARN ] Discord gateway disconnected {"code":1006}
[2026-04-02 03:07:05] [ERROR] Discord WS error {"err":"WebSocket was closed before the connection was established"}
[2026-04-02 03:07:05] [WARN ] Discord gateway disconnected {"code":1006}
[2026-04-02 03:07:05] [ERROR] Uncaught exception {"err":"Cannot read properties of null (reading 'send')","stack":"TypeError: Cannot read properties of null (reading 'send')\n    at Timeout._onTimeout (/Users/Fredrick/.openclaw/orchestrator/watchers/discordWatcher.js:54:16)\n    at listOnTimeout (node:internal/timers:605:17)\n    at process.processTimers (node:internal/timers:541:7)"}
[2026-04-02 03:07:05] [ERROR] Uncaught exception {"err":"Cannot read properties of null (reading 'send')","stack":"TypeError: Cannot read properties of null (reading 'send')\n    at Timeout._onTimeout (/Users/Fredrick/.openclaw/orchestrator/watchers/discordWatcher.js:54:16)\n    at listOnTimeout (node:internal/timers:605:17)\n    at process.processTimers (node:internal/timers:541:7)"}
[2026-04-02 03:07:10] [INFO ] Discord gateway reconnecting…
[2026-04-02 03:07:11] [INFO ] Discord gateway connected
[2026-04-02 03:07:11] [INFO ] Discord gateway ready {"bot":"Fredrick-bot"}
[2026-04-02 03:07:15] [INFO ] Discord gateway reconnecting…
[2026-04-02 03:07:15] [INFO ] Discord gateway connected
[2026-04-02 03:07:16] [INFO ] Discord gateway ready {"bot":"Fredrick-bot"}
[2026-04-02 03:08:11] [WARN ] Discord gateway disconnected {"code":1000}
[2026-04-02 03:08:11] [WARN ] Discord gateway disconnected {"code":1006}
[2026-04-02 03:08:16] [INFO ] Discord gateway reconnecting…
[2026-04-02 03:08:16] [ERROR] Uncaught exception {"err":"WebSocket is not open: readyState 0 (CONNECTING)","stack":"Error: WebSocket is not open: readyState 0 (CONNECTING)\n    at WebSocket.send (/usr/local/lib/node_modules/openclaw/node_modules/ws/lib/websocket.js:451:13)\n    at Timeout._onTimeout (/Users/Fredrick/.openclaw/orchestrator/watchers/discordWatcher.js:54:16)\n    at listOnTimeout (node:internal/timers:605:17)\n    at process.processTimers (node:internal/timers:541:7)"}
[2026-04-02 03:08:16] [ERROR] Uncaught exception {"err":"WebSocket is not open: readyState 0 (CONNECTING)","stack":"Error: WebSocket is not open: readyState 0 (CONNECTING)\n    at WebSocket.send (/usr/local/lib/node_modules/openclaw/node_modules/ws/lib/websocket.js:451:13)\n    at Timeout._onTimeout (/Users/Fredrick/.openclaw/orchestrator/watchers/discordWatcher.js:54:16)\n    at listOnTimeout (node:internal/timers:605:17)\n    at process.processTimers (node:internal/timers:541:7)"}
[2026-04-02 03:08:16] [ERROR] Uncaught exception {"err":"WebSocket is not open: readyState 0 (CONNECTING)","stack":"Error: WebSocket is not open: readyState 0 (CONNECTING)\n    at WebSocket.send (/usr/local/lib/node_modules/openclaw/node_modules/ws/lib/websocket.js:451:13)\n    at Timeout._onTimeout (/Users/Fredrick/.openclaw/orchestrator/watchers/discordWatcher.js:54:16)\n    at listOnTimeout (node:internal/timers:605:17)\n    at process.processTimers (node:internal/timers:541:7)"}
[2026-04-02 03:08:16] [INFO ] Discord gateway connected
[2026-04-02 03:08:18] [INFO ] Discord gateway ready {"bot":"Fredrick-bot"}
[2026-04-02 04:42:08] [WARN ] Discord requested reconnect
[2026-04-02 04:42:08] [INFO ] Discord gateway reconnecting…
[2026-04-02 04:42:08] [WARN ] Discord gateway disconnected {"code":1006}
[2026-04-02 04:42:08] [ERROR] Discord WS error {"err":"WebSocket was closed before the connection was established"}
[2026-04-02 04:42:08] [WARN ] Discord gateway disconnected {"code":1006}
[2026-04-02 04:42:13] [INFO ] Discord gateway reconnecting…
[2026-04-02 04:42:14] [INFO ] Discord gateway connected
[2026-04-02 04:42:14] [INFO ] Discord gateway ready {"bot":"Fredrick-bot"}
[2026-04-02 04:42:18] [INFO ] Discord gateway reconnecting…
[2026-04-02 04:42:19] [INFO ] Discord gateway connected
[2026-04-02 04:42:19] [INFO ] Discord gateway ready {"bot":"Fredrick-bot"}
[2026-04-02 04:43:14] [WARN ] Discord gateway disconnected {"code":1000}
[2026-04-02 04:43:14] [WARN ] Discord gateway disconnected {"code":1006}
[2026-04-02 04:43:17] [ERROR] Uncaught exception {"err":"Cannot read properties of null (reading 'send')","stack":"TypeError: Cannot read properties of null (reading 'send')\n    at Timeout._onTimeout (/Users/Fredrick/.openclaw/orchestrator/watchers/discordWatcher.js:54:16)\n    at listOnTimeout (node:internal/timers:605:17)\n    at process.processTimers (node:internal/timers:541:7)"}
[2026-04-02 04:43:19] [INFO ] Discord gateway reconnecting…
[2026-04-02 04:43:20] [INFO ] Discord gateway connected
[2026-04-02 04:43:20] [INFO ] Discord gateway ready {"bot":"Fredrick-bot"}
[2026-04-02 06:15:38] [WARN ] Discord requested reconnect
[2026-04-02 06:15:38] [INFO ] Discord gateway reconnecting…
[2026-04-02 06:15:38] [WARN ] Discord gateway disconnected {"code":1006}
[2026-04-02 06:15:38] [ERROR] Discord WS error {"err":"WebSocket was closed before the connection was established"}
[2026-04-02 06:15:38] [WARN ] Discord gateway disconnected {"code":1006}
[2026-04-02 06:15:43] [INFO ] Discord gateway reconnecting…
[2026-04-02 06:15:43] [INFO ] Discord gateway connected
[2026-04-02 06:15:43] [INFO ] Discord gateway ready {"bot":"Fredrick-bot"}
[2026-04-02 06:15:48] [INFO ] Discord gateway reconnecting…
[2026-04-02 06:15:48] [INFO ] Discord gateway connected
[2026-04-02 06:15:49] [INFO ] Discord gateway ready {"bot":"Fredrick-bot"}
[2026-04-02 06:16:44] [WARN ] Discord gateway disconnected {"code":1000}
[2026-04-02 06:16:44] [WARN ] Discord gateway disconnected {"code":1006}
[2026-04-02 06:16:47] [ERROR] Uncaught exception {"err":"Cannot read properties of null (reading 'send')","stack":"TypeError: Cannot read properties of null (reading 'send')\n    at Timeout._onTimeout (/Users/Fredrick/.openclaw/orchestrator/watchers/discordWatcher.js:54:16)\n    at listOnTimeout (node:internal/timers:605:17)\n    at process.processTimers (node:internal/timers:541:7)"}
[2026-04-02 06:16:49] [INFO ] Discord gateway reconnecting…
[2026-04-02 06:16:49] [INFO ] Discord gateway connected
[2026-04-02 06:16:49] [INFO ] Discord gateway ready {"bot":"Fredrick-bot"}
[2026-04-02 07:19:13] [WARN ] Discord gateway disconnected {"code":1006}
[2026-04-02 07:19:13] [ERROR] Uncaught exception {"err":"Cannot read properties of null (reading 'send')","stack":"TypeError: Cannot read properties of null (reading 'send')\n    at Timeout._onTimeout (/Users/Fredrick/.openclaw/orchestrator/watchers/discordWatcher.js:54:16)\n    at listOnTimeout (node:internal/timers:605:17)\n    at process.processTimers (node:internal/timers:541:7)"}
[2026-04-02 07:19:13] [ERROR] Uncaught exception {"err":"Cannot read properties of null (reading 'send')","stack":"TypeError: Cannot read properties of null (reading 'send')\n    at Timeout._onTimeout (/Users/Fredrick/.openclaw/orchestrator/watchers/discordWatcher.js:54:16)\n    at listOnTimeout (node:internal/timers:605:17)\n    at process.processTimers (node:internal/timers:541:7)"}
[2026-04-02 07:19:13] [ERROR] Uncaught exception {"err":"Cannot read properties of null (reading 'send')","stack":"TypeError: Cannot read properties of null (reading 'send')\n    at Timeout._onTimeout (/Users/Fredrick/.openclaw/orchestrator/watchers/discordWatcher.js:54:16)\n    at listOnTimeout (node:internal/timers:605:17)\n    at process.processTimers (node:internal/timers:541:7)"}
[2026-04-02 07:19:17] [ERROR] Uncaught exception {"err":"Cannot read properties of null (reading 'send')","stack":"TypeError: Cannot read properties of null (reading 'send')\n    at Timeout._onTimeout (/Users/Fredrick/.openclaw/orchestrator/watchers/discordWatcher.js:54:16)\n    at listOnTimeout (node:internal/timers:605:17)\n    at process.processTimers (node:internal/timers:541:7)"}
[2026-04-02 07:19:18] [INFO ] Discord gateway reconnecting…
[2026-04-02 07:19:18] [INFO ] Discord gateway connected
[2026-04-02 07:19:19] [INFO ] Discord gateway ready {"bot":"Fredrick-bot"}
[2026-04-02 08:34:36] [WARN ] Discord gateway disconnected {"code":1006}
[2026-04-02 08:34:36] [ERROR] Uncaught exception {"err":"Cannot read properties of null (reading 'send')","stack":"TypeError: Cannot read properties of null (reading 'send')\n    at Timeout._onTimeout (/Users/Fredrick/.openclaw/orchestrator/watchers/discordWatcher.js:54:16)\n    at listOnTimeout (node:internal/timers:605:17)\n    at process.processTimers (node:internal/timers:541:7)"}
[2026-04-02 08:34:37] [ERROR] Uncaught exception {"err":"Cannot read properties of null (reading 'send')","stack":"TypeError: Cannot read properties of null (reading 'send')\n    at Timeout._onTimeout (/Users/Fredrick/.openclaw/orchestrator/watchers/discordWatcher.js:54:16)\n    at listOnTimeout (node:internal/timers:605:17)\n    at process.processTimers (node:internal/timers:541:7)"}
[2026-04-02 08:34:40] [ERROR] Uncaught exception {"err":"Cannot read properties of null (reading 'send')","stack":"TypeError: Cannot read properties of null (reading 'send')\n    at Timeout._onTimeout (/Users/Fredrick/.openclaw/orchestrator/watchers/discordWatcher.js:54:16)\n    at listOnTimeout (node:internal/timers:605:17)\n    at process.processTimers (node:internal/timers:541:7)"}
[2026-04-02 08:34:40] [ERROR] Uncaught exception {"err":"Cannot read properties of null (reading 'send')","stack":"TypeError: Cannot read properties of null (reading 'send')\n    at Timeout._onTimeout (/Users/Fredrick/.openclaw/orchestrator/watchers/discordWatcher.js:54:16)\n    at listOnTimeout (node:internal/timers:605:17)\n    at process.processTimers (node:internal/timers:541:7)"}
[2026-04-02 08:34:40] [ERROR] Uncaught exception {"err":"Cannot read properties of null (reading 'send')","stack":"TypeError: Cannot read properties of null (reading 'send')\n    at Timeout._onTimeout (/Users/Fredrick/.openclaw/orchestrator/watchers/discordWatcher.js:54:16)\n    at listOnTimeout (node:internal/timers:605:17)\n    at process.processTimers (node:internal/timers:541:7)"}
[2026-04-02 08:34:41] [INFO ] Discord gateway reconnecting…
[2026-04-02 08:34:42] [INFO ] Discord gateway connected
[2026-04-02 08:34:42] [INFO ] Discord gateway ready {"bot":"Fredrick-bot"}
[2026-04-02 11:10:15] [WARN ] Discord requested reconnect
[2026-04-02 11:10:15] [INFO ] Discord gateway reconnecting…
[2026-04-02 11:10:15] [WARN ] Discord gateway disconnected {"code":1006}
[2026-04-02 11:10:15] [ERROR] Discord WS error {"err":"WebSocket was closed before the connection was established"}
[2026-04-02 11:10:15] [WARN ] Discord gateway disconnected {"code":1006}
[2026-04-02 11:10:18] [ERROR] Uncaught exception {"err":"Cannot read properties of null (reading 'send')","stack":"TypeError: Cannot read properties of null (reading 'send')\n    at Timeout._onTimeout (/Users/Fredrick/.openclaw/orchestrator/watchers/discordWatcher.js:54:16)\n    at listOnTimeout (node:internal/timers:605:17)\n    at process.processTimers (node:internal/timers:541:7)"}
[2026-04-02 11:10:20] [INFO ] Discord gateway reconnecting…
[2026-04-02 11:10:21] [INFO ] Discord gateway connected
[2026-04-02 11:10:21] [INFO ] Discord gateway ready {"bot":"Fredrick-bot"}
[2026-04-02 11:10:25] [INFO ] Discord gateway reconnecting…
[2026-04-02 11:10:26] [ERROR] Uncaught exception {"err":"WebSocket is not open: readyState 0 (CONNECTING)","stack":"Error: WebSocket is not open: readyState 0 (CONNECTING)\n    at WebSocket.send (/usr/local/lib/node_modules/openclaw/node_modules/ws/lib/websocket.js:451:13)\n    at Timeout._onTimeout (/Users/Fredrick/.openclaw/orchestrator/watchers/discordWatcher.js:54:16)\n    at listOnTimeout (node:internal/timers:605:17)\n    at process.processTimers (node:internal/timers:541:7)"}
[2026-04-02 11:10:26] [ERROR] Uncaught exception {"err":"WebSocket is not open: readyState 0 (CONNECTING)","stack":"Error: WebSocket is not open: readyState 0 (CONNECTING)\n    at WebSocket.send (/usr/local/lib/node_modules/openclaw/node_modules/ws/lib/websocket.js:451:13)\n    at Timeout._onTimeout (/Users/Fredrick/.openclaw/orchestrator/watchers/discordWatcher.js:54:16)\n    at listOnTimeout (node:internal/timers:605:17)\n    at process.processTimers (node:internal/timers:541:7)"}
[2026-04-02 11:10:26] [INFO ] Discord gateway connected
[2026-04-02 11:10:26] [INFO ] Discord gateway ready {"bot":"Fredrick-bot"}
[2026-04-02 11:11:21] [WARN ] Discord gateway disconnected {"code":1000}
[2026-04-02 11:11:21] [WARN ] Discord gateway disconnected {"code":1006}
[2026-04-02 11:11:22] [ERROR] Uncaught exception {"err":"Cannot read properties of null (reading 'send')","stack":"TypeError: Cannot read properties of null (reading 'send')\n    at Timeout._onTimeout (/Users/Fredrick/.openclaw/orchestrator/watchers/discordWatcher.js:54:16)\n    at listOnTimeout (node:internal/timers:605:17)\n    at process.processTimers (node:internal/timers:541:7)"}
[2026-04-02 11:11:22] [ERROR] Uncaught exception {"err":"Cannot read properties of null (reading 'send')","stack":"TypeError: Cannot read properties of null (reading 'send')\n    at Timeout._onTimeout (/Users/Fredrick/.openclaw/orchestrator/watchers/discordWatcher.js:54:16)\n    at listOnTimeout (node:internal/timers:605:17)\n    at process.processTimers (node:internal/timers:541:7)"}
[2026-04-02 11:11:25] [ERROR] Uncaught exception {"err":"Cannot read properties of null (reading 'send')","stack":"TypeError: Cannot read properties of null (reading 'send')\n    at Timeout._onTimeout (/Users/Fredrick/.openclaw/orchestrator/watchers/discordWatcher.js:54:16)\n    at listOnTimeout (node:internal/timers:605:17)\n    at process.processTimers (node:internal/timers:541:7)"}
[2026-04-02 11:11:25] [ERROR] Uncaught exception {"err":"Cannot read properties of null (reading 'send')","stack":"TypeError: Cannot read properties of null (reading 'send')\n    at Timeout._onTimeout (/Users/Fredrick/.openclaw/orchestrator/watchers/discordWatcher.js:54:16)\n    at listOnTimeout (node:internal/timers:605:17)\n    at process.processTimers (node:internal/timers:541:7)"}
[2026-04-02 11:11:26] [ERROR] Uncaught exception {"err":"Cannot read properties of null (reading 'send')","stack":"TypeError: Cannot read properties of null (reading 'send')\n    at Timeout._onTimeout (/Users/Fredrick/.openclaw/orchestrator/watchers/discordWatcher.js:54:16)\n    at listOnTimeout (node:internal/timers:605:17)\n    at process.processTimers (node:internal/timers:541:7)"}
[2026-04-02 11:11:26] [INFO ] Discord gateway reconnecting…
[2026-04-02 11:11:26] [INFO ] Discord gateway connected
[2026-04-02 11:11:27] [INFO ] Discord gateway ready {"bot":"Fredrick-bot"}
[2026-04-02 12:38:15] [WARN ] Discord gateway disconnected {"code":1006}
[2026-04-02 12:38:15] [ERROR] Uncaught exception {"err":"Cannot read properties of null (reading 'send')","stack":"TypeError: Cannot read properties of null (reading 'send')\n    at Timeout._onTimeout (/Users/Fredrick/.openclaw/orchestrator/watchers/discordWatcher.js:54:16)\n    at listOnTimeout (node:internal/timers:605:17)\n    at process.processTimers (node:internal/timers:541:7)"}
[2026-04-02 12:38:15] [ERROR] Uncaught exception {"err":"Cannot read properties of null (reading 'send')","stack":"TypeError: Cannot read properties of null (reading 'send')\n    at Timeout._onTimeout (/Users/Fredrick/.openclaw/orchestrator/watchers/discordWatcher.js:54:16)\n    at listOnTimeout (node:internal/timers:605:17)\n    at process.processTimers (node:internal/timers:541:7)"}
[2026-04-02 12:38:15] [ERROR] Uncaught exception {"err":"Cannot read properties of null (reading 'send')","stack":"TypeError: Cannot read properties of null (reading 'send')\n    at Timeout._onTimeout (/Users/Fredrick/.openclaw/orchestrator/watchers/discordWatcher.js:54:16)\n    at listOnTimeout (node:internal/timers:605:17)\n    at process.processTimers (node:internal/timers:541:7)"}
[2026-04-02 12:38:18] [ERROR] Uncaught exception {"err":"Cannot read properties of null (reading 'send')","stack":"TypeError: Cannot read properties of null (reading 'send')\n    at Timeout._onTimeout (/Users/Fredrick/.openclaw/orchestrator/watchers/discordWatcher.js:54:16)\n    at listOnTimeout (node:internal/timers:605:17)\n    at process.processTimers (node:internal/timers:541:7)"}
[2026-04-02 12:38:20] [INFO ] Discord gateway reconnecting…
[2026-04-02 12:38:20] [INFO ] Discord gateway connected
[2026-04-02 12:38:22] [INFO ] Discord gateway ready {"bot":"Fredrick-bot"}
[2026-04-02 13:11:33] [WARN ] Discord gateway disconnected {"code":1006}
[2026-04-02 13:11:38] [INFO ] Discord gateway reconnecting…
[2026-04-02 13:11:38] [INFO ] Discord gateway connected
[2026-04-02 13:11:39] [INFO ] Discord gateway ready {"bot":"Fredrick-bot"}
[2026-04-02 14:10:49] [WARN ] Discord requested reconnect
[2026-04-02 14:10:49] [INFO ] Discord gateway reconnecting…
[2026-04-02 14:10:49] [WARN ] Discord gateway disconnected {"code":1006}
[2026-04-02 14:10:49] [ERROR] Discord WS error {"err":"WebSocket was closed before the connection was established"}
[2026-04-02 14:10:49] [WARN ] Discord gateway disconnected {"code":1006}
[2026-04-02 14:10:49] [ERROR] Uncaught exception {"err":"Cannot read properties of null (reading 'send')","stack":"TypeError: Cannot read properties of null (reading 'send')\n    at Timeout._onTimeout (/Users/Fredrick/.openclaw/orchestrator/watchers/discordWatcher.js:54:16)\n    at listOnTimeout (node:internal/timers:605:17)\n    at process.processTimers (node:internal/timers:541:7)"}
[2026-04-02 14:10:52] [ERROR] Uncaught exception {"err":"Cannot read properties of null (reading 'send')","stack":"TypeError: Cannot read properties of null (reading 'send')\n    at Timeout._onTimeout (/Users/Fredrick/.openclaw/orchestrator/watchers/discordWatcher.js:54:16)\n    at listOnTimeout (node:internal/timers:605:17)\n    at process.processTimers (node:internal/timers:541:7)"}
[2026-04-02 14:10:52] [ERROR] Uncaught exception {"err":"Cannot read properties of null (reading 'send')","stack":"TypeError: Cannot read properties of null (reading 'send')\n    at Timeout._onTimeout (/Users/Fredrick/.openclaw/orchestrator/watchers/discordWatcher.js:54:16)\n    at listOnTimeout (node:internal/timers:605:17)\n    at process.processTimers (node:internal/timers:541:7)"}
[2026-04-02 14:10:52] [ERROR] Uncaught exception {"err":"Cannot read properties of null (reading 'send')","stack":"TypeError: Cannot read properties of null (reading 'send')\n    at Timeout._onTimeout (/Users/Fredrick/.openclaw/orchestrator/watchers/discordWatcher.js:54:16)\n    at listOnTimeout (node:internal/timers:605:17)\n    at process.processTimers (node:internal/timers:541:7)"}
[2026-04-02 14:10:54] [INFO ] Discord gateway reconnecting…
[2026-04-02 14:10:54] [INFO ] Discord gateway connected
[2026-04-02 14:10:55] [INFO ] Discord gateway ready {"bot":"Fredrick-bot"}
[2026-04-02 14:10:59] [INFO ] Discord gateway reconnecting…
[2026-04-02 14:10:59] [INFO ] Discord gateway connected
[2026-04-02 14:11:00] [INFO ] Discord gateway ready {"bot":"Fredrick-bot"}
[2026-04-02 14:11:55] [WARN ] Discord gateway disconnected {"code":1000}
[2026-04-02 14:11:55] [WARN ] Discord gateway disconnected {"code":1006}
[2026-04-02 14:11:56] [ERROR] Uncaught exception {"err":"Cannot read properties of null (reading 'send')","stack":"TypeError: Cannot read properties of null (reading 'send')\n    at Timeout._onTimeout (/Users/Fredrick/.openclaw/orchestrator/watchers/discordWatcher.js:54:16)\n    at listOnTimeout (node:internal/timers:605:17)\n    at process.processTimers (node:internal/timers:541:7)"}
[2026-04-02 14:11:56] [ERROR] Uncaught exception {"err":"Cannot read properties of null (reading 'send')","stack":"TypeError: Cannot read properties of null (reading 'send')\n    at Timeout._onTimeout (/Users/Fredrick/.openclaw/orchestrator/watchers/discordWatcher.js:54:16)\n    at listOnTimeout (node:internal/timers:605:17)\n    at process.processTimers (node:internal/timers:541:7)"}
[2026-04-02 14:12:00] [INFO ] Discord gateway reconnecting…
[2026-04-02 14:12:00] [INFO ] Discord gateway connected
[2026-04-02 14:12:01] [INFO ] Discord gateway ready {"bot":"Fredrick-bot"}
[2026-04-02 14:59:59] [WARN ] Discord gateway disconnected {"code":1006}
[2026-04-02 15:00:00] [ERROR] Uncaught exception {"err":"Cannot read properties of null (reading 'send')","stack":"TypeError: Cannot read properties of null (reading 'send')\n    at Timeout._onTimeout (/Users/Fredrick/.openclaw/orchestrator/watchers/discordWatcher.js:54:16)\n    at listOnTimeout (node:internal/timers:605:17)\n    at process.processTimers (node:internal/timers:541:7)"}
[2026-04-02 15:00:00] [ERROR] Uncaught exception {"err":"Cannot read properties of null (reading 'send')","stack":"TypeError: Cannot read properties of null (reading 'send')\n    at Timeout._onTimeout (/Users/Fredrick/.openclaw/orchestrator/watchers/discordWatcher.js:54:16)\n    at listOnTimeout (node:internal/timers:605:17)\n    at process.processTimers (node:internal/timers:541:7)"}
[2026-04-02 15:00:04] [ERROR] Uncaught exception {"err":"Cannot read properties of null (reading 'send')","stack":"TypeError: Cannot read properties of null (reading 'send')\n    at Timeout._onTimeout (/Users/Fredrick/.openclaw/orchestrator/watchers/discordWatcher.js:54:16)\n    at listOnTimeout (node:internal/timers:605:17)\n    at process.processTimers (node:internal/timers:541:7)"}
[2026-04-02 15:00:04] [ERROR] Uncaught exception {"err":"Cannot read properties of null (reading 'send')","stack":"TypeError: Cannot read properties of null (reading 'send')\n    at Timeout._onTimeout (/Users/Fredrick/.openclaw/orchestrator/watchers/discordWatcher.js:54:16)\n    at listOnTimeout (node:internal/timers:605:17)\n    at process.processTimers (node:internal/timers:541:7)"}
[2026-04-02 15:00:04] [INFO ] Discord gateway reconnecting…
[2026-04-02 15:00:04] [INFO ] Discord gateway connected
[2026-04-02 15:00:05] [INFO ] Discord gateway ready {"bot":"Fredrick-bot"}
[2026-04-02 15:51:50] [WARN ] Discord requested reconnect
[2026-04-02 15:51:50] [INFO ] Discord gateway reconnecting…
[2026-04-02 15:51:50] [WARN ] Discord gateway disconnected {"code":1006}
[2026-04-02 15:51:50] [ERROR] Discord WS error {"err":"WebSocket was closed before the connection was established"}
[2026-04-02 15:51:50] [WARN ] Discord gateway disconnected {"code":1006}
[2026-04-02 15:51:53] [ERROR] Uncaught exception {"err":"Cannot read properties of null (reading 'send')","stack":"TypeError: Cannot read properties of null (reading 'send')\n    at Timeout._onTimeout (/Users/Fredrick/.openclaw/orchestrator/watchers/discordWatcher.js:54:16)\n    at listOnTimeout (node:internal/timers:605:17)\n    at process.processTimers (node:internal/timers:541:7)"}
[2026-04-02 15:51:53] [ERROR] Uncaught exception {"err":"Cannot read properties of null (reading 'send')","stack":"TypeError: Cannot read properties of null (reading 'send')\n    at Timeout._onTimeout (/Users/Fredrick/.openclaw/orchestrator/watchers/discordWatcher.js:54:16)\n    at listOnTimeout (node:internal/timers:605:17)\n    at process.processTimers (node:internal/timers:541:7)"}
[2026-04-02 15:51:55] [INFO ] Discord gateway reconnecting…
[2026-04-02 15:51:56] [INFO ] Discord gateway connected
[2026-04-02 15:51:56] [INFO ] Discord gateway ready {"bot":"Fredrick-bot"}
[2026-04-02 15:52:00] [INFO ] Discord gateway reconnecting…
[2026-04-02 15:52:00] [ERROR] Uncaught exception {"err":"WebSocket is not open: readyState 0 (CONNECTING)","stack":"Error: WebSocket is not open: readyState 0 (CONNECTING)\n    at WebSocket.send (/usr/local/lib/node_modules/openclaw/node_modules/ws/lib/websocket.js:451:13)\n    at Timeout._onTimeout (/Users/Fredrick/.openclaw/orchestrator/watchers/discordWatcher.js:54:16)\n    at listOnTimeout (node:internal/timers:605:17)\n    at process.processTimers (node:internal/timers:541:7)"}
[2026-04-02 15:52:01] [INFO ] Discord gateway connected
[2026-04-02 15:52:01] [INFO ] Discord gateway ready {"bot":"Fredrick-bot"}
[2026-04-02 15:52:56] [WARN ] Discord gateway disconnected {"code":1000}
[2026-04-02 15:52:56] [WARN ] Discord gateway disconnected {"code":1006}
[2026-04-02 15:52:56] [ERROR] Uncaught exception {"err":"Cannot read properties of null (reading 'send')","stack":"TypeError: Cannot read properties of null (reading 'send')\n    at Timeout._onTimeout (/Users/Fredrick/.openclaw/orchestrator/watchers/discordWatcher.js:54:16)\n    at listOnTimeout (node:internal/timers:605:17)\n    at process.processTimers (node:internal/timers:541:7)"}
[2026-04-02 15:52:57] [ERROR] Uncaught exception {"err":"Cannot read properties of null (reading 'send')","stack":"TypeError: Cannot read properties of null (reading 'send')\n    at Timeout._onTimeout (/Users/Fredrick/.openclaw/orchestrator/watchers/discordWatcher.js:54:16)\n    at listOnTimeout (node:internal/timers:605:17)\n    at process.processTimers (node:internal/timers:541:7)"}
[2026-04-02 15:53:00] [ERROR] Uncaught exception {"err":"Cannot read properties of null (reading 'send')","stack":"TypeError: Cannot read properties of null (reading 'send')\n    at Timeout._onTimeout (/Users/Fredrick/.openclaw/orchestrator/watchers/discordWatcher.js:54:16)\n    at listOnTimeout (node:internal/timers:605:17)\n    at process.processTimers (node:internal/timers:541:7)"}
[2026-04-02 15:53:00] [ERROR] Uncaught exception {"err":"Cannot read properties of null (reading 'send')","stack":"TypeError: Cannot read properties of null (reading 'send')\n    at Timeout._onTimeout (/Users/Fredrick/.openclaw/orchestrator/watchers/discordWatcher.js:54:16)\n    at listOnTimeout (node:internal/timers:605:17)\n    at process.processTimers (node:internal/timers:541:7)"}
[2026-04-02 15:53:01] [INFO ] Discord gateway reconnecting…
[2026-04-02 15:53:02] [INFO ] Discord gateway connected
[2026-04-02 15:53:02] [INFO ] Discord gateway ready {"bot":"Fredrick-bot"}
[2026-04-02 16:07:33] [WARN ] Discord gateway disconnected {"code":1006}
[2026-04-02 16:07:38] [INFO ] Discord gateway reconnecting…
[2026-04-02 16:07:39] [INFO ] Discord gateway connected
[2026-04-02 16:07:39] [INFO ] Discord gateway ready {"bot":"Fredrick-bot"}
[2026-04-02 16:13:37] [WARN ] Discord gateway disconnected {"code":1006}
[2026-04-02 16:13:38] [ERROR] Uncaught exception {"err":"Cannot read properties of null (reading 'send')","stack":"TypeError: Cannot read properties of null (reading 'send')\n    at Timeout._onTimeout (/Users/Fredrick/.openclaw/orchestrator/watchers/discordWatcher.js:54:16)\n    at listOnTimeout (node:internal/timers:605:17)\n    at process.processTimers (node:internal/timers:541:7)"}
[2026-04-02 16:13:38] [ERROR] Uncaught exception {"err":"Cannot read properties of null (reading 'send')","stack":"TypeError: Cannot read properties of null (reading 'send')\n    at Timeout._onTimeout (/Users/Fredrick/.openclaw/orchestrator/watchers/discordWatcher.js:54:16)\n    at listOnTimeout (node:internal/timers:605:17)\n    at process.processTimers (node:internal/timers:541:7)"}
[2026-04-02 16:13:42] [INFO ] Discord gateway reconnecting…
[2026-04-02 16:13:43] [INFO ] Discord gateway connected
[2026-04-02 16:13:43] [INFO ] Discord gateway ready {"bot":"Fredrick-bot"}
[2026-04-02 17:04:30] [WARN ] Discord gateway disconnected {"code":1001}
[2026-04-02 17:04:35] [INFO ] Discord gateway reconnecting…
[2026-04-02 17:04:35] [ERROR] Uncaught exception {"err":"WebSocket is not open: readyState 0 (CONNECTING)","stack":"Error: WebSocket is not open: readyState 0 (CONNECTING)\n    at WebSocket.send (/usr/local/lib/node_modules/openclaw/node_modules/ws/lib/websocket.js:451:13)\n    at Timeout._onTimeout (/Users/Fredrick/.openclaw/orchestrator/watchers/discordWatcher.js:54:16)\n    at listOnTimeout (node:internal/timers:605:17)\n    at process.processTimers (node:internal/timers:541:7)"}
[2026-04-02 17:04:36] [INFO ] Discord gateway connected
[2026-04-02 17:04:36] [INFO ] Discord gateway ready {"bot":"Fredrick-bot"}
[2026-04-02 18:43:58] [WARN ] Discord requested reconnect
[2026-04-02 18:43:58] [INFO ] Discord gateway reconnecting…
[2026-04-02 18:43:58] [WARN ] Discord gateway disconnected {"code":1006}
[2026-04-02 18:43:58] [ERROR] Discord WS error {"err":"WebSocket was closed before the connection was established"}
[2026-04-02 18:43:58] [WARN ] Discord gateway disconnected {"code":1006}
[2026-04-02 18:44:02] [ERROR] Uncaught exception {"err":"Cannot read properties of null (reading 'send')","stack":"TypeError: Cannot read properties of null (reading 'send')\n    at Timeout._onTimeout (/Users/Fredrick/.openclaw/orchestrator/watchers/discordWatcher.js:54:16)\n    at listOnTimeout (node:internal/timers:605:17)\n    at process.processTimers (node:internal/timers:541:7)"}
[2026-04-02 18:44:02] [ERROR] Uncaught exception {"err":"Cannot read properties of null (reading 'send')","stack":"TypeError: Cannot read properties of null (reading 'send')\n    at Timeout._onTimeout (/Users/Fredrick/.openclaw/orchestrator/watchers/discordWatcher.js:54:16)\n    at listOnTimeout (node:internal/timers:605:17)\n    at process.processTimers (node:internal/timers:541:7)"}
[2026-04-02 18:44:02] [ERROR] Uncaught exception {"err":"Cannot read properties of null (reading 'send')","stack":"TypeError: Cannot read properties of null (reading 'send')\n    at Timeout._onTimeout (/Users/Fredrick/.openclaw/orchestrator/watchers/discordWatcher.js:54:16)\n    at listOnTimeout (node:internal/timers:605:17)\n    at process.processTimers (node:internal/timers:541:7)"}
[2026-04-02 18:44:03] [INFO ] Discord gateway reconnecting…
[2026-04-02 18:44:04] [INFO ] Discord gateway connected
[2026-04-02 18:44:04] [INFO ] Discord gateway ready {"bot":"Fredrick-bot"}
[2026-04-02 18:44:08] [INFO ] Discord gateway reconnecting…
[2026-04-02 18:44:09] [INFO ] Discord gateway connected
[2026-04-02 18:44:10] [INFO ] Discord gateway ready {"bot":"Fredrick-bot"}
[2026-04-02 18:45:04] [WARN ] Discord gateway disconnected {"code":1000}
[2026-04-02 18:45:04] [WARN ] Discord gateway disconnected {"code":1006}
[2026-04-02 18:45:08] [ERROR] Uncaught exception {"err":"Cannot read properties of null (reading 'send')","stack":"TypeError: Cannot read properties of null (reading 'send')\n    at Timeout._onTimeout (/Users/Fredrick/.openclaw/orchestrator/watchers/discordWatcher.js:54:16)\n    at listOnTimeout (node:internal/timers:605:17)\n    at process.processTimers (node:internal/timers:541:7)"}
[2026-04-02 18:45:09] [ERROR] Uncaught exception {"err":"Cannot read properties of null (reading 'send')","stack":"TypeError: Cannot read properties of null (reading 'send')\n    at Timeout._onTimeout (/Users/Fredrick/.openclaw/orchestrator/watchers/discordWatcher.js:54:16)\n    at listOnTimeout (node:internal/timers:605:17)\n    at process.processTimers (node:internal/timers:541:7)"}
[2026-04-02 18:45:09] [INFO ] Discord gateway reconnecting…
[2026-04-02 18:45:09] [INFO ] Discord gateway connected
[2026-04-02 18:45:10] [INFO ] Discord gateway ready {"bot":"Fredrick-bot"}
[2026-04-02 20:13:57] [WARN ] Discord requested reconnect
[2026-04-02 20:13:57] [INFO ] Discord gateway reconnecting…
[2026-04-02 20:13:57] [WARN ] Discord gateway disconnected {"code":1006}
[2026-04-02 20:13:57] [ERROR] Discord WS error {"err":"WebSocket was closed before the connection was established"}
[2026-04-02 20:13:57] [WARN ] Discord gateway disconnected {"code":1006}
[2026-04-02 20:13:57] [ERROR] Uncaught exception {"err":"Cannot read properties of null (reading 'send')","stack":"TypeError: Cannot read properties of null (reading 'send')\n    at Timeout._onTimeout (/Users/Fredrick/.openclaw/orchestrator/watchers/discordWatcher.js:54:16)\n    at listOnTimeout (node:internal/timers:605:17)\n    at process.processTimers (node:internal/timers:541:7)"}
[2026-04-02 20:13:57] [ERROR] Uncaught exception {"err":"Cannot read properties of null (reading 'send')","stack":"TypeError: Cannot read properties of null (reading 'send')\n    at Timeout._onTimeout (/Users/Fredrick/.openclaw/orchestrator/watchers/discordWatcher.js:54:16)\n    at listOnTimeout (node:internal/timers:605:17)\n    at process.processTimers (node:internal/timers:541:7)"}
[2026-04-02 20:14:02] [INFO ] Discord gateway reconnecting…
[2026-04-02 20:14:02] [INFO ] Discord gateway connected
[2026-04-02 20:14:05] [INFO ] Discord gateway ready {"bot":"Fredrick-bot"}
[2026-04-02 20:14:07] [INFO ] Discord gateway reconnecting…
[2026-04-02 20:14:09] [INFO ] Discord gateway connected
[2026-04-02 20:14:09] [INFO ] Discord gateway ready {"bot":"Fredrick-bot"}
[2026-04-02 20:15:03] [WARN ] Discord gateway disconnected {"code":1000}
[2026-04-02 20:15:03] [WARN ] Discord gateway disconnected {"code":1006}
[2026-04-02 20:15:08] [INFO ] Discord gateway reconnecting…
[2026-04-02 20:15:09] [INFO ] Discord gateway connected
[2026-04-02 20:15:09] [INFO ] Discord gateway ready {"bot":"Fredrick-bot"}
[2026-04-02 22:53:16] [WARN ] Discord requested reconnect
[2026-04-02 22:53:16] [INFO ] Discord gateway reconnecting…
[2026-04-02 22:53:16] [WARN ] Discord gateway disconnected {"code":1006}
[2026-04-02 22:53:16] [ERROR] Discord WS error {"err":"WebSocket was closed before the connection was established"}
[2026-04-02 22:53:16] [WARN ] Discord gateway disconnected {"code":1006}
[2026-04-02 22:53:20] [ERROR] Uncaught exception {"err":"Cannot read properties of null (reading 'send')","stack":"TypeError: Cannot read properties of null (reading 'send')\n    at Timeout._onTimeout (/Users/Fredrick/.openclaw/orchestrator/watchers/discordWatcher.js:54:16)\n    at listOnTimeout (node:internal/timers:605:17)\n    at process.processTimers (node:internal/timers:541:7)"}
[2026-04-02 22:53:20] [ERROR] Uncaught exception {"err":"Cannot read properties of null (reading 'send')","stack":"TypeError: Cannot read properties of null (reading 'send')\n    at Timeout._onTimeout (/Users/Fredrick/.openclaw/orchestrator/watchers/discordWatcher.js:54:16)\n    at listOnTimeout (node:internal/timers:605:17)\n    at process.processTimers (node:internal/timers:541:7)"}
[2026-04-02 22:53:21] [INFO ] Discord gateway reconnecting…
[2026-04-02 22:53:22] [INFO ] Discord gateway connected
[2026-04-02 22:53:22] [INFO ] Discord gateway ready {"bot":"Fredrick-bot"}
[2026-04-02 22:53:26] [INFO ] Discord gateway reconnecting…
[2026-04-02 22:53:27] [INFO ] Discord gateway connected
[2026-04-02 22:53:27] [INFO ] Discord gateway ready {"bot":"Fredrick-bot"}
[2026-04-02 22:54:22] [WARN ] Discord gateway disconnected {"code":1000}
[2026-04-02 22:54:22] [WARN ] Discord gateway disconnected {"code":1006}
[2026-04-02 22:54:24] [ERROR] Uncaught exception {"err":"Cannot read properties of null (reading 'send')","stack":"TypeError: Cannot read properties of null (reading 'send')\n    at Timeout._onTimeout (/Users/Fredrick/.openclaw/orchestrator/watchers/discordWatcher.js:54:16)\n    at listOnTimeout (node:internal/timers:605:17)\n    at process.processTimers (node:internal/timers:541:7)"}
[2026-04-02 22:54:24] [ERROR] Uncaught exception {"err":"Cannot read properties of null (reading 'send')","stack":"TypeError: Cannot read properties of null (reading 'send')\n    at Timeout._onTimeout (/Users/Fredrick/.openclaw/orchestrator/watchers/discordWatcher.js:54:16)\n    at listOnTimeout (node:internal/timers:605:17)\n    at process.processTimers (node:internal/timers:541:7)"}
[2026-04-02 22:54:27] [INFO ] Discord gateway reconnecting…
[2026-04-02 22:54:27] [INFO ] Discord gateway connected
[2026-04-02 22:54:28] [INFO ] Discord gateway ready {"bot":"Fredrick-bot"}
[2026-04-02 23:39:55] [WARN ] Discord gateway disconnected {"code":1006}
[2026-04-02 23:39:55] [ERROR] Uncaught exception {"err":"Cannot read properties of null (reading 'send')","stack":"TypeError: Cannot read properties of null (reading 'send')\n    at Timeout._onTimeout (/Users/Fredrick/.openclaw/orchestrator/watchers/discordWatcher.js:54:16)\n    at listOnTimeout (node:internal/timers:605:17)\n    at process.processTimers (node:internal/timers:541:7)"}
[2026-04-02 23:40:00] [INFO ] Discord gateway reconnecting…
[2026-04-02 23:40:00] [INFO ] Discord gateway connected
[2026-04-02 23:40:01] [INFO ] Discord gateway ready {"bot":"Fredrick-bot"}
