[2026-04-11 00:28:24] [WARN ] Discord gateway disconnected {"code":1006}
[2026-04-11 00:28:26] [ERROR] Uncaught exception {"err":"Cannot read properties of null (reading 'send')","stack":"TypeError: Cannot read properties of null (reading 'send')\n    at Timeout._onTimeout (/Users/Fredrick/.openclaw/workspace-general/openclaw-dashboard/watchers/discordWatcher.js:54:16)\n    at listOnTimeout (node:internal/timers:605:17)\n    at process.processTimers (node:internal/timers:541:7)"}
[2026-04-11 00:28:26] [ERROR] Uncaught exception {"err":"Cannot read properties of null (reading 'send')","stack":"TypeError: Cannot read properties of null (reading 'send')\n    at Timeout._onTimeout (/Users/Fredrick/.openclaw/workspace-general/openclaw-dashboard/watchers/discordWatcher.js:54:16)\n    at listOnTimeout (node:internal/timers:605:17)\n    at process.processTimers (node:internal/timers:541:7)"}
[2026-04-11 00:28:29] [INFO ] Discord gateway reconnecting…
[2026-04-11 00:28:30] [INFO ] Discord gateway connected
[2026-04-11 00:28:30] [INFO ] Discord gateway ready {"bot":"Fredrick-bot"}
[2026-04-11 03:09:46] [WARN ] Discord requested reconnect
[2026-04-11 03:09:46] [INFO ] Discord gateway reconnecting…
[2026-04-11 03:09:46] [WARN ] Discord gateway disconnected {"code":1006}
[2026-04-11 03:09:46] [ERROR] Discord WS error {"err":"WebSocket was closed before the connection was established"}
[2026-04-11 03:09:46] [WARN ] Discord gateway disconnected {"code":1006}
[2026-04-11 03:09:49] [ERROR] Uncaught exception {"err":"Cannot read properties of null (reading 'send')","stack":"TypeError: Cannot read properties of null (reading 'send')\n    at Timeout._onTimeout (/Users/Fredrick/.openclaw/workspace-general/openclaw-dashboard/watchers/discordWatcher.js:54:16)\n    at listOnTimeout (node:internal/timers:605:17)\n    at process.processTimers (node:internal/timers:541:7)"}
[2026-04-11 03:09:49] [ERROR] Uncaught exception {"err":"Cannot read properties of null (reading 'send')","stack":"TypeError: Cannot read properties of null (reading 'send')\n    at Timeout._onTimeout (/Users/Fredrick/.openclaw/workspace-general/openclaw-dashboard/watchers/discordWatcher.js:54:16)\n    at listOnTimeout (node:internal/timers:605:17)\n    at process.processTimers (node:internal/timers:541:7)"}
[2026-04-11 03:09:49] [ERROR] Uncaught exception {"err":"Cannot read properties of null (reading 'send')","stack":"TypeError: Cannot read properties of null (reading 'send')\n    at Timeout._onTimeout (/Users/Fredrick/.openclaw/workspace-general/openclaw-dashboard/watchers/discordWatcher.js:54:16)\n    at listOnTimeout (node:internal/timers:605:17)\n    at process.processTimers (node:internal/timers:541:7)"}
[2026-04-11 03:09:49] [ERROR] Uncaught exception {"err":"Cannot read properties of null (reading 'send')","stack":"TypeError: Cannot read properties of null (reading 'send')\n    at Timeout._onTimeout (/Users/Fredrick/.openclaw/workspace-general/openclaw-dashboard/watchers/discordWatcher.js:54:16)\n    at listOnTimeout (node:internal/timers:605:17)\n    at process.processTimers (node:internal/timers:541:7)"}
[2026-04-11 03:09:53] [INFO ] Discord gateway reconnecting…
[2026-04-11 03:09:53] [ERROR] Uncaught exception {"err":"WebSocket is not open: readyState 0 (CONNECTING)","stack":"Error: WebSocket is not open: readyState 0 (CONNECTING)\n    at WebSocket.send (/usr/local/lib/node_modules/openclaw/node_modules/ws/lib/websocket.js:451:13)\n    at Timeout._onTimeout (/Users/Fredrick/.openclaw/workspace-general/openclaw-dashboard/watchers/discordWatcher.js:54:16)\n    at listOnTimeout (node:internal/timers:605:17)\n    at process.processTimers (node:internal/timers:541:7)"}
[2026-04-11 03:09:53] [ERROR] Uncaught exception {"err":"WebSocket is not open: readyState 0 (CONNECTING)","stack":"Error: WebSocket is not open: readyState 0 (CONNECTING)\n    at WebSocket.send (/usr/local/lib/node_modules/openclaw/node_modules/ws/lib/websocket.js:451:13)\n    at Timeout._onTimeout (/Users/Fredrick/.openclaw/workspace-general/openclaw-dashboard/watchers/discordWatcher.js:54:16)\n    at listOnTimeout (node:internal/timers:605:17)\n    at process.processTimers (node:internal/timers:541:7)"}
[2026-04-11 03:09:53] [ERROR] Uncaught exception {"err":"WebSocket is not open: readyState 0 (CONNECTING)","stack":"Error: WebSocket is not open: readyState 0 (CONNECTING)\n    at WebSocket.send (/usr/local/lib/node_modules/openclaw/node_modules/ws/lib/websocket.js:451:13)\n    at Timeout._onTimeout (/Users/Fredrick/.openclaw/workspace-general/openclaw-dashboard/watchers/discordWatcher.js:54:16)\n    at listOnTimeout (node:internal/timers:605:17)\n    at process.processTimers (node:internal/timers:541:7)"}
[2026-04-11 03:09:53] [ERROR] Uncaught exception {"err":"WebSocket is not open: readyState 0 (CONNECTING)","stack":"Error: WebSocket is not open: readyState 0 (CONNECTING)\n    at WebSocket.send (/usr/local/lib/node_modules/openclaw/node_modules/ws/lib/websocket.js:451:13)\n    at Timeout._onTimeout (/Users/Fredrick/.openclaw/workspace-general/openclaw-dashboard/watchers/discordWatcher.js:54:16)\n    at listOnTimeout (node:internal/timers:605:17)\n    at process.processTimers (node:internal/timers:541:7)"}
[2026-04-11 03:09:53] [ERROR] Uncaught exception {"err":"WebSocket is not open: readyState 0 (CONNECTING)","stack":"Error: WebSocket is not open: readyState 0 (CONNECTING)\n    at WebSocket.send (/usr/local/lib/node_modules/openclaw/node_modules/ws/lib/websocket.js:451:13)\n    at Timeout._onTimeout (/Users/Fredrick/.openclaw/workspace-general/openclaw-dashboard/watchers/discordWatcher.js:54:16)\n    at listOnTimeout (node:internal/timers:605:17)\n    at process.processTimers (node:internal/timers:541:7)"}
[2026-04-11 03:09:53] [INFO ] Discord gateway connected
[2026-04-11 03:09:54] [INFO ] Discord gateway ready {"bot":"Fredrick-bot"}
[2026-04-11 03:09:56] [INFO ] Discord gateway reconnecting…
[2026-04-11 03:09:57] [INFO ] Discord gateway connected
[2026-04-11 03:09:57] [INFO ] Discord gateway ready {"bot":"Fredrick-bot"}
[2026-04-11 03:10:54] [WARN ] Discord gateway disconnected {"code":1000}
[2026-04-11 03:10:54] [WARN ] Discord gateway disconnected {"code":1006}
[2026-04-11 03:10:57] [ERROR] Uncaught exception {"err":"Cannot read properties of null (reading 'send')","stack":"TypeError: Cannot read properties of null (reading 'send')\n    at Timeout._onTimeout (/Users/Fredrick/.openclaw/workspace-general/openclaw-dashboard/watchers/discordWatcher.js:54:16)\n    at listOnTimeout (node:internal/timers:605:17)\n    at process.processTimers (node:internal/timers:541:7)"}
[2026-04-11 03:10:57] [ERROR] Uncaught exception {"err":"Cannot read properties of null (reading 'send')","stack":"TypeError: Cannot read properties of null (reading 'send')\n    at Timeout._onTimeout (/Users/Fredrick/.openclaw/workspace-general/openclaw-dashboard/watchers/discordWatcher.js:54:16)\n    at listOnTimeout (node:internal/timers:605:17)\n    at process.processTimers (node:internal/timers:541:7)"}
[2026-04-11 03:10:57] [ERROR] Uncaught exception {"err":"Cannot read properties of null (reading 'send')","stack":"TypeError: Cannot read properties of null (reading 'send')\n    at Timeout._onTimeout (/Users/Fredrick/.openclaw/workspace-general/openclaw-dashboard/watchers/discordWatcher.js:54:16)\n    at listOnTimeout (node:internal/timers:605:17)\n    at process.processTimers (node:internal/timers:541:7)"}
[2026-04-11 03:10:57] [ERROR] Uncaught exception {"err":"Cannot read properties of null (reading 'send')","stack":"TypeError: Cannot read properties of null (reading 'send')\n    at Timeout._onTimeout (/Users/Fredrick/.openclaw/workspace-general/openclaw-dashboard/watchers/discordWatcher.js:54:16)\n    at listOnTimeout (node:internal/timers:605:17)\n    at process.processTimers (node:internal/timers:541:7)"}
[2026-04-11 03:10:57] [ERROR] Uncaught exception {"err":"Cannot read properties of null (reading 'send')","stack":"TypeError: Cannot read properties of null (reading 'send')\n    at Timeout._onTimeout (/Users/Fredrick/.openclaw/workspace-general/openclaw-dashboard/watchers/discordWatcher.js:54:16)\n    at listOnTimeout (node:internal/timers:605:17)\n    at process.processTimers (node:internal/timers:541:7)"}
[2026-04-11 03:10:59] [INFO ] Discord gateway reconnecting…
[2026-04-11 03:10:59] [INFO ] Discord gateway connected
[2026-04-11 03:10:59] [INFO ] Discord gateway ready {"bot":"Fredrick-bot"}
[2026-04-11 06:07:20] [WARN ] Discord requested reconnect
[2026-04-11 06:07:20] [INFO ] Discord gateway reconnecting…
[2026-04-11 06:07:20] [WARN ] Discord gateway disconnected {"code":1006}
[2026-04-11 06:07:20] [ERROR] Discord WS error {"err":"WebSocket was closed before the connection was established"}
[2026-04-11 06:07:20] [WARN ] Discord gateway disconnected {"code":1006}
[2026-04-11 06:07:24] [ERROR] Uncaught exception {"err":"Cannot read properties of null (reading 'send')","stack":"TypeError: Cannot read properties of null (reading 'send')\n    at Timeout._onTimeout (/Users/Fredrick/.openclaw/workspace-general/openclaw-dashboard/watchers/discordWatcher.js:54:16)\n    at listOnTimeout (node:internal/timers:605:17)\n    at process.processTimers (node:internal/timers:541:7)"}
[2026-04-11 06:07:24] [ERROR] Uncaught exception {"err":"Cannot read properties of null (reading 'send')","stack":"TypeError: Cannot read properties of null (reading 'send')\n    at Timeout._onTimeout (/Users/Fredrick/.openclaw/workspace-general/openclaw-dashboard/watchers/discordWatcher.js:54:16)\n    at listOnTimeout (node:internal/timers:605:17)\n    at process.processTimers (node:internal/timers:541:7)"}
[2026-04-11 06:07:25] [INFO ] Discord gateway reconnecting…
[2026-04-11 06:07:25] [INFO ] Discord gateway connected
[2026-04-11 06:07:26] [INFO ] Discord gateway ready {"bot":"Fredrick-bot"}
[2026-04-11 06:07:30] [INFO ] Discord gateway reconnecting…
[2026-04-11 06:07:30] [INFO ] Discord gateway connected
[2026-04-11 06:07:31] [INFO ] Discord gateway ready {"bot":"Fredrick-bot"}
[2026-04-11 06:08:26] [WARN ] Discord gateway disconnected {"code":1000}
[2026-04-11 06:08:26] [WARN ] Discord gateway disconnected {"code":1006}
[2026-04-11 06:08:28] [ERROR] Uncaught exception {"err":"Cannot read properties of null (reading 'send')","stack":"TypeError: Cannot read properties of null (reading 'send')\n    at Timeout._onTimeout (/Users/Fredrick/.openclaw/workspace-general/openclaw-dashboard/watchers/discordWatcher.js:54:16)\n    at listOnTimeout (node:internal/timers:605:17)\n    at process.processTimers (node:internal/timers:541:7)"}
[2026-04-11 06:08:28] [ERROR] Uncaught exception {"err":"Cannot read properties of null (reading 'send')","stack":"TypeError: Cannot read properties of null (reading 'send')\n    at Timeout._onTimeout (/Users/Fredrick/.openclaw/workspace-general/openclaw-dashboard/watchers/discordWatcher.js:54:16)\n    at listOnTimeout (node:internal/timers:605:17)\n    at process.processTimers (node:internal/timers:541:7)"}
[2026-04-11 06:08:31] [INFO ] Discord gateway reconnecting…
[2026-04-11 06:08:31] [INFO ] Discord gateway connected
[2026-04-11 06:08:31] [INFO ] Discord gateway ready {"bot":"Fredrick-bot"}
[2026-04-11 07:44:15] [WARN ] Discord requested reconnect
[2026-04-11 07:44:15] [INFO ] Discord gateway reconnecting…
[2026-04-11 07:44:15] [WARN ] Discord gateway disconnected {"code":1006}
[2026-04-11 07:44:15] [ERROR] Discord WS error {"err":"WebSocket was closed before the connection was established"}
[2026-04-11 07:44:15] [WARN ] Discord gateway disconnected {"code":1006}
[2026-04-11 07:44:17] [ERROR] Uncaught exception {"err":"Cannot read properties of null (reading 'send')","stack":"TypeError: Cannot read properties of null (reading 'send')\n    at Timeout._onTimeout (/Users/Fredrick/.openclaw/workspace-general/openclaw-dashboard/watchers/discordWatcher.js:54:16)\n    at listOnTimeout (node:internal/timers:605:17)\n    at process.processTimers (node:internal/timers:541:7)"}
[2026-04-11 07:44:20] [INFO ] Discord gateway reconnecting…
[2026-04-11 07:44:20] [INFO ] Discord gateway connected
[2026-04-11 07:44:21] [INFO ] Discord gateway ready {"bot":"Fredrick-bot"}
[2026-04-11 07:44:25] [INFO ] Discord gateway reconnecting…
[2026-04-11 07:44:25] [INFO ] Discord gateway connected
[2026-04-11 07:44:26] [INFO ] Discord gateway ready {"bot":"Fredrick-bot"}
[2026-04-11 07:45:20] [WARN ] Discord gateway disconnected {"code":1000}
[2026-04-11 07:45:20] [WARN ] Discord gateway disconnected {"code":1006}
[2026-04-11 07:45:21] [ERROR] Uncaught exception {"err":"Cannot read properties of null (reading 'send')","stack":"TypeError: Cannot read properties of null (reading 'send')\n    at Timeout._onTimeout (/Users/Fredrick/.openclaw/workspace-general/openclaw-dashboard/watchers/discordWatcher.js:54:16)\n    at listOnTimeout (node:internal/timers:605:17)\n    at process.processTimers (node:internal/timers:541:7)"}
[2026-04-11 07:45:21] [ERROR] Uncaught exception {"err":"Cannot read properties of null (reading 'send')","stack":"TypeError: Cannot read properties of null (reading 'send')\n    at Timeout._onTimeout (/Users/Fredrick/.openclaw/workspace-general/openclaw-dashboard/watchers/discordWatcher.js:54:16)\n    at listOnTimeout (node:internal/timers:605:17)\n    at process.processTimers (node:internal/timers:541:7)"}
[2026-04-11 07:45:24] [ERROR] Uncaught exception {"err":"Cannot read properties of null (reading 'send')","stack":"TypeError: Cannot read properties of null (reading 'send')\n    at Timeout._onTimeout (/Users/Fredrick/.openclaw/workspace-general/openclaw-dashboard/watchers/discordWatcher.js:54:16)\n    at listOnTimeout (node:internal/timers:605:17)\n    at process.processTimers (node:internal/timers:541:7)"}
[2026-04-11 07:45:24] [ERROR] Uncaught exception {"err":"Cannot read properties of null (reading 'send')","stack":"TypeError: Cannot read properties of null (reading 'send')\n    at Timeout._onTimeout (/Users/Fredrick/.openclaw/workspace-general/openclaw-dashboard/watchers/discordWatcher.js:54:16)\n    at listOnTimeout (node:internal/timers:605:17)\n    at process.processTimers (node:internal/timers:541:7)"}
[2026-04-11 07:45:25] [INFO ] Discord gateway reconnecting…
[2026-04-11 07:45:26] [INFO ] Discord gateway connected
[2026-04-11 07:45:26] [INFO ] Discord gateway ready {"bot":"Fredrick-bot"}
[2026-04-11 08:24:30] [WARN ] Discord requested reconnect
[2026-04-11 08:24:30] [INFO ] Discord gateway reconnecting…
[2026-04-11 08:24:30] [WARN ] Discord gateway disconnected {"code":1006}
[2026-04-11 08:24:30] [ERROR] Discord WS error {"err":"WebSocket was closed before the connection was established"}
[2026-04-11 08:24:30] [WARN ] Discord gateway disconnected {"code":1006}
[2026-04-11 08:24:33] [ERROR] Uncaught exception {"err":"Cannot read properties of null (reading 'send')","stack":"TypeError: Cannot read properties of null (reading 'send')\n    at Timeout._onTimeout (/Users/Fredrick/.openclaw/workspace-general/openclaw-dashboard/watchers/discordWatcher.js:54:16)\n    at listOnTimeout (node:internal/timers:605:17)\n    at process.processTimers (node:internal/timers:541:7)"}
[2026-04-11 08:24:33] [ERROR] Uncaught exception {"err":"Cannot read properties of null (reading 'send')","stack":"TypeError: Cannot read properties of null (reading 'send')\n    at Timeout._onTimeout (/Users/Fredrick/.openclaw/workspace-general/openclaw-dashboard/watchers/discordWatcher.js:54:16)\n    at listOnTimeout (node:internal/timers:605:17)\n    at process.processTimers (node:internal/timers:541:7)"}
[2026-04-11 08:24:35] [INFO ] Discord gateway reconnecting…
[2026-04-11 08:24:35] [INFO ] Discord gateway connected
[2026-04-11 08:24:35] [INFO ] Discord gateway ready {"bot":"Fredrick-bot"}
[2026-04-11 08:24:40] [INFO ] Discord gateway reconnecting…
[2026-04-11 08:24:40] [INFO ] Discord gateway connected
[2026-04-11 08:24:40] [INFO ] Discord gateway ready {"bot":"Fredrick-bot"}
[2026-04-11 08:25:35] [WARN ] Discord gateway disconnected {"code":1000}
[2026-04-11 08:25:35] [WARN ] Discord gateway disconnected {"code":1006}
[2026-04-11 08:25:36] [ERROR] Uncaught exception {"err":"Cannot read properties of null (reading 'send')","stack":"TypeError: Cannot read properties of null (reading 'send')\n    at Timeout._onTimeout (/Users/Fredrick/.openclaw/workspace-general/openclaw-dashboard/watchers/discordWatcher.js:54:16)\n    at listOnTimeout (node:internal/timers:605:17)\n    at process.processTimers (node:internal/timers:541:7)"}
[2026-04-11 08:25:36] [ERROR] Uncaught exception {"err":"Cannot read properties of null (reading 'send')","stack":"TypeError: Cannot read properties of null (reading 'send')\n    at Timeout._onTimeout (/Users/Fredrick/.openclaw/workspace-general/openclaw-dashboard/watchers/discordWatcher.js:54:16)\n    at listOnTimeout (node:internal/timers:605:17)\n    at process.processTimers (node:internal/timers:541:7)"}
[2026-04-11 08:25:36] [ERROR] Uncaught exception {"err":"Cannot read properties of null (reading 'send')","stack":"TypeError: Cannot read properties of null (reading 'send')\n    at Timeout._onTimeout (/Users/Fredrick/.openclaw/workspace-general/openclaw-dashboard/watchers/discordWatcher.js:54:16)\n    at listOnTimeout (node:internal/timers:605:17)\n    at process.processTimers (node:internal/timers:541:7)"}
[2026-04-11 08:25:39] [ERROR] Uncaught exception {"err":"Cannot read properties of null (reading 'send')","stack":"TypeError: Cannot read properties of null (reading 'send')\n    at Timeout._onTimeout (/Users/Fredrick/.openclaw/workspace-general/openclaw-dashboard/watchers/discordWatcher.js:54:16)\n    at listOnTimeout (node:internal/timers:605:17)\n    at process.processTimers (node:internal/timers:541:7)"}
[2026-04-11 08:25:39] [ERROR] Uncaught exception {"err":"Cannot read properties of null (reading 'send')","stack":"TypeError: Cannot read properties of null (reading 'send')\n    at Timeout._onTimeout (/Users/Fredrick/.openclaw/workspace-general/openclaw-dashboard/watchers/discordWatcher.js:54:16)\n    at listOnTimeout (node:internal/timers:605:17)\n    at process.processTimers (node:internal/timers:541:7)"}
[2026-04-11 08:25:39] [ERROR] Uncaught exception {"err":"Cannot read properties of null (reading 'send')","stack":"TypeError: Cannot read properties of null (reading 'send')\n    at Timeout._onTimeout (/Users/Fredrick/.openclaw/workspace-general/openclaw-dashboard/watchers/discordWatcher.js:54:16)\n    at listOnTimeout (node:internal/timers:605:17)\n    at process.processTimers (node:internal/timers:541:7)"}
[2026-04-11 08:25:39] [ERROR] Uncaught exception {"err":"Cannot read properties of null (reading 'send')","stack":"TypeError: Cannot read properties of null (reading 'send')\n    at Timeout._onTimeout (/Users/Fredrick/.openclaw/workspace-general/openclaw-dashboard/watchers/discordWatcher.js:54:16)\n    at listOnTimeout (node:internal/timers:605:17)\n    at process.processTimers (node:internal/timers:541:7)"}
[2026-04-11 08:25:40] [INFO ] Discord gateway reconnecting…
[2026-04-11 08:25:41] [INFO ] Discord gateway connected
[2026-04-11 08:25:43] [INFO ] Discord gateway ready {"bot":"Fredrick-bot"}
[2026-04-11 08:36:14] [WARN ] Discord gateway disconnected {"code":1006}
[2026-04-11 08:36:17] [ERROR] Uncaught exception {"err":"Cannot read properties of null (reading 'send')","stack":"TypeError: Cannot read properties of null (reading 'send')\n    at Timeout._onTimeout (/Users/Fredrick/.openclaw/workspace-general/openclaw-dashboard/watchers/discordWatcher.js:54:16)\n    at listOnTimeout (node:internal/timers:605:17)\n    at process.processTimers (node:internal/timers:541:7)"}
[2026-04-11 08:36:17] [ERROR] Uncaught exception {"err":"Cannot read properties of null (reading 'send')","stack":"TypeError: Cannot read properties of null (reading 'send')\n    at Timeout._onTimeout (/Users/Fredrick/.openclaw/workspace-general/openclaw-dashboard/watchers/discordWatcher.js:54:16)\n    at listOnTimeout (node:internal/timers:605:17)\n    at process.processTimers (node:internal/timers:541:7)"}
[2026-04-11 08:36:17] [ERROR] Uncaught exception {"err":"Cannot read properties of null (reading 'send')","stack":"TypeError: Cannot read properties of null (reading 'send')\n    at Timeout._onTimeout (/Users/Fredrick/.openclaw/workspace-general/openclaw-dashboard/watchers/discordWatcher.js:54:16)\n    at listOnTimeout (node:internal/timers:605:17)\n    at process.processTimers (node:internal/timers:541:7)"}
[2026-04-11 08:36:19] [INFO ] Discord gateway reconnecting…
[2026-04-11 08:36:19] [INFO ] Discord gateway connected
[2026-04-11 08:36:20] [INFO ] Discord gateway ready {"bot":"Fredrick-bot"}
[2026-04-11 10:42:47] [WARN ] Discord requested reconnect
[2026-04-11 10:42:47] [INFO ] Discord gateway reconnecting…
[2026-04-11 10:42:47] [WARN ] Discord gateway disconnected {"code":1006}
[2026-04-11 10:42:47] [ERROR] Discord WS error {"err":"WebSocket was closed before the connection was established"}
[2026-04-11 10:42:47] [WARN ] Discord gateway disconnected {"code":1006}
[2026-04-11 10:42:55] [INFO ] Discord gateway reconnecting…
[2026-04-11 10:42:55] [ERROR] Uncaught exception {"err":"WebSocket is not open: readyState 0 (CONNECTING)","stack":"Error: WebSocket is not open: readyState 0 (CONNECTING)\n    at WebSocket.send (/usr/local/lib/node_modules/openclaw/node_modules/ws/lib/websocket.js:451:13)\n    at Timeout._onTimeout (/Users/Fredrick/.openclaw/workspace-general/openclaw-dashboard/watchers/discordWatcher.js:54:16)\n    at listOnTimeout (node:internal/timers:605:17)\n    at process.processTimers (node:internal/timers:541:7)"}
[2026-04-11 10:42:55] [ERROR] Uncaught exception {"err":"WebSocket is not open: readyState 0 (CONNECTING)","stack":"Error: WebSocket is not open: readyState 0 (CONNECTING)\n    at WebSocket.send (/usr/local/lib/node_modules/openclaw/node_modules/ws/lib/websocket.js:451:13)\n    at Timeout._onTimeout (/Users/Fredrick/.openclaw/workspace-general/openclaw-dashboard/watchers/discordWatcher.js:54:16)\n    at listOnTimeout (node:internal/timers:605:17)\n    at process.processTimers (node:internal/timers:541:7)"}
[2026-04-11 10:42:55] [ERROR] Uncaught exception {"err":"WebSocket is not open: readyState 0 (CONNECTING)","stack":"Error: WebSocket is not open: readyState 0 (CONNECTING)\n    at WebSocket.send (/usr/local/lib/node_modules/openclaw/node_modules/ws/lib/websocket.js:451:13)\n    at Timeout._onTimeout (/Users/Fredrick/.openclaw/workspace-general/openclaw-dashboard/watchers/discordWatcher.js:54:16)\n    at listOnTimeout (node:internal/timers:605:17)\n    at process.processTimers (node:internal/timers:541:7)"}
[2026-04-11 10:42:55] [ERROR] Uncaught exception {"err":"WebSocket is not open: readyState 0 (CONNECTING)","stack":"Error: WebSocket is not open: readyState 0 (CONNECTING)\n    at WebSocket.send (/usr/local/lib/node_modules/openclaw/node_modules/ws/lib/websocket.js:451:13)\n    at Timeout._onTimeout (/Users/Fredrick/.openclaw/workspace-general/openclaw-dashboard/watchers/discordWatcher.js:54:16)\n    at listOnTimeout (node:internal/timers:605:17)\n    at process.processTimers (node:internal/timers:541:7)"}
[2026-04-11 10:42:55] [INFO ] Discord gateway connected
[2026-04-11 10:42:56] [INFO ] Discord gateway ready {"bot":"Fredrick-bot"}
[2026-04-11 10:42:57] [INFO ] Discord gateway reconnecting…
[2026-04-11 10:42:58] [INFO ] Discord gateway connected
[2026-04-11 10:42:58] [INFO ] Discord gateway ready {"bot":"Fredrick-bot"}
[2026-04-11 10:43:56] [WARN ] Discord gateway disconnected {"code":1000}
[2026-04-11 10:43:56] [WARN ] Discord gateway disconnected {"code":1006}
[2026-04-11 10:44:01] [INFO ] Discord gateway reconnecting…
[2026-04-11 10:44:01] [INFO ] Discord gateway connected
[2026-04-11 10:44:01] [INFO ] Discord gateway ready {"bot":"Fredrick-bot"}
[2026-04-11 11:25:29] [WARN ] Discord gateway disconnected {"code":1006}
[2026-04-11 11:25:33] [ERROR] Uncaught exception {"err":"Cannot read properties of null (reading 'send')","stack":"TypeError: Cannot read properties of null (reading 'send')\n    at Timeout._onTimeout (/Users/Fredrick/.openclaw/workspace-general/openclaw-dashboard/watchers/discordWatcher.js:54:16)\n    at listOnTimeout (node:internal/timers:605:17)\n    at process.processTimers (node:internal/timers:541:7)"}
[2026-04-11 11:25:33] [ERROR] Uncaught exception {"err":"Cannot read properties of null (reading 'send')","stack":"TypeError: Cannot read properties of null (reading 'send')\n    at Timeout._onTimeout (/Users/Fredrick/.openclaw/workspace-general/openclaw-dashboard/watchers/discordWatcher.js:54:16)\n    at listOnTimeout (node:internal/timers:605:17)\n    at process.processTimers (node:internal/timers:541:7)"}
[2026-04-11 11:25:33] [ERROR] Uncaught exception {"err":"Cannot read properties of null (reading 'send')","stack":"TypeError: Cannot read properties of null (reading 'send')\n    at Timeout._onTimeout (/Users/Fredrick/.openclaw/workspace-general/openclaw-dashboard/watchers/discordWatcher.js:54:16)\n    at listOnTimeout (node:internal/timers:605:17)\n    at process.processTimers (node:internal/timers:541:7)"}
[2026-04-11 11:25:33] [ERROR] Uncaught exception {"err":"Cannot read properties of null (reading 'send')","stack":"TypeError: Cannot read properties of null (reading 'send')\n    at Timeout._onTimeout (/Users/Fredrick/.openclaw/workspace-general/openclaw-dashboard/watchers/discordWatcher.js:54:16)\n    at listOnTimeout (node:internal/timers:605:17)\n    at process.processTimers (node:internal/timers:541:7)"}
[2026-04-11 11:25:33] [ERROR] Uncaught exception {"err":"Cannot read properties of null (reading 'send')","stack":"TypeError: Cannot read properties of null (reading 'send')\n    at Timeout._onTimeout (/Users/Fredrick/.openclaw/workspace-general/openclaw-dashboard/watchers/discordWatcher.js:54:16)\n    at listOnTimeout (node:internal/timers:605:17)\n    at process.processTimers (node:internal/timers:541:7)"}
[2026-04-11 11:25:34] [INFO ] Discord gateway reconnecting…
[2026-04-11 11:25:34] [INFO ] Discord gateway connected
[2026-04-11 11:25:35] [INFO ] Discord gateway ready {"bot":"Fredrick-bot"}
[2026-04-11 14:56:05] [WARN ] Discord requested reconnect
[2026-04-11 14:56:05] [INFO ] Discord gateway reconnecting…
[2026-04-11 14:56:05] [WARN ] Discord gateway disconnected {"code":1006}
[2026-04-11 14:56:05] [ERROR] Discord WS error {"err":"WebSocket was closed before the connection was established"}
[2026-04-11 14:56:05] [WARN ] Discord gateway disconnected {"code":1006}
[2026-04-11 14:56:07] [ERROR] Uncaught exception {"err":"Cannot read properties of null (reading 'send')","stack":"TypeError: Cannot read properties of null (reading 'send')\n    at Timeout._onTimeout (/Users/Fredrick/.openclaw/workspace-general/openclaw-dashboard/watchers/discordWatcher.js:54:16)\n    at listOnTimeout (node:internal/timers:605:17)\n    at process.processTimers (node:internal/timers:541:7)"}
[2026-04-11 14:56:07] [ERROR] Uncaught exception {"err":"Cannot read properties of null (reading 'send')","stack":"TypeError: Cannot read properties of null (reading 'send')\n    at Timeout._onTimeout (/Users/Fredrick/.openclaw/workspace-general/openclaw-dashboard/watchers/discordWatcher.js:54:16)\n    at listOnTimeout (node:internal/timers:605:17)\n    at process.processTimers (node:internal/timers:541:7)"}
[2026-04-11 14:56:07] [ERROR] Uncaught exception {"err":"Cannot read properties of null (reading 'send')","stack":"TypeError: Cannot read properties of null (reading 'send')\n    at Timeout._onTimeout (/Users/Fredrick/.openclaw/workspace-general/openclaw-dashboard/watchers/discordWatcher.js:54:16)\n    at listOnTimeout (node:internal/timers:605:17)\n    at process.processTimers (node:internal/timers:541:7)"}
[2026-04-11 14:56:10] [INFO ] Discord gateway reconnecting…
[2026-04-11 14:56:11] [ERROR] Uncaught exception {"err":"WebSocket is not open: readyState 0 (CONNECTING)","stack":"Error: WebSocket is not open: readyState 0 (CONNECTING)\n    at WebSocket.send (/usr/local/lib/node_modules/openclaw/node_modules/ws/lib/websocket.js:451:13)\n    at Timeout._onTimeout (/Users/Fredrick/.openclaw/workspace-general/openclaw-dashboard/watchers/discordWatcher.js:54:16)\n    at listOnTimeout (node:internal/timers:605:17)\n    at process.processTimers (node:internal/timers:541:7)"}
[2026-04-11 14:56:11] [ERROR] Uncaught exception {"err":"WebSocket is not open: readyState 0 (CONNECTING)","stack":"Error: WebSocket is not open: readyState 0 (CONNECTING)\n    at WebSocket.send (/usr/local/lib/node_modules/openclaw/node_modules/ws/lib/websocket.js:451:13)\n    at Timeout._onTimeout (/Users/Fredrick/.openclaw/workspace-general/openclaw-dashboard/watchers/discordWatcher.js:54:16)\n    at listOnTimeout (node:internal/timers:605:17)\n    at process.processTimers (node:internal/timers:541:7)"}
[2026-04-11 14:56:11] [ERROR] Uncaught exception {"err":"WebSocket is not open: readyState 0 (CONNECTING)","stack":"Error: WebSocket is not open: readyState 0 (CONNECTING)\n    at WebSocket.send (/usr/local/lib/node_modules/openclaw/node_modules/ws/lib/websocket.js:451:13)\n    at Timeout._onTimeout (/Users/Fredrick/.openclaw/workspace-general/openclaw-dashboard/watchers/discordWatcher.js:54:16)\n    at listOnTimeout (node:internal/timers:605:17)\n    at process.processTimers (node:internal/timers:541:7)"}
[2026-04-11 14:56:11] [ERROR] Uncaught exception {"err":"WebSocket is not open: readyState 0 (CONNECTING)","stack":"Error: WebSocket is not open: readyState 0 (CONNECTING)\n    at WebSocket.send (/usr/local/lib/node_modules/openclaw/node_modules/ws/lib/websocket.js:451:13)\n    at Timeout._onTimeout (/Users/Fredrick/.openclaw/workspace-general/openclaw-dashboard/watchers/discordWatcher.js:54:16)\n    at listOnTimeout (node:internal/timers:605:17)\n    at process.processTimers (node:internal/timers:541:7)"}
[2026-04-11 14:56:11] [INFO ] Discord gateway connected
[2026-04-11 14:56:12] [INFO ] Discord gateway ready {"bot":"Fredrick-bot"}
[2026-04-11 14:56:15] [INFO ] Discord gateway reconnecting…
[2026-04-11 14:56:15] [INFO ] Discord gateway connected
[2026-04-11 14:56:16] [INFO ] Discord gateway ready {"bot":"Fredrick-bot"}
[2026-04-11 14:57:12] [WARN ] Discord gateway disconnected {"code":1000}
[2026-04-11 14:57:12] [WARN ] Discord gateway disconnected {"code":1006}
[2026-04-11 14:57:17] [INFO ] Discord gateway reconnecting…
[2026-04-11 14:57:17] [INFO ] Discord gateway connected
[2026-04-11 14:57:18] [INFO ] Discord gateway ready {"bot":"Fredrick-bot"}
[2026-04-11 18:40:16] [WARN ] Discord requested reconnect
[2026-04-11 18:40:16] [INFO ] Discord gateway reconnecting…
[2026-04-11 18:40:16] [WARN ] Discord gateway disconnected {"code":1006}
[2026-04-11 18:40:16] [ERROR] Discord WS error {"err":"WebSocket was closed before the connection was established"}
[2026-04-11 18:40:16] [WARN ] Discord gateway disconnected {"code":1006}
[2026-04-11 18:40:19] [ERROR] Uncaught exception {"err":"Cannot read properties of null (reading 'send')","stack":"TypeError: Cannot read properties of null (reading 'send')\n    at Timeout._onTimeout (/Users/Fredrick/.openclaw/workspace-general/openclaw-dashboard/watchers/discordWatcher.js:54:16)\n    at listOnTimeout (node:internal/timers:605:17)\n    at process.processTimers (node:internal/timers:541:7)"}
[2026-04-11 18:40:19] [ERROR] Uncaught exception {"err":"Cannot read properties of null (reading 'send')","stack":"TypeError: Cannot read properties of null (reading 'send')\n    at Timeout._onTimeout (/Users/Fredrick/.openclaw/workspace-general/openclaw-dashboard/watchers/discordWatcher.js:54:16)\n    at listOnTimeout (node:internal/timers:605:17)\n    at process.processTimers (node:internal/timers:541:7)"}
[2026-04-11 18:40:19] [ERROR] Uncaught exception {"err":"Cannot read properties of null (reading 'send')","stack":"TypeError: Cannot read properties of null (reading 'send')\n    at Timeout._onTimeout (/Users/Fredrick/.openclaw/workspace-general/openclaw-dashboard/watchers/discordWatcher.js:54:16)\n    at listOnTimeout (node:internal/timers:605:17)\n    at process.processTimers (node:internal/timers:541:7)"}
[2026-04-11 18:40:19] [ERROR] Uncaught exception {"err":"Cannot read properties of null (reading 'send')","stack":"TypeError: Cannot read properties of null (reading 'send')\n    at Timeout._onTimeout (/Users/Fredrick/.openclaw/workspace-general/openclaw-dashboard/watchers/discordWatcher.js:54:16)\n    at listOnTimeout (node:internal/timers:605:17)\n    at process.processTimers (node:internal/timers:541:7)"}
[2026-04-11 18:40:19] [ERROR] Uncaught exception {"err":"Cannot read properties of null (reading 'send')","stack":"TypeError: Cannot read properties of null (reading 'send')\n    at Timeout._onTimeout (/Users/Fredrick/.openclaw/workspace-general/openclaw-dashboard/watchers/discordWatcher.js:54:16)\n    at listOnTimeout (node:internal/timers:605:17)\n    at process.processTimers (node:internal/timers:541:7)"}
[2026-04-11 18:40:21] [INFO ] Discord gateway reconnecting…
[2026-04-11 18:40:22] [INFO ] Discord gateway connected
[2026-04-11 18:40:22] [INFO ] Discord gateway ready {"bot":"Fredrick-bot"}
[2026-04-11 18:40:27] [INFO ] Discord gateway reconnecting…
[2026-04-11 18:40:29] [INFO ] Discord gateway connected
[2026-04-11 18:40:30] [INFO ] Discord gateway ready {"bot":"Fredrick-bot"}
[2026-04-11 18:41:22] [WARN ] Discord gateway disconnected {"code":1000}
[2026-04-11 18:41:22] [WARN ] Discord gateway disconnected {"code":1006}
[2026-04-11 18:41:27] [ERROR] Uncaught exception {"err":"Cannot read properties of null (reading 'send')","stack":"TypeError: Cannot read properties of null (reading 'send')\n    at Timeout._onTimeout (/Users/Fredrick/.openclaw/workspace-general/openclaw-dashboard/watchers/discordWatcher.js:54:16)\n    at listOnTimeout (node:internal/timers:605:17)\n    at process.processTimers (node:internal/timers:541:7)"}
[2026-04-11 18:41:27] [ERROR] Uncaught exception {"err":"Cannot read properties of null (reading 'send')","stack":"TypeError: Cannot read properties of null (reading 'send')\n    at Timeout._onTimeout (/Users/Fredrick/.openclaw/workspace-general/openclaw-dashboard/watchers/discordWatcher.js:54:16)\n    at listOnTimeout (node:internal/timers:605:17)\n    at process.processTimers (node:internal/timers:541:7)"}
[2026-04-11 18:41:27] [ERROR] Uncaught exception {"err":"Cannot read properties of null (reading 'send')","stack":"TypeError: Cannot read properties of null (reading 'send')\n    at Timeout._onTimeout (/Users/Fredrick/.openclaw/workspace-general/openclaw-dashboard/watchers/discordWatcher.js:54:16)\n    at listOnTimeout (node:internal/timers:605:17)\n    at process.processTimers (node:internal/timers:541:7)"}
[2026-04-11 18:41:27] [ERROR] Uncaught exception {"err":"Cannot read properties of null (reading 'send')","stack":"TypeError: Cannot read properties of null (reading 'send')\n    at Timeout._onTimeout (/Users/Fredrick/.openclaw/workspace-general/openclaw-dashboard/watchers/discordWatcher.js:54:16)\n    at listOnTimeout (node:internal/timers:605:17)\n    at process.processTimers (node:internal/timers:541:7)"}
[2026-04-11 18:41:27] [ERROR] Uncaught exception {"err":"Cannot read properties of null (reading 'send')","stack":"TypeError: Cannot read properties of null (reading 'send')\n    at Timeout._onTimeout (/Users/Fredrick/.openclaw/workspace-general/openclaw-dashboard/watchers/discordWatcher.js:54:16)\n    at listOnTimeout (node:internal/timers:605:17)\n    at process.processTimers (node:internal/timers:541:7)"}
[2026-04-11 18:41:27] [INFO ] Discord gateway reconnecting…
[2026-04-11 18:41:27] [INFO ] Discord gateway connected
[2026-04-11 18:41:28] [INFO ] Discord gateway ready {"bot":"Fredrick-bot"}
[2026-04-11 18:43:35] [INFO ] Received SIGTERM — shutting down
[2026-04-11 18:43:36] [INFO ] OpenClaw Control Center starting…
[2026-04-11 18:43:36] [INFO ] File watcher started {"watching":["openclaw.json","permissions.json"]}
[2026-04-11 18:43:39] [INFO ] Load monitor started {"intervalMs":30000}
[2026-04-11 18:43:39] [INFO ] OpenClaw Control Center → http://127.0.0.1:7891
[2026-04-11 18:43:39] [INFO ] Discord gateway connected
[2026-04-11 18:43:39] [INFO ] Discord gateway ready {"bot":"Fredrick-bot"}
[2026-04-11 18:45:43] [WARN ] High load detected {"level":"high","preferLocal":false,"reason":"7 active sessions, 34237 tok/min","activeSessions":7,"tokenRate":34237}
[2026-04-11 18:46:11] [WARN ] High load detected {"level":"high","preferLocal":false,"reason":"7 active sessions, 27783 tok/min","activeSessions":7,"tokenRate":27783}
[2026-04-11 18:46:42] [WARN ] High load detected {"level":"high","preferLocal":false,"reason":"7 active sessions, 23163 tok/min","activeSessions":7,"tokenRate":23163}
[2026-04-11 18:47:12] [WARN ] High load detected {"level":"high","preferLocal":false,"reason":"7 active sessions, 19908 tok/min","activeSessions":7,"tokenRate":19908}
[2026-04-11 18:47:42] [WARN ] High load detected {"level":"high","preferLocal":false,"reason":"7 active sessions, 17440 tok/min","activeSessions":7,"tokenRate":17440}
[2026-04-11 18:48:12] [WARN ] High load detected {"level":"high","preferLocal":false,"reason":"7 active sessions, 15505 tok/min","activeSessions":7,"tokenRate":15505}
[2026-04-11 18:48:43] [WARN ] High load detected {"level":"high","preferLocal":false,"reason":"7 active sessions, 13950 tok/min","activeSessions":7,"tokenRate":13950}
[2026-04-11 18:49:13] [WARN ] High load detected {"level":"high","preferLocal":false,"reason":"7 active sessions, 12686 tok/min","activeSessions":7,"tokenRate":12686}
[2026-04-11 18:49:43] [WARN ] High load detected {"level":"high","preferLocal":false,"reason":"7 active sessions, 11648 tok/min","activeSessions":7,"tokenRate":11648}
[2026-04-11 18:50:11] [WARN ] High load detected {"level":"high","preferLocal":false,"reason":"7 active sessions, 10802 tok/min","activeSessions":7,"tokenRate":10802}
[2026-04-11 18:50:42] [WARN ] High load detected {"level":"high","preferLocal":false,"reason":"7 active sessions, 10008 tok/min","activeSessions":7,"tokenRate":10008}
[2026-04-11 18:51:13] [WARN ] High load detected {"level":"high","preferLocal":false,"reason":"7 active sessions, 9337 tok/min","activeSessions":7,"tokenRate":9337}
[2026-04-11 18:51:43] [WARN ] High load detected {"level":"high","preferLocal":false,"reason":"7 active sessions, 8762 tok/min","activeSessions":7,"tokenRate":8762}
[2026-04-11 18:52:13] [WARN ] High load detected {"level":"high","preferLocal":false,"reason":"7 active sessions, 8808 tok/min","activeSessions":7,"tokenRate":8808}
[2026-04-11 18:52:26] [INFO ] Received SIGTERM — shutting down
[2026-04-11 18:52:27] [INFO ] OpenClaw Control Center starting…
[2026-04-11 18:52:27] [INFO ] File watcher started {"watching":["openclaw.json","permissions.json"]}
[2026-04-11 18:52:31] [INFO ] Load monitor started {"intervalMs":30000}
[2026-04-11 18:52:31] [INFO ] OpenClaw Control Center → http://127.0.0.1:7891
[2026-04-11 18:52:32] [INFO ] Discord gateway connected
[2026-04-11 18:52:34] [INFO ] Discord gateway ready {"bot":"Fredrick-bot"}
[2026-04-11 18:53:05] [WARN ] High load detected {"level":"high","preferLocal":false,"reason":"7 active sessions, 21223 tok/min","activeSessions":7,"tokenRate":21223}
[2026-04-11 18:53:36] [WARN ] High load detected {"level":"high","preferLocal":false,"reason":"7 active sessions, 11208 tok/min","activeSessions":7,"tokenRate":11208}
[2026-04-11 18:54:06] [WARN ] High load detected {"level":"high","preferLocal":false,"reason":"7 active sessions, 7648 tok/min","activeSessions":7,"tokenRate":7648}
[2026-04-11 18:54:37] [WARN ] High load detected {"level":"high","preferLocal":false,"reason":"7 active sessions, 5763 tok/min","activeSessions":7,"tokenRate":5763}
[2026-04-11 18:57:12] [WARN ] Load monitor snapshot failed {"err":"spawnSync /bin/sh ETIMEDOUT"}
[2026-04-11 19:14:48] [INFO ] Received SIGTERM — shutting down
[2026-04-11 19:14:50] [INFO ] OpenClaw Control Center starting…
[2026-04-11 19:14:50] [INFO ] File watcher started {"watching":["openclaw.json","permissions.json"]}
[2026-04-11 19:14:52] [INFO ] Load monitor started {"intervalMs":30000}
[2026-04-11 19:14:52] [INFO ] OpenClaw Control Center → http://127.0.0.1:7891
[2026-04-11 19:14:52] [INFO ] Discord gateway connected
[2026-04-11 19:14:53] [INFO ] Discord gateway ready {"bot":"Fredrick-bot"}
[2026-04-11 19:27:53] [WARN ] Discord gateway disconnected {"code":1006}
[2026-04-11 19:27:58] [INFO ] Discord gateway reconnecting…
[2026-04-11 19:27:58] [INFO ] Discord gateway connected
[2026-04-11 19:27:59] [INFO ] Discord gateway ready {"bot":"Fredrick-bot"}
[2026-04-11 23:07:14] [WARN ] Discord requested reconnect
[2026-04-11 23:07:14] [INFO ] Discord gateway reconnecting…
[2026-04-11 23:07:14] [WARN ] Discord gateway disconnected {"code":1006}
[2026-04-11 23:07:14] [ERROR] Discord WS error {"err":"WebSocket was closed before the connection was established"}
[2026-04-11 23:07:14] [WARN ] Discord gateway disconnected {"code":1006}
[2026-04-11 23:07:19] [INFO ] Discord gateway reconnecting…
[2026-04-11 23:07:19] [INFO ] Discord gateway connected
[2026-04-11 23:07:20] [INFO ] Discord gateway ready {"bot":"Fredrick-bot"}
[2026-04-11 23:07:24] [INFO ] Discord gateway reconnecting…
[2026-04-11 23:07:24] [INFO ] Discord gateway connected
[2026-04-11 23:07:26] [INFO ] Discord gateway ready {"bot":"Fredrick-bot"}
[2026-04-11 23:08:20] [WARN ] Discord gateway disconnected {"code":1000}
[2026-04-11 23:08:20] [WARN ] Discord gateway disconnected {"code":1006}
[2026-04-11 23:08:27] [INFO ] Discord gateway reconnecting…
[2026-04-11 23:08:27] [INFO ] Discord gateway connected
[2026-04-11 23:08:27] [INFO ] Discord gateway ready {"bot":"Fredrick-bot"}
