[2026-04-04 00:12:39] [WARN ] Discord requested reconnect
[2026-04-04 00:12:39] [INFO ] Discord gateway reconnecting…
[2026-04-04 00:12:39] [WARN ] Discord gateway disconnected {"code":1006}
[2026-04-04 00:12:39] [ERROR] Discord WS error {"err":"WebSocket was closed before the connection was established"}
[2026-04-04 00:12:39] [WARN ] Discord gateway disconnected {"code":1006}
[2026-04-04 00:12:44] [INFO ] Discord gateway reconnecting…
[2026-04-04 00:12:44] [INFO ] Discord gateway connected
[2026-04-04 00:12:45] [INFO ] Discord gateway ready {"bot":"Fredrick-bot"}
[2026-04-04 00:12:49] [INFO ] Discord gateway reconnecting…
[2026-04-04 00:12:49] [INFO ] Discord gateway connected
[2026-04-04 00:12:50] [INFO ] Discord gateway ready {"bot":"Fredrick-bot"}
[2026-04-04 00:13:45] [WARN ] Discord gateway disconnected {"code":1000}
[2026-04-04 00:13:45] [WARN ] Discord gateway disconnected {"code":1006}
[2026-04-04 00:13:48] [ERROR] Uncaught exception {"err":"Cannot read properties of null (reading 'send')","stack":"TypeError: Cannot read properties of null (reading 'send')\n    at Timeout._onTimeout (/Users/Fredrick/.openclaw/orchestrator/watchers/discordWatcher.js:54:16)\n    at listOnTimeout (node:internal/timers:605:17)\n    at process.processTimers (node:internal/timers:541:7)"}
[2026-04-04 00:13:50] [INFO ] Discord gateway reconnecting…
[2026-04-04 00:13:51] [INFO ] Discord gateway connected
[2026-04-04 00:13:51] [INFO ] Discord gateway ready {"bot":"Fredrick-bot"}
[2026-04-04 02:49:31] [WARN ] Discord requested reconnect
[2026-04-04 02:49:31] [INFO ] Discord gateway reconnecting…
[2026-04-04 02:49:31] [WARN ] Discord gateway disconnected {"code":1006}
[2026-04-04 02:49:31] [ERROR] Discord WS error {"err":"WebSocket was closed before the connection was established"}
[2026-04-04 02:49:31] [WARN ] Discord gateway disconnected {"code":1006}
[2026-04-04 02:49:35] [ERROR] Uncaught exception {"err":"Cannot read properties of null (reading 'send')","stack":"TypeError: Cannot read properties of null (reading 'send')\n    at Timeout._onTimeout (/Users/Fredrick/.openclaw/orchestrator/watchers/discordWatcher.js:54:16)\n    at listOnTimeout (node:internal/timers:605:17)\n    at process.processTimers (node:internal/timers:541:7)"}
[2026-04-04 02:49:35] [ERROR] Uncaught exception {"err":"Cannot read properties of null (reading 'send')","stack":"TypeError: Cannot read properties of null (reading 'send')\n    at Timeout._onTimeout (/Users/Fredrick/.openclaw/orchestrator/watchers/discordWatcher.js:54:16)\n    at listOnTimeout (node:internal/timers:605:17)\n    at process.processTimers (node:internal/timers:541:7)"}
[2026-04-04 02:49:36] [INFO ] Discord gateway reconnecting…
[2026-04-04 02:49:36] [INFO ] Discord gateway connected
[2026-04-04 02:49:36] [INFO ] Discord gateway ready {"bot":"Fredrick-bot"}
[2026-04-04 02:49:41] [INFO ] Discord gateway reconnecting…
[2026-04-04 02:49:41] [INFO ] Discord gateway connected
[2026-04-04 02:49:41] [INFO ] Discord gateway ready {"bot":"Fredrick-bot"}
[2026-04-04 02:50:36] [WARN ] Discord gateway disconnected {"code":1000}
[2026-04-04 02:50:36] [WARN ] Discord gateway disconnected {"code":1006}
[2026-04-04 02:50:41] [ERROR] Uncaught exception {"err":"Cannot read properties of null (reading 'send')","stack":"TypeError: Cannot read properties of null (reading 'send')\n    at Timeout._onTimeout (/Users/Fredrick/.openclaw/orchestrator/watchers/discordWatcher.js:54:16)\n    at listOnTimeout (node:internal/timers:605:17)\n    at process.processTimers (node:internal/timers:541:7)"}
[2026-04-04 02:50:41] [ERROR] Uncaught exception {"err":"Cannot read properties of null (reading 'send')","stack":"TypeError: Cannot read properties of null (reading 'send')\n    at Timeout._onTimeout (/Users/Fredrick/.openclaw/orchestrator/watchers/discordWatcher.js:54:16)\n    at listOnTimeout (node:internal/timers:605:17)\n    at process.processTimers (node:internal/timers:541:7)"}
[2026-04-04 02:50:41] [ERROR] Uncaught exception {"err":"Cannot read properties of null (reading 'send')","stack":"TypeError: Cannot read properties of null (reading 'send')\n    at Timeout._onTimeout (/Users/Fredrick/.openclaw/orchestrator/watchers/discordWatcher.js:54:16)\n    at listOnTimeout (node:internal/timers:605:17)\n    at process.processTimers (node:internal/timers:541:7)"}
[2026-04-04 02:50:41] [ERROR] Uncaught exception {"err":"Cannot read properties of null (reading 'send')","stack":"TypeError: Cannot read properties of null (reading 'send')\n    at Timeout._onTimeout (/Users/Fredrick/.openclaw/orchestrator/watchers/discordWatcher.js:54:16)\n    at listOnTimeout (node:internal/timers:605:17)\n    at process.processTimers (node:internal/timers:541:7)"}
[2026-04-04 02:50:41] [ERROR] Uncaught exception {"err":"Cannot read properties of null (reading 'send')","stack":"TypeError: Cannot read properties of null (reading 'send')\n    at Timeout._onTimeout (/Users/Fredrick/.openclaw/orchestrator/watchers/discordWatcher.js:54:16)\n    at listOnTimeout (node:internal/timers:605:17)\n    at process.processTimers (node:internal/timers:541:7)"}
[2026-04-04 02:50:41] [ERROR] Uncaught exception {"err":"Cannot read properties of null (reading 'send')","stack":"TypeError: Cannot read properties of null (reading 'send')\n    at Timeout._onTimeout (/Users/Fredrick/.openclaw/orchestrator/watchers/discordWatcher.js:54:16)\n    at listOnTimeout (node:internal/timers:605:17)\n    at process.processTimers (node:internal/timers:541:7)"}
[2026-04-04 02:50:41] [ERROR] Uncaught exception {"err":"Cannot read properties of null (reading 'send')","stack":"TypeError: Cannot read properties of null (reading 'send')\n    at Timeout._onTimeout (/Users/Fredrick/.openclaw/orchestrator/watchers/discordWatcher.js:54:16)\n    at listOnTimeout (node:internal/timers:605:17)\n    at process.processTimers (node:internal/timers:541:7)"}
[2026-04-04 02:50:41] [ERROR] Uncaught exception {"err":"Cannot read properties of null (reading 'send')","stack":"TypeError: Cannot read properties of null (reading 'send')\n    at Timeout._onTimeout (/Users/Fredrick/.openclaw/orchestrator/watchers/discordWatcher.js:54:16)\n    at listOnTimeout (node:internal/timers:605:17)\n    at process.processTimers (node:internal/timers:541:7)"}
[2026-04-04 02:50:41] [ERROR] Uncaught exception {"err":"Cannot read properties of null (reading 'send')","stack":"TypeError: Cannot read properties of null (reading 'send')\n    at Timeout._onTimeout (/Users/Fredrick/.openclaw/orchestrator/watchers/discordWatcher.js:54:16)\n    at listOnTimeout (node:internal/timers:605:17)\n    at process.processTimers (node:internal/timers:541:7)"}
[2026-04-04 02:50:41] [ERROR] Uncaught exception {"err":"Cannot read properties of null (reading 'send')","stack":"TypeError: Cannot read properties of null (reading 'send')\n    at Timeout._onTimeout (/Users/Fredrick/.openclaw/orchestrator/watchers/discordWatcher.js:54:16)\n    at listOnTimeout (node:internal/timers:605:17)\n    at process.processTimers (node:internal/timers:541:7)"}
[2026-04-04 02:50:41] [ERROR] Uncaught exception {"err":"Cannot read properties of null (reading 'send')","stack":"TypeError: Cannot read properties of null (reading 'send')\n    at Timeout._onTimeout (/Users/Fredrick/.openclaw/orchestrator/watchers/discordWatcher.js:54:16)\n    at listOnTimeout (node:internal/timers:605:17)\n    at process.processTimers (node:internal/timers:541:7)"}
[2026-04-04 02:50:41] [ERROR] Uncaught exception {"err":"Cannot read properties of null (reading 'send')","stack":"TypeError: Cannot read properties of null (reading 'send')\n    at Timeout._onTimeout (/Users/Fredrick/.openclaw/orchestrator/watchers/discordWatcher.js:54:16)\n    at listOnTimeout (node:internal/timers:605:17)\n    at process.processTimers (node:internal/timers:541:7)"}
[2026-04-04 02:50:41] [ERROR] Uncaught exception {"err":"Cannot read properties of null (reading 'send')","stack":"TypeError: Cannot read properties of null (reading 'send')\n    at Timeout._onTimeout (/Users/Fredrick/.openclaw/orchestrator/watchers/discordWatcher.js:54:16)\n    at listOnTimeout (node:internal/timers:605:17)\n    at process.processTimers (node:internal/timers:541:7)"}
[2026-04-04 02:50:41] [ERROR] Uncaught exception {"err":"Cannot read properties of null (reading 'send')","stack":"TypeError: Cannot read properties of null (reading 'send')\n    at Timeout._onTimeout (/Users/Fredrick/.openclaw/orchestrator/watchers/discordWatcher.js:54:16)\n    at listOnTimeout (node:internal/timers:605:17)\n    at process.processTimers (node:internal/timers:541:7)"}
[2026-04-04 02:50:41] [INFO ] Discord gateway reconnecting…
[2026-04-04 02:50:42] [INFO ] Discord gateway connected
[2026-04-04 02:50:42] [INFO ] Discord gateway ready {"bot":"Fredrick-bot"}
[2026-04-04 06:23:57] [WARN ] Discord requested reconnect
[2026-04-04 06:23:57] [INFO ] Discord gateway reconnecting…
[2026-04-04 06:23:57] [WARN ] Discord gateway disconnected {"code":1006}
[2026-04-04 06:23:57] [ERROR] Discord WS error {"err":"WebSocket was closed before the connection was established"}
[2026-04-04 06:23:57] [WARN ] Discord gateway disconnected {"code":1006}
[2026-04-04 06:24:01] [ERROR] Uncaught exception {"err":"Cannot read properties of null (reading 'send')","stack":"TypeError: Cannot read properties of null (reading 'send')\n    at Timeout._onTimeout (/Users/Fredrick/.openclaw/orchestrator/watchers/discordWatcher.js:54:16)\n    at listOnTimeout (node:internal/timers:605:17)\n    at process.processTimers (node:internal/timers:541:7)"}
[2026-04-04 06:24:02] [INFO ] Discord gateway reconnecting…
[2026-04-04 06:24:02] [INFO ] Discord gateway connected
[2026-04-04 06:24:03] [INFO ] Discord gateway ready {"bot":"Fredrick-bot"}
[2026-04-04 06:24:07] [INFO ] Discord gateway reconnecting…
[2026-04-04 06:24:07] [INFO ] Discord gateway connected
[2026-04-04 06:24:08] [INFO ] Discord gateway ready {"bot":"Fredrick-bot"}
[2026-04-04 06:25:03] [WARN ] Discord gateway disconnected {"code":1000}
[2026-04-04 06:25:03] [WARN ] Discord gateway disconnected {"code":1006}
[2026-04-04 06:25:04] [ERROR] Uncaught exception {"err":"Cannot read properties of null (reading 'send')","stack":"TypeError: Cannot read properties of null (reading 'send')\n    at Timeout._onTimeout (/Users/Fredrick/.openclaw/orchestrator/watchers/discordWatcher.js:54:16)\n    at listOnTimeout (node:internal/timers:605:17)\n    at process.processTimers (node:internal/timers:541:7)"}
[2026-04-04 06:25:08] [INFO ] Discord gateway reconnecting…
[2026-04-04 06:25:08] [INFO ] Discord gateway connected
[2026-04-04 06:25:08] [INFO ] Discord gateway ready {"bot":"Fredrick-bot"}
[2026-04-04 08:55:05] [WARN ] Discord gateway disconnected {"code":1006}
[2026-04-04 08:55:10] [INFO ] Discord gateway reconnecting…
[2026-04-04 08:55:10] [INFO ] Discord gateway connected
[2026-04-04 08:55:11] [INFO ] Discord gateway ready {"bot":"Fredrick-bot"}
[2026-04-04 11:42:14] [WARN ] Discord requested reconnect
[2026-04-04 11:42:14] [INFO ] Discord gateway reconnecting…
[2026-04-04 11:42:14] [WARN ] Discord gateway disconnected {"code":1006}
[2026-04-04 11:42:14] [ERROR] Discord WS error {"err":"WebSocket was closed before the connection was established"}
[2026-04-04 11:42:14] [WARN ] Discord gateway disconnected {"code":1006}
[2026-04-04 11:42:19] [INFO ] Discord gateway reconnecting…
[2026-04-04 11:42:19] [INFO ] Discord gateway connected
[2026-04-04 11:42:19] [INFO ] Discord gateway ready {"bot":"Fredrick-bot"}
[2026-04-04 11:42:24] [INFO ] Discord gateway reconnecting…
[2026-04-04 11:42:24] [INFO ] Discord gateway connected
[2026-04-04 11:42:24] [INFO ] Discord gateway ready {"bot":"Fredrick-bot"}
[2026-04-04 11:43:19] [WARN ] Discord gateway disconnected {"code":1000}
[2026-04-04 11:43:19] [WARN ] Discord gateway disconnected {"code":1006}
[2026-04-04 11:43:21] [ERROR] Uncaught exception {"err":"Cannot read properties of null (reading 'send')","stack":"TypeError: Cannot read properties of null (reading 'send')\n    at Timeout._onTimeout (/Users/Fredrick/.openclaw/orchestrator/watchers/discordWatcher.js:54:16)\n    at listOnTimeout (node:internal/timers:605:17)\n    at process.processTimers (node:internal/timers:541:7)"}
[2026-04-04 11:43:21] [ERROR] Uncaught exception {"err":"Cannot read properties of null (reading 'send')","stack":"TypeError: Cannot read properties of null (reading 'send')\n    at Timeout._onTimeout (/Users/Fredrick/.openclaw/orchestrator/watchers/discordWatcher.js:54:16)\n    at listOnTimeout (node:internal/timers:605:17)\n    at process.processTimers (node:internal/timers:541:7)"}
[2026-04-04 11:43:21] [ERROR] Uncaught exception {"err":"Cannot read properties of null (reading 'send')","stack":"TypeError: Cannot read properties of null (reading 'send')\n    at Timeout._onTimeout (/Users/Fredrick/.openclaw/orchestrator/watchers/discordWatcher.js:54:16)\n    at listOnTimeout (node:internal/timers:605:17)\n    at process.processTimers (node:internal/timers:541:7)"}
[2026-04-04 11:43:21] [ERROR] Uncaught exception {"err":"Cannot read properties of null (reading 'send')","stack":"TypeError: Cannot read properties of null (reading 'send')\n    at Timeout._onTimeout (/Users/Fredrick/.openclaw/orchestrator/watchers/discordWatcher.js:54:16)\n    at listOnTimeout (node:internal/timers:605:17)\n    at process.processTimers (node:internal/timers:541:7)"}
[2026-04-04 11:43:21] [ERROR] Uncaught exception {"err":"Cannot read properties of null (reading 'send')","stack":"TypeError: Cannot read properties of null (reading 'send')\n    at Timeout._onTimeout (/Users/Fredrick/.openclaw/orchestrator/watchers/discordWatcher.js:54:16)\n    at listOnTimeout (node:internal/timers:605:17)\n    at process.processTimers (node:internal/timers:541:7)"}
[2026-04-04 11:43:21] [ERROR] Uncaught exception {"err":"Cannot read properties of null (reading 'send')","stack":"TypeError: Cannot read properties of null (reading 'send')\n    at Timeout._onTimeout (/Users/Fredrick/.openclaw/orchestrator/watchers/discordWatcher.js:54:16)\n    at listOnTimeout (node:internal/timers:605:17)\n    at process.processTimers (node:internal/timers:541:7)"}
[2026-04-04 11:43:21] [ERROR] Uncaught exception {"err":"Cannot read properties of null (reading 'send')","stack":"TypeError: Cannot read properties of null (reading 'send')\n    at Timeout._onTimeout (/Users/Fredrick/.openclaw/orchestrator/watchers/discordWatcher.js:54:16)\n    at listOnTimeout (node:internal/timers:605:17)\n    at process.processTimers (node:internal/timers:541:7)"}
[2026-04-04 11:43:21] [ERROR] Uncaught exception {"err":"Cannot read properties of null (reading 'send')","stack":"TypeError: Cannot read properties of null (reading 'send')\n    at Timeout._onTimeout (/Users/Fredrick/.openclaw/orchestrator/watchers/discordWatcher.js:54:16)\n    at listOnTimeout (node:internal/timers:605:17)\n    at process.processTimers (node:internal/timers:541:7)"}
[2026-04-04 11:43:21] [ERROR] Uncaught exception {"err":"Cannot read properties of null (reading 'send')","stack":"TypeError: Cannot read properties of null (reading 'send')\n    at Timeout._onTimeout (/Users/Fredrick/.openclaw/orchestrator/watchers/discordWatcher.js:54:16)\n    at listOnTimeout (node:internal/timers:605:17)\n    at process.processTimers (node:internal/timers:541:7)"}
[2026-04-04 11:43:21] [ERROR] Uncaught exception {"err":"Cannot read properties of null (reading 'send')","stack":"TypeError: Cannot read properties of null (reading 'send')\n    at Timeout._onTimeout (/Users/Fredrick/.openclaw/orchestrator/watchers/discordWatcher.js:54:16)\n    at listOnTimeout (node:internal/timers:605:17)\n    at process.processTimers (node:internal/timers:541:7)"}
[2026-04-04 11:43:21] [ERROR] Uncaught exception {"err":"Cannot read properties of null (reading 'send')","stack":"TypeError: Cannot read properties of null (reading 'send')\n    at Timeout._onTimeout (/Users/Fredrick/.openclaw/orchestrator/watchers/discordWatcher.js:54:16)\n    at listOnTimeout (node:internal/timers:605:17)\n    at process.processTimers (node:internal/timers:541:7)"}
[2026-04-04 11:43:24] [ERROR] Uncaught exception {"err":"Cannot read properties of null (reading 'send')","stack":"TypeError: Cannot read properties of null (reading 'send')\n    at Timeout._onTimeout (/Users/Fredrick/.openclaw/orchestrator/watchers/discordWatcher.js:54:16)\n    at listOnTimeout (node:internal/timers:605:17)\n    at process.processTimers (node:internal/timers:541:7)"}
[2026-04-04 11:43:24] [INFO ] Discord gateway reconnecting…
[2026-04-04 11:43:25] [INFO ] Discord gateway connected
[2026-04-04 11:43:26] [INFO ] Discord gateway ready {"bot":"Fredrick-bot"}
[2026-04-04 13:51:48] [WARN ] Discord requested reconnect
[2026-04-04 13:51:48] [INFO ] Discord gateway reconnecting…
[2026-04-04 13:51:48] [WARN ] Discord gateway disconnected {"code":1006}
[2026-04-04 13:51:48] [ERROR] Discord WS error {"err":"WebSocket was closed before the connection was established"}
[2026-04-04 13:51:48] [WARN ] Discord gateway disconnected {"code":1006}
[2026-04-04 13:51:53] [INFO ] Discord gateway reconnecting…
[2026-04-04 13:51:54] [INFO ] Discord gateway connected
[2026-04-04 13:51:54] [INFO ] Discord gateway ready {"bot":"Fredrick-bot"}
[2026-04-04 13:51:58] [INFO ] Discord gateway reconnecting…
[2026-04-04 13:51:59] [INFO ] Discord gateway connected
[2026-04-04 13:52:00] [INFO ] Discord gateway ready {"bot":"Fredrick-bot"}
[2026-04-04 13:52:54] [WARN ] Discord gateway disconnected {"code":1000}
[2026-04-04 13:52:54] [WARN ] Discord gateway disconnected {"code":1006}
[2026-04-04 13:52:57] [ERROR] Uncaught exception {"err":"Cannot read properties of null (reading 'send')","stack":"TypeError: Cannot read properties of null (reading 'send')\n    at Timeout._onTimeout (/Users/Fredrick/.openclaw/orchestrator/watchers/discordWatcher.js:54:16)\n    at listOnTimeout (node:internal/timers:605:17)\n    at process.processTimers (node:internal/timers:541:7)"}
[2026-04-04 13:52:59] [ERROR] Uncaught exception {"err":"Cannot read properties of null (reading 'send')","stack":"TypeError: Cannot read properties of null (reading 'send')\n    at Timeout._onTimeout (/Users/Fredrick/.openclaw/orchestrator/watchers/discordWatcher.js:54:16)\n    at listOnTimeout (node:internal/timers:605:17)\n    at process.processTimers (node:internal/timers:541:7)"}
[2026-04-04 13:52:59] [INFO ] Discord gateway reconnecting…
[2026-04-04 13:53:00] [INFO ] Discord gateway connected
[2026-04-04 13:53:00] [INFO ] Discord gateway ready {"bot":"Fredrick-bot"}
[2026-04-04 15:01:16] [INFO ] OpenClaw Orchestrator starting…
[2026-04-04 15:01:16] [INFO ] File watcher started {"watching":["openclaw.json","permissions.json"]}
[2026-04-04 15:01:18] [INFO ] Load monitor started {"intervalMs":30000}
[2026-04-04 15:01:18] [INFO ] Orchestrator running ✓ {"fileWatcher":"active","discordWatcher":"active","api":"http://127.0.0.1:7892"}
[2026-04-04 15:01:18] [ERROR] Uncaught exception {"err":"listen EADDRINUSE: address already in use 127.0.0.1:7892","stack":"Error: listen EADDRINUSE: address already in use 127.0.0.1:7892\n    at Server.setupListenHandle [as _listen2] (node:net:1948:16)\n    at listenInCluster (node:net:2005:12)\n    at node:net:2214:7\n    at process.processTicksAndRejections (node:internal/process/task_queues:90:21)"}
[2026-04-04 15:01:18] [INFO ] Discord gateway connected
[2026-04-04 15:01:19] [INFO ] Discord gateway ready {"bot":"Fredrick-bot"}
[2026-04-04 15:01:26] [INFO ] Received SIGTERM — shutting down
[2026-04-04 16:22:57] [INFO ] Received SIGTERM — shutting down
[2026-04-04 16:22:57] [INFO ] OpenClaw Orchestrator starting…
[2026-04-04 16:22:57] [INFO ] File watcher started {"watching":["openclaw.json","permissions.json"]}
[2026-04-04 16:22:58] [INFO ] Load monitor started {"intervalMs":30000}
[2026-04-04 16:22:58] [INFO ] Orchestrator running ✓ {"fileWatcher":"active","discordWatcher":"active","api":"http://127.0.0.1:7892"}
[2026-04-04 16:22:58] [INFO ] Orchestrator API listening on http://127.0.0.1:7892
[2026-04-04 16:22:58] [INFO ] Discord gateway connected
[2026-04-04 16:22:59] [INFO ] Discord gateway ready {"bot":"Fredrick-bot"}
[2026-04-04 16:23:10] [INFO ] Received SIGTERM — shutting down
[2026-04-04 16:23:10] [INFO ] OpenClaw Orchestrator starting…
[2026-04-04 16:23:10] [INFO ] File watcher started {"watching":["openclaw.json","permissions.json"]}
[2026-04-04 16:23:11] [INFO ] Load monitor started {"intervalMs":30000}
[2026-04-04 16:23:11] [INFO ] Orchestrator running ✓ {"fileWatcher":"active","discordWatcher":"active","api":"http://127.0.0.1:7892"}
[2026-04-04 16:23:11] [INFO ] Orchestrator API listening on http://127.0.0.1:7892
[2026-04-04 16:23:11] [INFO ] Discord gateway connected
[2026-04-04 16:23:12] [INFO ] Discord gateway ready {"bot":"Fredrick-bot"}
[2026-04-04 17:15:14] [INFO ] OpenClaw Control Center starting…
[2026-04-04 17:15:14] [INFO ] File watcher started {"watching":["openclaw.json","permissions.json"]}
[2026-04-04 17:15:16] [INFO ] Load monitor started {"intervalMs":30000}
[2026-04-04 17:15:16] [ERROR] Uncaught exception {"err":"listen EADDRINUSE: address already in use 127.0.0.1:7891","stack":"Error: listen EADDRINUSE: address already in use 127.0.0.1:7891\n    at Server.setupListenHandle [as _listen2] (node:net:1948:16)\n    at listenInCluster (node:net:2005:12)\n    at node:net:2214:7\n    at process.processTicksAndRejections (node:internal/process/task_queues:90:21)"}
[2026-04-04 17:15:16] [INFO ] Discord gateway connected
[2026-04-04 17:15:16] [INFO ] Discord gateway ready {"bot":"Fredrick-bot"}
[2026-04-04 17:16:47] [INFO ] Received SIGTERM — shutting down
[2026-04-04 17:16:47] [INFO ] Received SIGTERM — shutting down
[2026-04-04 17:16:47] [INFO ] Received SIGTERM — shutting down
[2026-04-04 17:16:48] [INFO ] OpenClaw Control Center starting…
[2026-04-04 17:16:48] [INFO ] File watcher started {"watching":["openclaw.json","permissions.json"]}
[2026-04-04 17:16:49] [INFO ] Load monitor started {"intervalMs":30000}
[2026-04-04 17:16:49] [INFO ] OpenClaw Control Center → http://127.0.0.1:7891
[2026-04-04 17:16:49] [INFO ] Discord gateway connected
[2026-04-04 17:16:50] [INFO ] Discord gateway ready {"bot":"Fredrick-bot"}
[2026-04-04 17:23:16] [INFO ] OpenClaw Control Center starting…
[2026-04-04 17:23:16] [INFO ] File watcher started {"watching":["openclaw.json","permissions.json"]}
[2026-04-04 17:23:17] [INFO ] Load monitor started {"intervalMs":30000}
[2026-04-04 17:23:17] [ERROR] Uncaught exception {"err":"listen EADDRINUSE: address already in use 127.0.0.1:7891","stack":"Error: listen EADDRINUSE: address already in use 127.0.0.1:7891\n    at Server.setupListenHandle [as _listen2] (node:net:1948:16)\n    at listenInCluster (node:net:2005:12)\n    at node:net:2214:7\n    at process.processTicksAndRejections (node:internal/process/task_queues:90:21)"}
[2026-04-04 17:23:17] [INFO ] Discord gateway connected
[2026-04-04 17:23:18] [INFO ] Discord gateway ready {"bot":"Fredrick-bot"}
[2026-04-04 18:16:32] [WARN ] Discord requested reconnect
[2026-04-04 18:16:32] [INFO ] Discord gateway reconnecting…
[2026-04-04 18:16:32] [WARN ] Discord gateway disconnected {"code":1006}
[2026-04-04 18:16:32] [ERROR] Discord WS error {"err":"WebSocket was closed before the connection was established"}
[2026-04-04 18:16:32] [WARN ] Discord gateway disconnected {"code":1006}
[2026-04-04 18:16:37] [INFO ] Discord gateway reconnecting…
[2026-04-04 18:16:38] [INFO ] Discord gateway connected
[2026-04-04 18:16:38] [INFO ] Discord gateway ready {"bot":"Fredrick-bot"}
[2026-04-04 18:16:42] [INFO ] Discord gateway reconnecting…
[2026-04-04 18:16:43] [INFO ] Discord gateway connected
[2026-04-04 18:16:43] [INFO ] Discord gateway ready {"bot":"Fredrick-bot"}
[2026-04-04 18:17:38] [WARN ] Discord gateway disconnected {"code":1000}
[2026-04-04 18:17:38] [WARN ] Discord gateway disconnected {"code":1006}
[2026-04-04 18:17:43] [INFO ] Discord gateway reconnecting…
[2026-04-04 18:17:44] [INFO ] Discord gateway connected
[2026-04-04 18:17:44] [INFO ] Discord gateway ready {"bot":"Fredrick-bot"}
[2026-04-04 18:19:32] [INFO ] OpenClaw Control Center starting…
[2026-04-04 18:19:32] [INFO ] File watcher started {"watching":["openclaw.json","permissions.json"]}
[2026-04-04 18:19:33] [INFO ] Load monitor started {"intervalMs":30000}
[2026-04-04 18:19:33] [ERROR] Uncaught exception {"err":"listen EADDRINUSE: address already in use 127.0.0.1:7891","stack":"Error: listen EADDRINUSE: address already in use 127.0.0.1:7891\n    at Server.setupListenHandle [as _listen2] (node:net:1948:16)\n    at listenInCluster (node:net:2005:12)\n    at node:net:2214:7\n    at process.processTicksAndRejections (node:internal/process/task_queues:90:21)"}
[2026-04-04 18:19:33] [INFO ] Discord gateway connected
[2026-04-04 18:19:33] [INFO ] Discord gateway ready {"bot":"Fredrick-bot"}
[2026-04-04 18:19:42] [INFO ] Received SIGTERM — shutting down
[2026-04-04 18:19:42] [INFO ] Received SIGTERM — shutting down
[2026-04-04 18:19:42] [INFO ] Received SIGTERM — shutting down
[2026-04-04 18:19:44] [INFO ] OpenClaw Control Center starting…
[2026-04-04 18:19:44] [INFO ] File watcher started {"watching":["openclaw.json","permissions.json"]}
[2026-04-04 18:19:45] [INFO ] Load monitor started {"intervalMs":30000}
[2026-04-04 18:19:45] [INFO ] OpenClaw Control Center → http://127.0.0.1:7891
[2026-04-04 18:19:45] [INFO ] Discord gateway connected
[2026-04-04 18:19:46] [INFO ] Discord gateway ready {"bot":"Fredrick-bot"}
[2026-04-04 18:41:18] [INFO ] OpenClaw Control Center starting…
[2026-04-04 18:41:18] [INFO ] File watcher started {"watching":["openclaw.json","permissions.json"]}
[2026-04-04 18:41:19] [INFO ] Load monitor started {"intervalMs":30000}
[2026-04-04 18:41:19] [ERROR] Uncaught exception {"err":"listen EADDRINUSE: address already in use 127.0.0.1:7891","stack":"Error: listen EADDRINUSE: address already in use 127.0.0.1:7891\n    at Server.setupListenHandle [as _listen2] (node:net:1948:16)\n    at listenInCluster (node:net:2005:12)\n    at node:net:2214:7\n    at process.processTicksAndRejections (node:internal/process/task_queues:90:21)"}
[2026-04-04 18:41:19] [INFO ] Discord gateway connected
[2026-04-04 18:41:20] [INFO ] Discord gateway ready {"bot":"Fredrick-bot"}
[2026-04-04 18:41:39] [INFO ] Received SIGTERM — shutting down
[2026-04-04 18:41:39] [INFO ] Received SIGTERM — shutting down
[2026-04-04 18:41:40] [INFO ] OpenClaw Control Center starting…
[2026-04-04 18:41:40] [INFO ] File watcher started {"watching":["openclaw.json","permissions.json"]}
[2026-04-04 18:41:41] [INFO ] Load monitor started {"intervalMs":30000}
[2026-04-04 18:41:41] [INFO ] OpenClaw Control Center → http://127.0.0.1:7891
[2026-04-04 18:41:41] [INFO ] Discord gateway connected
[2026-04-04 18:41:41] [INFO ] Discord gateway ready {"bot":"Fredrick-bot"}
[2026-04-04 18:46:01] [INFO ] OpenClaw Control Center starting…
[2026-04-04 18:46:01] [INFO ] File watcher started {"watching":["openclaw.json","permissions.json"]}
[2026-04-04 18:46:02] [INFO ] Load monitor started {"intervalMs":30000}
[2026-04-04 18:46:02] [ERROR] Uncaught exception {"err":"listen EADDRINUSE: address already in use 127.0.0.1:7891","stack":"Error: listen EADDRINUSE: address already in use 127.0.0.1:7891\n    at Server.setupListenHandle [as _listen2] (node:net:1948:16)\n    at listenInCluster (node:net:2005:12)\n    at node:net:2214:7\n    at process.processTicksAndRejections (node:internal/process/task_queues:90:21)"}
[2026-04-04 18:46:02] [INFO ] Discord gateway connected
[2026-04-04 18:46:03] [INFO ] Discord gateway ready {"bot":"Fredrick-bot"}
[2026-04-04 18:47:45] [INFO ] OpenClaw Control Center starting…
[2026-04-04 18:47:45] [INFO ] File watcher started {"watching":["openclaw.json","permissions.json"]}
[2026-04-04 18:47:46] [INFO ] Load monitor started {"intervalMs":30000}
[2026-04-04 18:47:46] [ERROR] Uncaught exception {"err":"listen EADDRINUSE: address already in use 127.0.0.1:7891","stack":"Error: listen EADDRINUSE: address already in use 127.0.0.1:7891\n    at Server.setupListenHandle [as _listen2] (node:net:1948:16)\n    at listenInCluster (node:net:2005:12)\n    at node:net:2214:7\n    at process.processTicksAndRejections (node:internal/process/task_queues:90:21)"}
[2026-04-04 18:47:47] [INFO ] Discord gateway connected
[2026-04-04 18:47:47] [INFO ] Discord gateway ready {"bot":"Fredrick-bot"}
[2026-04-04 18:50:47] [INFO ] OpenClaw Control Center starting…
[2026-04-04 18:50:47] [INFO ] File watcher started {"watching":["openclaw.json","permissions.json"]}
[2026-04-04 18:50:48] [INFO ] Load monitor started {"intervalMs":30000}
[2026-04-04 18:50:48] [ERROR] Uncaught exception {"err":"listen EADDRINUSE: address already in use 127.0.0.1:7891","stack":"Error: listen EADDRINUSE: address already in use 127.0.0.1:7891\n    at Server.setupListenHandle [as _listen2] (node:net:1948:16)\n    at listenInCluster (node:net:2005:12)\n    at node:net:2214:7\n    at process.processTicksAndRejections (node:internal/process/task_queues:90:21)"}
[2026-04-04 18:50:48] [INFO ] Discord gateway connected
[2026-04-04 18:50:49] [INFO ] Discord gateway ready {"bot":"Fredrick-bot"}
[2026-04-04 18:53:57] [INFO ] OpenClaw Control Center starting…
[2026-04-04 18:53:57] [INFO ] File watcher started {"watching":["openclaw.json","permissions.json"]}
[2026-04-04 18:53:59] [INFO ] Load monitor started {"intervalMs":30000}
[2026-04-04 18:53:59] [ERROR] Uncaught exception {"err":"listen EADDRINUSE: address already in use 127.0.0.1:7891","stack":"Error: listen EADDRINUSE: address already in use 127.0.0.1:7891\n    at Server.setupListenHandle [as _listen2] (node:net:1948:16)\n    at listenInCluster (node:net:2005:12)\n    at node:net:2214:7\n    at process.processTicksAndRejections (node:internal/process/task_queues:90:21)"}
[2026-04-04 18:53:59] [INFO ] Discord gateway connected
[2026-04-04 18:54:00] [INFO ] Discord gateway ready {"bot":"Fredrick-bot"}
[2026-04-04 18:54:54] [INFO ] OpenClaw Control Center starting…
[2026-04-04 18:54:54] [INFO ] File watcher started {"watching":["openclaw.json","permissions.json"]}
[2026-04-04 18:54:55] [INFO ] Load monitor started {"intervalMs":30000}
[2026-04-04 18:54:55] [ERROR] Uncaught exception {"err":"listen EADDRINUSE: address already in use 127.0.0.1:7891","stack":"Error: listen EADDRINUSE: address already in use 127.0.0.1:7891\n    at Server.setupListenHandle [as _listen2] (node:net:1948:16)\n    at listenInCluster (node:net:2005:12)\n    at node:net:2214:7\n    at process.processTicksAndRejections (node:internal/process/task_queues:90:21)"}
[2026-04-04 18:54:55] [INFO ] Discord gateway connected
[2026-04-04 18:54:56] [INFO ] Discord gateway ready {"bot":"Fredrick-bot"}
[2026-04-04 18:55:01] [INFO ] Received SIGTERM — shutting down
[2026-04-04 18:55:01] [INFO ] Received SIGTERM — shutting down
[2026-04-04 18:55:01] [INFO ] Received SIGTERM — shutting down
[2026-04-04 18:55:01] [INFO ] Received SIGTERM — shutting down
[2026-04-04 18:55:01] [INFO ] Received SIGTERM — shutting down
[2026-04-04 18:55:01] [INFO ] Received SIGTERM — shutting down
[2026-04-04 18:55:03] [INFO ] OpenClaw Control Center starting…
[2026-04-04 18:55:03] [INFO ] File watcher started {"watching":["openclaw.json","permissions.json"]}
[2026-04-04 18:55:04] [INFO ] Load monitor started {"intervalMs":30000}
[2026-04-04 18:55:04] [INFO ] OpenClaw Control Center → http://127.0.0.1:7891
[2026-04-04 18:55:05] [INFO ] Discord gateway connected
[2026-04-04 18:55:05] [INFO ] Discord gateway ready {"bot":"Fredrick-bot"}
[2026-04-04 18:58:34] [INFO ] Received SIGTERM — shutting down
[2026-04-04 18:58:36] [INFO ] OpenClaw Control Center starting…
[2026-04-04 18:58:36] [INFO ] File watcher started {"watching":["openclaw.json","permissions.json"]}
[2026-04-04 18:58:38] [INFO ] Load monitor started {"intervalMs":30000}
[2026-04-04 18:58:38] [INFO ] OpenClaw Control Center → http://127.0.0.1:7891
[2026-04-04 18:58:38] [INFO ] Discord gateway connected
[2026-04-04 18:58:38] [INFO ] Discord gateway ready {"bot":"Fredrick-bot"}
[2026-04-04 19:01:02] [INFO ] Received SIGTERM — shutting down
[2026-04-04 19:01:04] [INFO ] OpenClaw Control Center starting…
[2026-04-04 19:01:04] [INFO ] File watcher started {"watching":["openclaw.json","permissions.json"]}
[2026-04-04 19:01:05] [INFO ] Load monitor started {"intervalMs":30000}
[2026-04-04 19:01:05] [INFO ] OpenClaw Control Center → http://127.0.0.1:7891
[2026-04-04 19:01:05] [INFO ] Discord gateway connected
[2026-04-04 19:01:06] [INFO ] Discord gateway ready {"bot":"Fredrick-bot"}
[2026-04-04 19:02:04] [INFO ] Received SIGTERM — shutting down
[2026-04-04 19:02:06] [INFO ] OpenClaw Control Center starting…
[2026-04-04 19:02:06] [INFO ] File watcher started {"watching":["openclaw.json","permissions.json"]}
[2026-04-04 19:02:07] [INFO ] Load monitor started {"intervalMs":30000}
[2026-04-04 19:02:07] [INFO ] OpenClaw Control Center → http://127.0.0.1:7891
[2026-04-04 19:02:07] [INFO ] Discord gateway connected
[2026-04-04 19:02:08] [INFO ] Discord gateway ready {"bot":"Fredrick-bot"}
[2026-04-04 19:06:35] [INFO ] Received SIGTERM — shutting down
[2026-04-04 19:06:37] [INFO ] OpenClaw Control Center starting…
[2026-04-04 19:06:37] [INFO ] File watcher started {"watching":["openclaw.json","permissions.json"]}
[2026-04-04 19:06:39] [INFO ] Load monitor started {"intervalMs":30000}
[2026-04-04 19:06:39] [INFO ] OpenClaw Control Center → http://127.0.0.1:7891
[2026-04-04 19:06:39] [INFO ] Discord gateway connected
[2026-04-04 19:06:39] [INFO ] Discord gateway ready {"bot":"Fredrick-bot"}
[2026-04-04 19:08:35] [INFO ] Received SIGTERM — shutting down
[2026-04-04 19:08:37] [INFO ] OpenClaw Control Center starting…
[2026-04-04 19:08:37] [INFO ] File watcher started {"watching":["openclaw.json","permissions.json"]}
[2026-04-04 19:08:38] [INFO ] Load monitor started {"intervalMs":30000}
[2026-04-04 19:08:38] [INFO ] OpenClaw Control Center → http://127.0.0.1:7891
[2026-04-04 19:08:38] [INFO ] Discord gateway connected
[2026-04-04 19:08:38] [INFO ] Discord gateway ready {"bot":"Fredrick-bot"}
[2026-04-04 19:11:53] [INFO ] Received SIGTERM — shutting down
[2026-04-04 19:11:56] [INFO ] OpenClaw Control Center starting…
[2026-04-04 19:11:56] [INFO ] File watcher started {"watching":["openclaw.json","permissions.json"]}
[2026-04-04 19:11:57] [INFO ] Load monitor started {"intervalMs":30000}
[2026-04-04 19:11:57] [INFO ] OpenClaw Control Center → http://127.0.0.1:7891
[2026-04-04 19:11:57] [INFO ] Discord gateway connected
[2026-04-04 19:11:57] [INFO ] Discord gateway ready {"bot":"Fredrick-bot"}
[2026-04-04 19:12:12] [INFO ] Received SIGTERM — shutting down
[2026-04-04 19:12:14] [INFO ] OpenClaw Control Center starting…
[2026-04-04 19:12:14] [INFO ] File watcher started {"watching":["openclaw.json","permissions.json"]}
[2026-04-04 19:12:16] [INFO ] Load monitor started {"intervalMs":30000}
[2026-04-04 19:12:16] [INFO ] OpenClaw Control Center → http://127.0.0.1:7891
[2026-04-04 19:12:16] [INFO ] Discord gateway connected
[2026-04-04 19:12:17] [INFO ] Discord gateway ready {"bot":"Fredrick-bot"}
[2026-04-04 20:34:40] [WARN ] Discord requested reconnect
[2026-04-04 20:34:40] [INFO ] Discord gateway reconnecting…
[2026-04-04 20:34:40] [WARN ] Discord gateway disconnected {"code":1006}
[2026-04-04 20:34:40] [ERROR] Discord WS error {"err":"WebSocket was closed before the connection was established"}
[2026-04-04 20:34:40] [WARN ] Discord gateway disconnected {"code":1006}
[2026-04-04 20:34:45] [INFO ] Discord gateway reconnecting…
[2026-04-04 20:34:45] [INFO ] Discord gateway connected
[2026-04-04 20:34:45] [INFO ] Discord gateway ready {"bot":"Fredrick-bot"}
[2026-04-04 20:34:50] [INFO ] Discord gateway reconnecting…
[2026-04-04 20:34:50] [INFO ] Discord gateway connected
[2026-04-04 20:34:50] [INFO ] Discord gateway ready {"bot":"Fredrick-bot"}
[2026-04-04 20:35:45] [WARN ] Discord gateway disconnected {"code":1000}
[2026-04-04 20:35:45] [WARN ] Discord gateway disconnected {"code":1006}
[2026-04-04 20:35:50] [INFO ] Discord gateway reconnecting…
[2026-04-04 20:35:51] [INFO ] Discord gateway connected
[2026-04-04 20:35:51] [INFO ] Discord gateway ready {"bot":"Fredrick-bot"}
[2026-04-04 20:55:34] [WARN ] Discord requested reconnect
[2026-04-04 20:55:34] [INFO ] Discord gateway reconnecting…
[2026-04-04 20:55:34] [WARN ] Discord gateway disconnected {"code":1006}
[2026-04-04 20:55:34] [ERROR] Discord WS error {"err":"WebSocket was closed before the connection was established"}
[2026-04-04 20:55:34] [WARN ] Discord gateway disconnected {"code":1006}
[2026-04-04 20:55:39] [INFO ] Discord gateway reconnecting…
[2026-04-04 20:55:39] [INFO ] Discord gateway connected
[2026-04-04 20:55:39] [INFO ] Discord gateway ready {"bot":"Fredrick-bot"}
[2026-04-04 20:55:44] [INFO ] Discord gateway reconnecting…
[2026-04-04 20:55:44] [INFO ] Discord gateway connected
[2026-04-04 20:55:44] [INFO ] Discord gateway ready {"bot":"Fredrick-bot"}
[2026-04-04 20:56:39] [WARN ] Discord gateway disconnected {"code":1000}
[2026-04-04 20:56:39] [WARN ] Discord gateway disconnected {"code":1006}
[2026-04-04 20:56:44] [INFO ] Discord gateway reconnecting…
[2026-04-04 20:56:45] [INFO ] Discord gateway connected
[2026-04-04 20:56:45] [INFO ] Discord gateway ready {"bot":"Fredrick-bot"}
[2026-04-04 22:45:18] [WARN ] Discord requested reconnect
[2026-04-04 22:45:18] [INFO ] Discord gateway reconnecting…
[2026-04-04 22:45:18] [WARN ] Discord gateway disconnected {"code":1006}
[2026-04-04 22:45:18] [ERROR] Discord WS error {"err":"WebSocket was closed before the connection was established"}
[2026-04-04 22:45:18] [WARN ] Discord gateway disconnected {"code":1006}
[2026-04-04 22:45:23] [ERROR] Uncaught exception {"err":"Cannot read properties of null (reading 'send')","stack":"TypeError: Cannot read properties of null (reading 'send')\n    at Timeout._onTimeout (/Users/Fredrick/.openclaw/workspace-general/openclaw-dashboard/watchers/discordWatcher.js:54:16)\n    at listOnTimeout (node:internal/timers:605:17)\n    at process.processTimers (node:internal/timers:541:7)"}
[2026-04-04 22:45:23] [INFO ] Discord gateway reconnecting…
[2026-04-04 22:45:24] [INFO ] Discord gateway connected
[2026-04-04 22:45:24] [INFO ] Discord gateway ready {"bot":"Fredrick-bot"}
[2026-04-04 22:45:28] [INFO ] Discord gateway reconnecting…
[2026-04-04 22:45:28] [INFO ] Discord gateway connected
[2026-04-04 22:45:29] [INFO ] Discord gateway ready {"bot":"Fredrick-bot"}
[2026-04-04 22:46:24] [WARN ] Discord gateway disconnected {"code":1000}
[2026-04-04 22:46:24] [WARN ] Discord gateway disconnected {"code":1006}
[2026-04-04 22:46:29] [INFO ] Discord gateway reconnecting…
[2026-04-04 22:46:29] [INFO ] Discord gateway connected
[2026-04-04 22:46:30] [INFO ] Discord gateway ready {"bot":"Fredrick-bot"}
