[2026-04-06 03:01:27] [WARN ] Discord requested reconnect
[2026-04-06 03:01:27] [INFO ] Discord gateway reconnecting…
[2026-04-06 03:01:27] [WARN ] Discord gateway disconnected {"code":1006}
[2026-04-06 03:01:27] [ERROR] Discord WS error {"err":"WebSocket was closed before the connection was established"}
[2026-04-06 03:01:27] [WARN ] Discord gateway disconnected {"code":1006}
[2026-04-06 03:01:29] [ERROR] Uncaught exception {"err":"Cannot read properties of null (reading 'send')","stack":"TypeError: Cannot read properties of null (reading 'send')\n    at Timeout._onTimeout (/Users/Fredrick/.openclaw/workspace-general/openclaw-dashboard/watchers/discordWatcher.js:54:16)\n    at listOnTimeout (node:internal/timers:605:17)\n    at process.processTimers (node:internal/timers:541:7)"}
[2026-04-06 03:01:31] [ERROR] Uncaught exception {"err":"Cannot read properties of null (reading 'send')","stack":"TypeError: Cannot read properties of null (reading 'send')\n    at Timeout._onTimeout (/Users/Fredrick/.openclaw/workspace-general/openclaw-dashboard/watchers/discordWatcher.js:54:16)\n    at listOnTimeout (node:internal/timers:605:17)\n    at process.processTimers (node:internal/timers:541:7)"}
[2026-04-06 03:01:32] [INFO ] Discord gateway reconnecting…
[2026-04-06 03:01:32] [INFO ] Discord gateway connected
[2026-04-06 03:01:32] [INFO ] Discord gateway ready {"bot":"Fredrick-bot"}
[2026-04-06 03:01:37] [INFO ] Discord gateway reconnecting…
[2026-04-06 03:01:37] [INFO ] Discord gateway connected
[2026-04-06 03:01:37] [INFO ] Discord gateway ready {"bot":"Fredrick-bot"}
[2026-04-06 03:02:32] [WARN ] Discord gateway disconnected {"code":1000}
[2026-04-06 03:02:32] [WARN ] Discord gateway disconnected {"code":1006}
[2026-04-06 03:02:35] [ERROR] Uncaught exception {"err":"Cannot read properties of null (reading 'send')","stack":"TypeError: Cannot read properties of null (reading 'send')\n    at Timeout._onTimeout (/Users/Fredrick/.openclaw/workspace-general/openclaw-dashboard/watchers/discordWatcher.js:54:16)\n    at listOnTimeout (node:internal/timers:605:17)\n    at process.processTimers (node:internal/timers:541:7)"}
[2026-04-06 03:02:37] [INFO ] Discord gateway reconnecting…
[2026-04-06 03:02:37] [INFO ] Discord gateway connected
[2026-04-06 03:02:38] [INFO ] Discord gateway ready {"bot":"Fredrick-bot"}
[2026-04-06 06:08:57] [WARN ] Discord requested reconnect
[2026-04-06 06:08:57] [INFO ] Discord gateway reconnecting…
[2026-04-06 06:08:57] [WARN ] Discord gateway disconnected {"code":1006}
[2026-04-06 06:08:57] [ERROR] Discord WS error {"err":"WebSocket was closed before the connection was established"}
[2026-04-06 06:08:57] [WARN ] Discord gateway disconnected {"code":1006}
[2026-04-06 06:08:58] [ERROR] Uncaught exception {"err":"Cannot read properties of null (reading 'send')","stack":"TypeError: Cannot read properties of null (reading 'send')\n    at Timeout._onTimeout (/Users/Fredrick/.openclaw/workspace-general/openclaw-dashboard/watchers/discordWatcher.js:54:16)\n    at listOnTimeout (node:internal/timers:605:17)\n    at process.processTimers (node:internal/timers:541:7)"}
[2026-04-06 06:09:02] [INFO ] Discord gateway reconnecting…
[2026-04-06 06:09:02] [ERROR] Uncaught exception {"err":"WebSocket is not open: readyState 0 (CONNECTING)","stack":"Error: WebSocket is not open: readyState 0 (CONNECTING)\n    at WebSocket.send (/usr/local/lib/node_modules/openclaw/node_modules/ws/lib/websocket.js:451:13)\n    at Timeout._onTimeout (/Users/Fredrick/.openclaw/workspace-general/openclaw-dashboard/watchers/discordWatcher.js:54:16)\n    at listOnTimeout (node:internal/timers:605:17)\n    at process.processTimers (node:internal/timers:541:7)"}
[2026-04-06 06:09:03] [INFO ] Discord gateway connected
[2026-04-06 06:09:03] [INFO ] Discord gateway ready {"bot":"Fredrick-bot"}
[2026-04-06 06:09:07] [INFO ] Discord gateway reconnecting…
[2026-04-06 06:09:07] [INFO ] Discord gateway connected
[2026-04-06 06:09:08] [INFO ] Discord gateway ready {"bot":"Fredrick-bot"}
[2026-04-06 06:10:03] [WARN ] Discord gateway disconnected {"code":1000}
[2026-04-06 06:10:03] [WARN ] Discord gateway disconnected {"code":1006}
[2026-04-06 06:10:04] [ERROR] Uncaught exception {"err":"Cannot read properties of null (reading 'send')","stack":"TypeError: Cannot read properties of null (reading 'send')\n    at Timeout._onTimeout (/Users/Fredrick/.openclaw/workspace-general/openclaw-dashboard/watchers/discordWatcher.js:54:16)\n    at listOnTimeout (node:internal/timers:605:17)\n    at process.processTimers (node:internal/timers:541:7)"}
[2026-04-06 06:10:06] [ERROR] Uncaught exception {"err":"Cannot read properties of null (reading 'send')","stack":"TypeError: Cannot read properties of null (reading 'send')\n    at Timeout._onTimeout (/Users/Fredrick/.openclaw/workspace-general/openclaw-dashboard/watchers/discordWatcher.js:54:16)\n    at listOnTimeout (node:internal/timers:605:17)\n    at process.processTimers (node:internal/timers:541:7)"}
[2026-04-06 06:10:08] [INFO ] Discord gateway reconnecting…
[2026-04-06 06:10:08] [INFO ] Discord gateway connected
[2026-04-06 06:10:09] [INFO ] Discord gateway ready {"bot":"Fredrick-bot"}
[2026-04-06 08:00:43] [WARN ] Discord requested reconnect
[2026-04-06 08:00:43] [INFO ] Discord gateway reconnecting…
[2026-04-06 08:00:43] [WARN ] Discord gateway disconnected {"code":1006}
[2026-04-06 08:00:43] [ERROR] Discord WS error {"err":"WebSocket was closed before the connection was established"}
[2026-04-06 08:00:43] [WARN ] Discord gateway disconnected {"code":1006}
[2026-04-06 08:00:44] [ERROR] Uncaught exception {"err":"Cannot read properties of null (reading 'send')","stack":"TypeError: Cannot read properties of null (reading 'send')\n    at Timeout._onTimeout (/Users/Fredrick/.openclaw/workspace-general/openclaw-dashboard/watchers/discordWatcher.js:54:16)\n    at listOnTimeout (node:internal/timers:605:17)\n    at process.processTimers (node:internal/timers:541:7)"}
[2026-04-06 08:00:45] [ERROR] Uncaught exception {"err":"Cannot read properties of null (reading 'send')","stack":"TypeError: Cannot read properties of null (reading 'send')\n    at Timeout._onTimeout (/Users/Fredrick/.openclaw/workspace-general/openclaw-dashboard/watchers/discordWatcher.js:54:16)\n    at listOnTimeout (node:internal/timers:605:17)\n    at process.processTimers (node:internal/timers:541:7)"}
[2026-04-06 08:00:48] [ERROR] Uncaught exception {"err":"Cannot read properties of null (reading 'send')","stack":"TypeError: Cannot read properties of null (reading 'send')\n    at Timeout._onTimeout (/Users/Fredrick/.openclaw/workspace-general/openclaw-dashboard/watchers/discordWatcher.js:54:16)\n    at listOnTimeout (node:internal/timers:605:17)\n    at process.processTimers (node:internal/timers:541:7)"}
[2026-04-06 08:00:48] [INFO ] Discord gateway reconnecting…
[2026-04-06 08:00:48] [INFO ] Discord gateway connected
[2026-04-06 08:00:49] [INFO ] Discord gateway ready {"bot":"Fredrick-bot"}
[2026-04-06 08:00:53] [INFO ] Discord gateway reconnecting…
[2026-04-06 08:00:53] [INFO ] Discord gateway connected
[2026-04-06 08:00:55] [INFO ] Discord gateway ready {"bot":"Fredrick-bot"}
[2026-04-06 08:01:49] [WARN ] Discord gateway disconnected {"code":1000}
[2026-04-06 08:01:49] [WARN ] Discord gateway disconnected {"code":1006}
[2026-04-06 08:01:49] [ERROR] Uncaught exception {"err":"Cannot read properties of null (reading 'send')","stack":"TypeError: Cannot read properties of null (reading 'send')\n    at Timeout._onTimeout (/Users/Fredrick/.openclaw/workspace-general/openclaw-dashboard/watchers/discordWatcher.js:54:16)\n    at listOnTimeout (node:internal/timers:605:17)\n    at process.processTimers (node:internal/timers:541:7)"}
[2026-04-06 08:01:52] [ERROR] Uncaught exception {"err":"Cannot read properties of null (reading 'send')","stack":"TypeError: Cannot read properties of null (reading 'send')\n    at Timeout._onTimeout (/Users/Fredrick/.openclaw/workspace-general/openclaw-dashboard/watchers/discordWatcher.js:54:16)\n    at listOnTimeout (node:internal/timers:605:17)\n    at process.processTimers (node:internal/timers:541:7)"}
[2026-04-06 08:01:54] [INFO ] Discord gateway reconnecting…
[2026-04-06 08:01:55] [INFO ] Discord gateway connected
[2026-04-06 08:01:55] [INFO ] Discord gateway ready {"bot":"Fredrick-bot"}
[2026-04-06 11:11:10] [WARN ] Discord requested reconnect
[2026-04-06 11:11:10] [INFO ] Discord gateway reconnecting…
[2026-04-06 11:11:10] [WARN ] Discord gateway disconnected {"code":1006}
[2026-04-06 11:11:10] [ERROR] Discord WS error {"err":"WebSocket was closed before the connection was established"}
[2026-04-06 11:11:10] [WARN ] Discord gateway disconnected {"code":1006}
[2026-04-06 11:11:11] [ERROR] Uncaught exception {"err":"Cannot read properties of null (reading 'send')","stack":"TypeError: Cannot read properties of null (reading 'send')\n    at Timeout._onTimeout (/Users/Fredrick/.openclaw/workspace-general/openclaw-dashboard/watchers/discordWatcher.js:54:16)\n    at listOnTimeout (node:internal/timers:605:17)\n    at process.processTimers (node:internal/timers:541:7)"}
[2026-04-06 11:11:12] [ERROR] Uncaught exception {"err":"Cannot read properties of null (reading 'send')","stack":"TypeError: Cannot read properties of null (reading 'send')\n    at Timeout._onTimeout (/Users/Fredrick/.openclaw/workspace-general/openclaw-dashboard/watchers/discordWatcher.js:54:16)\n    at listOnTimeout (node:internal/timers:605:17)\n    at process.processTimers (node:internal/timers:541:7)"}
[2026-04-06 11:11:15] [ERROR] Uncaught exception {"err":"Cannot read properties of null (reading 'send')","stack":"TypeError: Cannot read properties of null (reading 'send')\n    at Timeout._onTimeout (/Users/Fredrick/.openclaw/workspace-general/openclaw-dashboard/watchers/discordWatcher.js:54:16)\n    at listOnTimeout (node:internal/timers:605:17)\n    at process.processTimers (node:internal/timers:541:7)"}
[2026-04-06 11:11:15] [ERROR] Uncaught exception {"err":"Cannot read properties of null (reading 'send')","stack":"TypeError: Cannot read properties of null (reading 'send')\n    at Timeout._onTimeout (/Users/Fredrick/.openclaw/workspace-general/openclaw-dashboard/watchers/discordWatcher.js:54:16)\n    at listOnTimeout (node:internal/timers:605:17)\n    at process.processTimers (node:internal/timers:541:7)"}
[2026-04-06 11:11:15] [INFO ] Discord gateway reconnecting…
[2026-04-06 11:11:15] [INFO ] Discord gateway connected
[2026-04-06 11:11:16] [INFO ] Discord gateway ready {"bot":"Fredrick-bot"}
[2026-04-06 11:11:20] [INFO ] Discord gateway reconnecting…
[2026-04-06 11:11:20] [INFO ] Discord gateway connected
[2026-04-06 11:11:21] [INFO ] Discord gateway ready {"bot":"Fredrick-bot"}
[2026-04-06 11:12:16] [WARN ] Discord gateway disconnected {"code":1000}
[2026-04-06 11:12:16] [WARN ] Discord gateway disconnected {"code":1006}
[2026-04-06 11:12:18] [ERROR] Uncaught exception {"err":"Cannot read properties of null (reading 'send')","stack":"TypeError: Cannot read properties of null (reading 'send')\n    at Timeout._onTimeout (/Users/Fredrick/.openclaw/workspace-general/openclaw-dashboard/watchers/discordWatcher.js:54:16)\n    at listOnTimeout (node:internal/timers:605:17)\n    at process.processTimers (node:internal/timers:541:7)"}
[2026-04-06 11:12:21] [INFO ] Discord gateway reconnecting…
[2026-04-06 11:12:21] [INFO ] Discord gateway connected
[2026-04-06 11:12:21] [INFO ] Discord gateway ready {"bot":"Fredrick-bot"}
[2026-04-06 11:55:20] [WARN ] Discord requested reconnect
[2026-04-06 11:55:20] [INFO ] Discord gateway reconnecting…
[2026-04-06 11:55:20] [WARN ] Discord gateway disconnected {"code":1006}
[2026-04-06 11:55:20] [ERROR] Discord WS error {"err":"WebSocket was closed before the connection was established"}
[2026-04-06 11:55:20] [WARN ] Discord gateway disconnected {"code":1006}
[2026-04-06 11:55:20] [ERROR] Uncaught exception {"err":"Cannot read properties of null (reading 'send')","stack":"TypeError: Cannot read properties of null (reading 'send')\n    at Timeout._onTimeout (/Users/Fredrick/.openclaw/workspace-general/openclaw-dashboard/watchers/discordWatcher.js:54:16)\n    at listOnTimeout (node:internal/timers:605:17)\n    at process.processTimers (node:internal/timers:541:7)"}
[2026-04-06 11:55:22] [ERROR] Uncaught exception {"err":"Cannot read properties of null (reading 'send')","stack":"TypeError: Cannot read properties of null (reading 'send')\n    at Timeout._onTimeout (/Users/Fredrick/.openclaw/workspace-general/openclaw-dashboard/watchers/discordWatcher.js:54:16)\n    at listOnTimeout (node:internal/timers:605:17)\n    at process.processTimers (node:internal/timers:541:7)"}
[2026-04-06 11:55:25] [INFO ] Discord gateway reconnecting…
[2026-04-06 11:55:26] [INFO ] Discord gateway connected
[2026-04-06 11:55:27] [INFO ] Discord gateway ready {"bot":"Fredrick-bot"}
[2026-04-06 11:55:30] [INFO ] Discord gateway reconnecting…
[2026-04-06 11:55:30] [ERROR] Uncaught exception {"err":"WebSocket is not open: readyState 0 (CONNECTING)","stack":"Error: WebSocket is not open: readyState 0 (CONNECTING)\n    at WebSocket.send (/usr/local/lib/node_modules/openclaw/node_modules/ws/lib/websocket.js:451:13)\n    at Timeout._onTimeout (/Users/Fredrick/.openclaw/workspace-general/openclaw-dashboard/watchers/discordWatcher.js:54:16)\n    at listOnTimeout (node:internal/timers:605:17)\n    at process.processTimers (node:internal/timers:541:7)"}
[2026-04-06 11:55:30] [INFO ] Discord gateway connected
[2026-04-06 11:55:30] [INFO ] Discord gateway ready {"bot":"Fredrick-bot"}
[2026-04-06 11:56:26] [WARN ] Discord gateway disconnected {"code":1000}
[2026-04-06 11:56:26] [WARN ] Discord gateway disconnected {"code":1006}
[2026-04-06 11:56:26] [ERROR] Uncaught exception {"err":"Cannot read properties of null (reading 'send')","stack":"TypeError: Cannot read properties of null (reading 'send')\n    at Timeout._onTimeout (/Users/Fredrick/.openclaw/workspace-general/openclaw-dashboard/watchers/discordWatcher.js:54:16)\n    at listOnTimeout (node:internal/timers:605:17)\n    at process.processTimers (node:internal/timers:541:7)"}
[2026-04-06 11:56:26] [ERROR] Uncaught exception {"err":"Cannot read properties of null (reading 'send')","stack":"TypeError: Cannot read properties of null (reading 'send')\n    at Timeout._onTimeout (/Users/Fredrick/.openclaw/workspace-general/openclaw-dashboard/watchers/discordWatcher.js:54:16)\n    at listOnTimeout (node:internal/timers:605:17)\n    at process.processTimers (node:internal/timers:541:7)"}
[2026-04-06 11:56:26] [ERROR] Uncaught exception {"err":"Cannot read properties of null (reading 'send')","stack":"TypeError: Cannot read properties of null (reading 'send')\n    at Timeout._onTimeout (/Users/Fredrick/.openclaw/workspace-general/openclaw-dashboard/watchers/discordWatcher.js:54:16)\n    at listOnTimeout (node:internal/timers:605:17)\n    at process.processTimers (node:internal/timers:541:7)"}
[2026-04-06 11:56:30] [ERROR] Uncaught exception {"err":"Cannot read properties of null (reading 'send')","stack":"TypeError: Cannot read properties of null (reading 'send')\n    at Timeout._onTimeout (/Users/Fredrick/.openclaw/workspace-general/openclaw-dashboard/watchers/discordWatcher.js:54:16)\n    at listOnTimeout (node:internal/timers:605:17)\n    at process.processTimers (node:internal/timers:541:7)"}
[2026-04-06 11:56:31] [INFO ] Discord gateway reconnecting…
[2026-04-06 11:56:31] [INFO ] Discord gateway connected
[2026-04-06 11:56:31] [INFO ] Discord gateway ready {"bot":"Fredrick-bot"}
[2026-04-06 12:11:10] [WARN ] Discord gateway disconnected {"code":1006}
[2026-04-06 12:11:11] [ERROR] Uncaught exception {"err":"Cannot read properties of null (reading 'send')","stack":"TypeError: Cannot read properties of null (reading 'send')\n    at Timeout._onTimeout (/Users/Fredrick/.openclaw/workspace-general/openclaw-dashboard/watchers/discordWatcher.js:54:16)\n    at listOnTimeout (node:internal/timers:605:17)\n    at process.processTimers (node:internal/timers:541:7)"}
[2026-04-06 12:11:15] [ERROR] Uncaught exception {"err":"Cannot read properties of null (reading 'send')","stack":"TypeError: Cannot read properties of null (reading 'send')\n    at Timeout._onTimeout (/Users/Fredrick/.openclaw/workspace-general/openclaw-dashboard/watchers/discordWatcher.js:54:16)\n    at listOnTimeout (node:internal/timers:605:17)\n    at process.processTimers (node:internal/timers:541:7)"}
[2026-04-06 12:11:15] [ERROR] Uncaught exception {"err":"Cannot read properties of null (reading 'send')","stack":"TypeError: Cannot read properties of null (reading 'send')\n    at Timeout._onTimeout (/Users/Fredrick/.openclaw/workspace-general/openclaw-dashboard/watchers/discordWatcher.js:54:16)\n    at listOnTimeout (node:internal/timers:605:17)\n    at process.processTimers (node:internal/timers:541:7)"}
[2026-04-06 12:11:15] [INFO ] Discord gateway reconnecting…
[2026-04-06 12:11:15] [INFO ] Discord gateway connected
[2026-04-06 12:11:16] [INFO ] Discord gateway ready {"bot":"Fredrick-bot"}
[2026-04-06 12:36:51] [WARN ] Discord requested reconnect
[2026-04-06 12:36:51] [INFO ] Discord gateway reconnecting…
[2026-04-06 12:36:51] [WARN ] Discord gateway disconnected {"code":1006}
[2026-04-06 12:36:51] [ERROR] Discord WS error {"err":"WebSocket was closed before the connection was established"}
[2026-04-06 12:36:51] [WARN ] Discord gateway disconnected {"code":1006}
[2026-04-06 12:36:52] [ERROR] Uncaught exception {"err":"Cannot read properties of null (reading 'send')","stack":"TypeError: Cannot read properties of null (reading 'send')\n    at Timeout._onTimeout (/Users/Fredrick/.openclaw/workspace-general/openclaw-dashboard/watchers/discordWatcher.js:54:16)\n    at listOnTimeout (node:internal/timers:605:17)\n    at process.processTimers (node:internal/timers:541:7)"}
[2026-04-06 12:36:56] [INFO ] Discord gateway reconnecting…
[2026-04-06 12:36:56] [INFO ] Discord gateway connected
[2026-04-06 12:36:57] [INFO ] Discord gateway ready {"bot":"Fredrick-bot"}
[2026-04-06 12:37:01] [INFO ] Discord gateway reconnecting…
[2026-04-06 12:37:01] [INFO ] Discord gateway connected
[2026-04-06 12:37:02] [INFO ] Discord gateway ready {"bot":"Fredrick-bot"}
[2026-04-06 12:37:57] [WARN ] Discord gateway disconnected {"code":1000}
[2026-04-06 12:37:57] [WARN ] Discord gateway disconnected {"code":1006}
[2026-04-06 12:37:57] [ERROR] Uncaught exception {"err":"Cannot read properties of null (reading 'send')","stack":"TypeError: Cannot read properties of null (reading 'send')\n    at Timeout._onTimeout (/Users/Fredrick/.openclaw/workspace-general/openclaw-dashboard/watchers/discordWatcher.js:54:16)\n    at listOnTimeout (node:internal/timers:605:17)\n    at process.processTimers (node:internal/timers:541:7)"}
[2026-04-06 12:38:01] [ERROR] Uncaught exception {"err":"Cannot read properties of null (reading 'send')","stack":"TypeError: Cannot read properties of null (reading 'send')\n    at Timeout._onTimeout (/Users/Fredrick/.openclaw/workspace-general/openclaw-dashboard/watchers/discordWatcher.js:54:16)\n    at listOnTimeout (node:internal/timers:605:17)\n    at process.processTimers (node:internal/timers:541:7)"}
[2026-04-06 12:38:02] [INFO ] Discord gateway reconnecting…
[2026-04-06 12:38:02] [INFO ] Discord gateway connected
[2026-04-06 12:38:02] [INFO ] Discord gateway ready {"bot":"Fredrick-bot"}
[2026-04-06 13:53:24] [INFO ] Received SIGTERM — shutting down
[2026-04-06 13:53:25] [INFO ] OpenClaw Control Center starting…
[2026-04-06 13:53:25] [INFO ] File watcher started {"watching":["openclaw.json","permissions.json"]}
[2026-04-06 13:53:26] [INFO ] Load monitor started {"intervalMs":30000}
[2026-04-06 13:53:26] [INFO ] OpenClaw Control Center → http://127.0.0.1:7891
[2026-04-06 13:53:27] [INFO ] Discord gateway connected
[2026-04-06 13:53:27] [INFO ] Discord gateway ready {"bot":"Fredrick-bot"}
[2026-04-06 13:53:30] [ERROR] Unhandled rejection {"err":"ReferenceError: url is not defined"}
[2026-04-06 13:54:10] [INFO ] Received SIGTERM — shutting down
[2026-04-06 13:54:11] [INFO ] OpenClaw Control Center starting…
[2026-04-06 13:54:11] [INFO ] File watcher started {"watching":["openclaw.json","permissions.json"]}
[2026-04-06 13:54:12] [INFO ] Load monitor started {"intervalMs":30000}
[2026-04-06 13:54:12] [INFO ] OpenClaw Control Center → http://127.0.0.1:7891
[2026-04-06 13:54:12] [INFO ] Discord gateway connected
[2026-04-06 13:54:12] [INFO ] Discord gateway ready {"bot":"Fredrick-bot"}
[2026-04-06 14:06:41] [INFO ] Received SIGTERM — shutting down
[2026-04-06 14:06:42] [INFO ] OpenClaw Control Center starting…
[2026-04-06 14:06:42] [INFO ] File watcher started {"watching":["openclaw.json","permissions.json"]}
[2026-04-06 14:06:43] [INFO ] Load monitor started {"intervalMs":30000}
[2026-04-06 14:06:43] [INFO ] OpenClaw Control Center → http://127.0.0.1:7891
[2026-04-06 14:06:43] [INFO ] Discord gateway connected
[2026-04-06 14:06:44] [INFO ] Discord gateway ready {"bot":"Fredrick-bot"}
[2026-04-06 14:33:57] [WARN ] Discord requested reconnect
[2026-04-06 14:33:57] [INFO ] Discord gateway reconnecting…
[2026-04-06 14:33:57] [WARN ] Discord gateway disconnected {"code":1006}
[2026-04-06 14:33:57] [ERROR] Discord WS error {"err":"WebSocket was closed before the connection was established"}
[2026-04-06 14:33:57] [WARN ] Discord gateway disconnected {"code":1006}
[2026-04-06 14:34:02] [INFO ] Discord gateway reconnecting…
[2026-04-06 14:34:02] [INFO ] Discord gateway connected
[2026-04-06 14:34:03] [INFO ] Discord gateway ready {"bot":"Fredrick-bot"}
[2026-04-06 14:34:07] [INFO ] Discord gateway reconnecting…
[2026-04-06 14:34:07] [INFO ] Discord gateway connected
[2026-04-06 14:34:08] [INFO ] Discord gateway ready {"bot":"Fredrick-bot"}
[2026-04-06 14:35:03] [WARN ] Discord gateway disconnected {"code":1000}
[2026-04-06 14:35:03] [WARN ] Discord gateway disconnected {"code":1006}
[2026-04-06 14:35:08] [INFO ] Discord gateway reconnecting…
[2026-04-06 14:35:08] [INFO ] Discord gateway connected
[2026-04-06 14:35:08] [INFO ] Discord gateway ready {"bot":"Fredrick-bot"}
[2026-04-06 15:06:37] [WARN ] Discord requested reconnect
[2026-04-06 15:06:37] [INFO ] Discord gateway reconnecting…
[2026-04-06 15:06:37] [WARN ] Discord gateway disconnected {"code":1006}
[2026-04-06 15:06:37] [ERROR] Discord WS error {"err":"WebSocket was closed before the connection was established"}
[2026-04-06 15:06:37] [WARN ] Discord gateway disconnected {"code":1006}
[2026-04-06 15:06:42] [INFO ] Discord gateway reconnecting…
[2026-04-06 15:06:42] [INFO ] Discord gateway connected
[2026-04-06 15:06:43] [INFO ] Discord gateway ready {"bot":"Fredrick-bot"}
[2026-04-06 15:06:47] [INFO ] Discord gateway reconnecting…
[2026-04-06 15:06:47] [INFO ] Discord gateway connected
[2026-04-06 15:06:49] [INFO ] Discord gateway ready {"bot":"Fredrick-bot"}
[2026-04-06 15:07:43] [WARN ] Discord gateway disconnected {"code":1000}
[2026-04-06 15:07:43] [WARN ] Discord gateway disconnected {"code":1006}
[2026-04-06 15:07:44] [ERROR] Uncaught exception {"err":"Cannot read properties of null (reading 'send')","stack":"TypeError: Cannot read properties of null (reading 'send')\n    at Timeout._onTimeout (/Users/Fredrick/.openclaw/workspace-general/openclaw-dashboard/watchers/discordWatcher.js:54:16)\n    at listOnTimeout (node:internal/timers:605:17)\n    at process.processTimers (node:internal/timers:541:7)"}
[2026-04-06 15:07:48] [INFO ] Discord gateway reconnecting…
[2026-04-06 15:07:48] [INFO ] Discord gateway connected
[2026-04-06 15:07:48] [INFO ] Discord gateway ready {"bot":"Fredrick-bot"}
[2026-04-06 15:11:35] [INFO ] Received SIGTERM — shutting down
[2026-04-06 15:11:36] [INFO ] OpenClaw Control Center starting…
[2026-04-06 15:11:36] [INFO ] File watcher started {"watching":["openclaw.json","permissions.json"]}
[2026-04-06 15:11:37] [INFO ] Load monitor started {"intervalMs":30000}
[2026-04-06 15:11:37] [INFO ] OpenClaw Control Center → http://127.0.0.1:7891
[2026-04-06 15:11:37] [INFO ] Discord gateway connected
[2026-04-06 15:11:38] [INFO ] Discord gateway ready {"bot":"Fredrick-bot"}
[2026-04-06 15:12:20] [INFO ] Received SIGTERM — shutting down
[2026-04-06 15:12:22] [INFO ] OpenClaw Control Center starting…
[2026-04-06 15:12:22] [INFO ] File watcher started {"watching":["openclaw.json","permissions.json"]}
[2026-04-06 15:12:23] [INFO ] Load monitor started {"intervalMs":30000}
[2026-04-06 15:12:23] [INFO ] OpenClaw Control Center → http://127.0.0.1:7891
[2026-04-06 15:12:23] [INFO ] Discord gateway connected
[2026-04-06 15:12:23] [INFO ] Discord gateway ready {"bot":"Fredrick-bot"}
[2026-04-06 15:12:31] [INFO ] Received SIGTERM — shutting down
[2026-04-06 15:12:32] [INFO ] OpenClaw Control Center starting…
[2026-04-06 15:12:32] [INFO ] File watcher started {"watching":["openclaw.json","permissions.json"]}
[2026-04-06 15:12:34] [INFO ] Load monitor started {"intervalMs":30000}
[2026-04-06 15:12:34] [INFO ] OpenClaw Control Center → http://127.0.0.1:7891
[2026-04-06 15:12:34] [INFO ] Discord gateway connected
[2026-04-06 15:12:34] [INFO ] Discord gateway ready {"bot":"Fredrick-bot"}
[2026-04-06 15:13:13] [INFO ] Received SIGTERM — shutting down
[2026-04-06 15:13:14] [INFO ] OpenClaw Control Center starting…
[2026-04-06 15:13:14] [INFO ] File watcher started {"watching":["openclaw.json","permissions.json"]}
[2026-04-06 15:13:15] [INFO ] Load monitor started {"intervalMs":30000}
[2026-04-06 15:13:15] [INFO ] OpenClaw Control Center → http://127.0.0.1:7891
[2026-04-06 15:13:15] [INFO ] Discord gateway connected
[2026-04-06 15:13:16] [INFO ] Discord gateway ready {"bot":"Fredrick-bot"}
[2026-04-06 16:17:34] [WARN ] Discord requested reconnect
[2026-04-06 16:17:34] [INFO ] Discord gateway reconnecting…
[2026-04-06 16:17:34] [WARN ] Discord gateway disconnected {"code":1006}
[2026-04-06 16:17:34] [ERROR] Discord WS error {"err":"WebSocket was closed before the connection was established"}
[2026-04-06 16:17:34] [WARN ] Discord gateway disconnected {"code":1006}
[2026-04-06 16:17:39] [INFO ] Discord gateway reconnecting…
[2026-04-06 16:17:39] [INFO ] Discord gateway connected
[2026-04-06 16:17:39] [INFO ] Discord gateway ready {"bot":"Fredrick-bot"}
[2026-04-06 16:17:44] [INFO ] Discord gateway reconnecting…
[2026-04-06 16:17:44] [INFO ] Discord gateway connected
[2026-04-06 16:17:45] [INFO ] Discord gateway ready {"bot":"Fredrick-bot"}
[2026-04-06 16:18:40] [WARN ] Discord gateway disconnected {"code":1000}
[2026-04-06 16:18:40] [WARN ] Discord gateway disconnected {"code":1006}
[2026-04-06 16:18:45] [INFO ] Discord gateway reconnecting…
[2026-04-06 16:18:45] [INFO ] Discord gateway connected
[2026-04-06 16:18:45] [INFO ] Discord gateway ready {"bot":"Fredrick-bot"}
[2026-04-06 18:41:17] [WARN ] Discord requested reconnect
[2026-04-06 18:41:17] [INFO ] Discord gateway reconnecting…
[2026-04-06 18:41:17] [WARN ] Discord gateway disconnected {"code":1006}
[2026-04-06 18:41:17] [ERROR] Discord WS error {"err":"WebSocket was closed before the connection was established"}
[2026-04-06 18:41:17] [WARN ] Discord gateway disconnected {"code":1006}
[2026-04-06 18:41:21] [ERROR] Uncaught exception {"err":"Cannot read properties of null (reading 'send')","stack":"TypeError: Cannot read properties of null (reading 'send')\n    at Timeout._onTimeout (/Users/Fredrick/.openclaw/workspace-general/openclaw-dashboard/watchers/discordWatcher.js:54:16)\n    at listOnTimeout (node:internal/timers:605:17)\n    at process.processTimers (node:internal/timers:541:7)"}
[2026-04-06 18:41:22] [INFO ] Discord gateway reconnecting…
[2026-04-06 18:41:22] [INFO ] Discord gateway connected
[2026-04-06 18:41:23] [INFO ] Discord gateway ready {"bot":"Fredrick-bot"}
[2026-04-06 18:41:27] [INFO ] Discord gateway reconnecting…
[2026-04-06 18:41:27] [INFO ] Discord gateway connected
[2026-04-06 18:41:28] [INFO ] Discord gateway ready {"bot":"Fredrick-bot"}
[2026-04-06 18:42:23] [WARN ] Discord gateway disconnected {"code":1000}
[2026-04-06 18:42:23] [WARN ] Discord gateway disconnected {"code":1006}
[2026-04-06 18:42:28] [INFO ] Discord gateway reconnecting…
[2026-04-06 18:42:28] [INFO ] Discord gateway connected
[2026-04-06 18:42:28] [INFO ] Discord gateway ready {"bot":"Fredrick-bot"}
[2026-04-06 18:55:20] [WARN ] Discord gateway disconnected {"code":1006}
[2026-04-06 18:55:25] [INFO ] Discord gateway reconnecting…
[2026-04-06 18:55:26] [INFO ] Discord gateway connected
[2026-04-06 18:55:28] [INFO ] Discord gateway ready {"bot":"Fredrick-bot"}
[2026-04-06 20:40:49] [WARN ] Discord requested reconnect
[2026-04-06 20:40:49] [INFO ] Discord gateway reconnecting…
[2026-04-06 20:40:49] [WARN ] Discord gateway disconnected {"code":1006}
[2026-04-06 20:40:49] [ERROR] Discord WS error {"err":"WebSocket was closed before the connection was established"}
[2026-04-06 20:40:49] [WARN ] Discord gateway disconnected {"code":1006}
[2026-04-06 20:40:54] [INFO ] Discord gateway reconnecting…
[2026-04-06 20:40:55] [INFO ] Discord gateway connected
[2026-04-06 20:40:55] [INFO ] Discord gateway ready {"bot":"Fredrick-bot"}
[2026-04-06 20:40:59] [INFO ] Discord gateway reconnecting…
[2026-04-06 20:41:00] [INFO ] Discord gateway connected
[2026-04-06 20:41:00] [INFO ] Discord gateway ready {"bot":"Fredrick-bot"}
[2026-04-06 20:41:55] [WARN ] Discord gateway disconnected {"code":1000}
[2026-04-06 20:41:55] [WARN ] Discord gateway disconnected {"code":1006}
[2026-04-06 20:42:00] [INFO ] Discord gateway reconnecting…
[2026-04-06 20:42:00] [INFO ] Discord gateway connected
[2026-04-06 20:42:01] [INFO ] Discord gateway ready {"bot":"Fredrick-bot"}
[2026-04-06 21:08:42] [WARN ] Discord requested reconnect
[2026-04-06 21:08:42] [INFO ] Discord gateway reconnecting…
[2026-04-06 21:08:42] [WARN ] Discord gateway disconnected {"code":1006}
[2026-04-06 21:08:42] [ERROR] Discord WS error {"err":"WebSocket was closed before the connection was established"}
[2026-04-06 21:08:42] [WARN ] Discord gateway disconnected {"code":1006}
[2026-04-06 21:08:48] [INFO ] Discord gateway reconnecting…
[2026-04-06 21:08:48] [INFO ] Discord gateway connected
[2026-04-06 21:08:48] [INFO ] Discord gateway ready {"bot":"Fredrick-bot"}
[2026-04-06 21:08:52] [INFO ] Discord gateway reconnecting…
[2026-04-06 21:08:52] [INFO ] Discord gateway connected
[2026-04-06 21:08:53] [INFO ] Discord gateway ready {"bot":"Fredrick-bot"}
[2026-04-06 21:09:48] [WARN ] Discord gateway disconnected {"code":1000}
[2026-04-06 21:09:48] [WARN ] Discord gateway disconnected {"code":1006}
[2026-04-06 21:09:51] [ERROR] Uncaught exception {"err":"Cannot read properties of null (reading 'send')","stack":"TypeError: Cannot read properties of null (reading 'send')\n    at Timeout._onTimeout (/Users/Fredrick/.openclaw/workspace-general/openclaw-dashboard/watchers/discordWatcher.js:54:16)\n    at listOnTimeout (node:internal/timers:605:17)\n    at process.processTimers (node:internal/timers:541:7)"}
[2026-04-06 21:09:53] [ERROR] Uncaught exception {"err":"Cannot read properties of null (reading 'send')","stack":"TypeError: Cannot read properties of null (reading 'send')\n    at Timeout._onTimeout (/Users/Fredrick/.openclaw/workspace-general/openclaw-dashboard/watchers/discordWatcher.js:54:16)\n    at listOnTimeout (node:internal/timers:605:17)\n    at process.processTimers (node:internal/timers:541:7)"}
[2026-04-06 21:09:53] [INFO ] Discord gateway reconnecting…
[2026-04-06 21:09:54] [INFO ] Discord gateway connected
[2026-04-06 21:09:54] [INFO ] Discord gateway ready {"bot":"Fredrick-bot"}
