[2026-04-12 00:40:24] [WARN ] Discord requested reconnect
[2026-04-12 00:40:24] [INFO ] Discord gateway reconnecting…
[2026-04-12 00:40:24] [WARN ] Discord gateway disconnected {"code":1006}
[2026-04-12 00:40:24] [ERROR] Discord WS error {"err":"WebSocket was closed before the connection was established"}
[2026-04-12 00:40:24] [WARN ] Discord gateway disconnected {"code":1006}
[2026-04-12 00:40:29] [INFO ] Discord gateway reconnecting…
[2026-04-12 00:40:30] [INFO ] Discord gateway connected
[2026-04-12 00:40:30] [INFO ] Discord gateway ready {"bot":"Fredrick-bot"}
[2026-04-12 00:40:34] [INFO ] Discord gateway reconnecting…
[2026-04-12 00:40:35] [INFO ] Discord gateway connected
[2026-04-12 00:40:36] [INFO ] Discord gateway ready {"bot":"Fredrick-bot"}
[2026-04-12 00:41:30] [WARN ] Discord gateway disconnected {"code":1000}
[2026-04-12 00:41:30] [WARN ] Discord gateway disconnected {"code":1006}
[2026-04-12 00:41:35] [INFO ] Discord gateway reconnecting…
[2026-04-12 00:41:35] [INFO ] Discord gateway connected
[2026-04-12 00:41:35] [INFO ] Discord gateway ready {"bot":"Fredrick-bot"}
[2026-04-12 01:24:15] [INFO ] Received SIGTERM — shutting down
[2026-04-12 01:24:16] [INFO ] OpenClaw Control Center starting…
[2026-04-12 01:24:16] [INFO ] File watcher started {"watching":["openclaw.json","permissions.json"]}
[2026-04-12 01:24:19] [INFO ] Load monitor started {"intervalMs":30000}
[2026-04-12 01:24:19] [INFO ] OpenClaw Control Center → http://127.0.0.1:7891
[2026-04-12 01:24:19] [INFO ] Discord gateway connected
[2026-04-12 01:24:19] [INFO ] Discord gateway ready {"bot":"Fredrick-bot"}
[2026-04-12 01:48:27] [WARN ] Load monitor snapshot failed {"err":"spawnSync /bin/sh ETIMEDOUT"}
[2026-04-12 03:14:55] [WARN ] Discord requested reconnect
[2026-04-12 03:14:55] [INFO ] Discord gateway reconnecting…
[2026-04-12 03:14:55] [WARN ] Discord gateway disconnected {"code":1006}
[2026-04-12 03:14:55] [ERROR] Discord WS error {"err":"WebSocket was closed before the connection was established"}
[2026-04-12 03:14:55] [WARN ] Discord gateway disconnected {"code":1006}
[2026-04-12 03:15:00] [INFO ] Discord gateway reconnecting…
[2026-04-12 03:15:00] [INFO ] Discord gateway connected
[2026-04-12 03:15:01] [INFO ] Discord gateway ready {"bot":"Fredrick-bot"}
[2026-04-12 03:15:05] [INFO ] Discord gateway reconnecting…
[2026-04-12 03:15:05] [INFO ] Discord gateway connected
[2026-04-12 03:15:05] [INFO ] Discord gateway ready {"bot":"Fredrick-bot"}
[2026-04-12 03:16:00] [WARN ] Discord gateway disconnected {"code":1000}
[2026-04-12 03:16:00] [WARN ] Discord gateway disconnected {"code":1006}
[2026-04-12 03:16:05] [INFO ] Discord gateway reconnecting…
[2026-04-12 03:16:06] [INFO ] Discord gateway connected
[2026-04-12 03:16:06] [INFO ] Discord gateway ready {"bot":"Fredrick-bot"}
[2026-04-12 03:32:37] [WARN ] Discord requested reconnect
[2026-04-12 03:32:37] [INFO ] Discord gateway reconnecting…
[2026-04-12 03:32:37] [WARN ] Discord gateway disconnected {"code":1006}
[2026-04-12 03:32:37] [ERROR] Discord WS error {"err":"WebSocket was closed before the connection was established"}
[2026-04-12 03:32:37] [WARN ] Discord gateway disconnected {"code":1006}
[2026-04-12 03:32:42] [INFO ] Discord gateway reconnecting…
[2026-04-12 03:32:43] [INFO ] Discord gateway connected
[2026-04-12 03:32:43] [INFO ] Discord gateway ready {"bot":"Fredrick-bot"}
[2026-04-12 03:32:47] [INFO ] Discord gateway reconnecting…
[2026-04-12 03:32:47] [INFO ] Discord gateway connected
[2026-04-12 03:32:48] [INFO ] Discord gateway ready {"bot":"Fredrick-bot"}
[2026-04-12 03:33:43] [WARN ] Discord gateway disconnected {"code":1000}
[2026-04-12 03:33:43] [WARN ] Discord gateway disconnected {"code":1006}
[2026-04-12 03:33:48] [INFO ] Discord gateway reconnecting…
[2026-04-12 03:33:48] [INFO ] Discord gateway connected
[2026-04-12 03:33:48] [INFO ] Discord gateway ready {"bot":"Fredrick-bot"}
[2026-04-12 05:54:59] [WARN ] Discord requested reconnect
[2026-04-12 05:54:59] [INFO ] Discord gateway reconnecting…
[2026-04-12 05:54:59] [WARN ] Discord gateway disconnected {"code":1006}
[2026-04-12 05:54:59] [ERROR] Discord WS error {"err":"WebSocket was closed before the connection was established"}
[2026-04-12 05:54:59] [WARN ] Discord gateway disconnected {"code":1006}
[2026-04-12 05:55:04] [INFO ] Discord gateway reconnecting…
[2026-04-12 05:55:04] [INFO ] Discord gateway connected
[2026-04-12 05:55:04] [INFO ] Discord gateway ready {"bot":"Fredrick-bot"}
[2026-04-12 05:55:09] [INFO ] Discord gateway reconnecting…
[2026-04-12 05:55:09] [INFO ] Discord gateway connected
[2026-04-12 05:55:10] [INFO ] Discord gateway ready {"bot":"Fredrick-bot"}
[2026-04-12 05:56:05] [WARN ] Discord gateway disconnected {"code":1000}
[2026-04-12 05:56:05] [WARN ] Discord gateway disconnected {"code":1006}
[2026-04-12 05:56:10] [INFO ] Discord gateway reconnecting…
[2026-04-12 05:56:10] [INFO ] Discord gateway connected
[2026-04-12 05:56:10] [INFO ] Discord gateway ready {"bot":"Fredrick-bot"}
[2026-04-12 06:25:35] [WARN ] Discord requested reconnect
[2026-04-12 06:25:35] [INFO ] Discord gateway reconnecting…
[2026-04-12 06:25:35] [WARN ] Discord gateway disconnected {"code":1006}
[2026-04-12 06:25:35] [ERROR] Discord WS error {"err":"WebSocket was closed before the connection was established"}
[2026-04-12 06:25:35] [WARN ] Discord gateway disconnected {"code":1006}
[2026-04-12 06:25:40] [INFO ] Discord gateway reconnecting…
[2026-04-12 06:25:40] [INFO ] Discord gateway connected
[2026-04-12 06:25:40] [INFO ] Discord gateway ready {"bot":"Fredrick-bot"}
[2026-04-12 06:25:45] [INFO ] Discord gateway reconnecting…
[2026-04-12 06:25:45] [INFO ] Discord gateway connected
[2026-04-12 06:25:45] [INFO ] Discord gateway ready {"bot":"Fredrick-bot"}
[2026-04-12 06:26:40] [WARN ] Discord gateway disconnected {"code":1000}
[2026-04-12 06:26:40] [WARN ] Discord gateway disconnected {"code":1006}
[2026-04-12 06:26:45] [INFO ] Discord gateway reconnecting…
[2026-04-12 06:26:46] [INFO ] Discord gateway connected
[2026-04-12 06:26:46] [INFO ] Discord gateway ready {"bot":"Fredrick-bot"}
[2026-04-12 09:26:46] [WARN ] Discord requested reconnect
[2026-04-12 09:26:46] [INFO ] Discord gateway reconnecting…
[2026-04-12 09:26:47] [WARN ] Discord gateway disconnected {"code":1006}
[2026-04-12 09:26:47] [ERROR] Discord WS error {"err":"WebSocket was closed before the connection was established"}
[2026-04-12 09:26:47] [WARN ] Discord gateway disconnected {"code":1006}
[2026-04-12 09:26:53] [INFO ] Discord gateway reconnecting…
[2026-04-12 09:26:53] [INFO ] Discord gateway connected
[2026-04-12 09:26:54] [INFO ] Discord gateway ready {"bot":"Fredrick-bot"}
[2026-04-12 09:26:57] [INFO ] Discord gateway reconnecting…
[2026-04-12 09:26:57] [INFO ] Discord gateway connected
[2026-04-12 09:26:57] [INFO ] Discord gateway ready {"bot":"Fredrick-bot"}
[2026-04-12 09:27:54] [WARN ] Discord gateway disconnected {"code":1000}
[2026-04-12 09:27:54] [WARN ] Discord gateway disconnected {"code":1006}
[2026-04-12 09:27:59] [INFO ] Discord gateway reconnecting…
[2026-04-12 09:27:59] [INFO ] Discord gateway connected
[2026-04-12 09:27:59] [INFO ] Discord gateway ready {"bot":"Fredrick-bot"}
[2026-04-12 11:51:59] [WARN ] Discord requested reconnect
[2026-04-12 11:51:59] [INFO ] Discord gateway reconnecting…
[2026-04-12 11:51:59] [WARN ] Discord gateway disconnected {"code":1006}
[2026-04-12 11:51:59] [ERROR] Discord WS error {"err":"WebSocket was closed before the connection was established"}
[2026-04-12 11:51:59] [WARN ] Discord gateway disconnected {"code":1006}
[2026-04-12 11:52:04] [INFO ] Discord gateway reconnecting…
[2026-04-12 11:52:04] [INFO ] Discord gateway connected
[2026-04-12 11:52:04] [INFO ] Discord gateway ready {"bot":"Fredrick-bot"}
[2026-04-12 11:52:09] [INFO ] Discord gateway reconnecting…
[2026-04-12 11:52:09] [INFO ] Discord gateway connected
[2026-04-12 11:52:11] [INFO ] Discord gateway ready {"bot":"Fredrick-bot"}
[2026-04-12 11:53:05] [WARN ] Discord gateway disconnected {"code":1000}
[2026-04-12 11:53:05] [WARN ] Discord gateway disconnected {"code":1006}
[2026-04-12 11:53:10] [INFO ] Discord gateway reconnecting…
[2026-04-12 11:53:10] [INFO ] Discord gateway connected
[2026-04-12 11:53:10] [INFO ] Discord gateway ready {"bot":"Fredrick-bot"}
[2026-04-12 13:12:16] [WARN ] Discord requested reconnect
[2026-04-12 13:12:16] [INFO ] Discord gateway reconnecting…
[2026-04-12 13:12:16] [WARN ] Discord gateway disconnected {"code":1006}
[2026-04-12 13:12:16] [ERROR] Discord WS error {"err":"WebSocket was closed before the connection was established"}
[2026-04-12 13:12:16] [WARN ] Discord gateway disconnected {"code":1006}
[2026-04-12 13:12:21] [INFO ] Discord gateway reconnecting…
[2026-04-12 13:12:21] [INFO ] Discord gateway connected
[2026-04-12 13:12:21] [INFO ] Discord gateway ready {"bot":"Fredrick-bot"}
[2026-04-12 13:12:26] [INFO ] Discord gateway reconnecting…
[2026-04-12 13:12:26] [INFO ] Discord gateway connected
[2026-04-12 13:12:26] [INFO ] Discord gateway ready {"bot":"Fredrick-bot"}
[2026-04-12 13:13:21] [WARN ] Discord gateway disconnected {"code":1000}
[2026-04-12 13:13:21] [WARN ] Discord gateway disconnected {"code":1006}
[2026-04-12 13:13:26] [INFO ] Discord gateway reconnecting…
[2026-04-12 13:13:26] [INFO ] Discord gateway connected
[2026-04-12 13:13:27] [INFO ] Discord gateway ready {"bot":"Fredrick-bot"}
[2026-04-12 13:38:18] [WARN ] Gateway not responding {"consecutiveFailures":1}
[2026-04-12 13:39:18] [WARN ] Gateway not responding {"consecutiveFailures":2}
[2026-04-12 13:39:22] [WARN ] Load monitor snapshot failed {"err":"Command failed: /usr/local/bin/openclaw status --json 2>/dev/null"}
[2026-04-12 13:40:18] [WARN ] Gateway not responding {"consecutiveFailures":3}
[2026-04-12 13:40:18] [WARN ] Gateway down for 3 checks — restarting
[2026-04-12 13:40:22] [INFO ] Gateway restart triggered
[2026-04-12 13:41:18] [WARN ] Gateway not responding {"consecutiveFailures":1}
[2026-04-12 13:42:18] [WARN ] Gateway not responding {"consecutiveFailures":2}
[2026-04-12 13:43:18] [INFO ] Gateway recovered
[2026-04-12 15:40:08] [WARN ] Discord requested reconnect
[2026-04-12 15:40:08] [INFO ] Discord gateway reconnecting…
[2026-04-12 15:40:08] [WARN ] Discord gateway disconnected {"code":1006}
[2026-04-12 15:40:08] [ERROR] Discord WS error {"err":"WebSocket was closed before the connection was established"}
[2026-04-12 15:40:08] [WARN ] Discord gateway disconnected {"code":1006}
[2026-04-12 15:40:13] [INFO ] Discord gateway reconnecting…
[2026-04-12 15:40:13] [INFO ] Discord gateway connected
[2026-04-12 15:40:14] [INFO ] Discord gateway ready {"bot":"Fredrick-bot"}
[2026-04-12 15:40:18] [INFO ] Discord gateway reconnecting…
[2026-04-12 15:40:18] [INFO ] Discord gateway connected
[2026-04-12 15:40:18] [INFO ] Discord gateway ready {"bot":"Fredrick-bot"}
[2026-04-12 15:41:14] [WARN ] Discord gateway disconnected {"code":1000}
[2026-04-12 15:41:14] [WARN ] Discord gateway disconnected {"code":1006}
[2026-04-12 15:41:19] [INFO ] Discord gateway reconnecting…
[2026-04-12 15:41:19] [INFO ] Discord gateway connected
[2026-04-12 15:41:19] [INFO ] Discord gateway ready {"bot":"Fredrick-bot"}
[2026-04-12 16:47:34] [WARN ] Discord requested reconnect
[2026-04-12 16:47:34] [INFO ] Discord gateway reconnecting…
[2026-04-12 16:47:34] [WARN ] Discord gateway disconnected {"code":1006}
[2026-04-12 16:47:34] [ERROR] Discord WS error {"err":"WebSocket was closed before the connection was established"}
[2026-04-12 16:47:34] [WARN ] Discord gateway disconnected {"code":1006}
[2026-04-12 16:47:39] [INFO ] Discord gateway reconnecting…
[2026-04-12 16:47:39] [INFO ] Discord gateway connected
[2026-04-12 16:47:39] [INFO ] Discord gateway ready {"bot":"Fredrick-bot"}
[2026-04-12 16:47:44] [INFO ] Discord gateway reconnecting…
[2026-04-12 16:47:44] [INFO ] Discord gateway connected
[2026-04-12 16:47:46] [INFO ] Discord gateway ready {"bot":"Fredrick-bot"}
[2026-04-12 16:48:39] [WARN ] Discord gateway disconnected {"code":1000}
[2026-04-12 16:48:39] [WARN ] Discord gateway disconnected {"code":1006}
[2026-04-12 16:48:44] [INFO ] Discord gateway reconnecting…
[2026-04-12 16:48:44] [INFO ] Discord gateway connected
[2026-04-12 16:48:45] [INFO ] Discord gateway ready {"bot":"Fredrick-bot"}
[2026-04-12 18:21:12] [WARN ] Discord requested reconnect
[2026-04-12 18:21:12] [INFO ] Discord gateway reconnecting…
[2026-04-12 18:21:12] [WARN ] Discord gateway disconnected {"code":1006}
[2026-04-12 18:21:12] [ERROR] Discord WS error {"err":"WebSocket was closed before the connection was established"}
[2026-04-12 18:21:12] [WARN ] Discord gateway disconnected {"code":1006}
[2026-04-12 18:21:17] [INFO ] Discord gateway reconnecting…
[2026-04-12 18:21:17] [INFO ] Discord gateway connected
[2026-04-12 18:21:17] [INFO ] Discord gateway ready {"bot":"Fredrick-bot"}
[2026-04-12 18:21:22] [INFO ] Discord gateway reconnecting…
[2026-04-12 18:21:22] [INFO ] Discord gateway connected
[2026-04-12 18:21:22] [INFO ] Discord gateway ready {"bot":"Fredrick-bot"}
[2026-04-12 18:22:18] [WARN ] Discord gateway disconnected {"code":1000}
[2026-04-12 18:22:18] [WARN ] Discord gateway disconnected {"code":1006}
[2026-04-12 18:22:23] [INFO ] Discord gateway reconnecting…
[2026-04-12 18:22:23] [INFO ] Discord gateway connected
[2026-04-12 18:22:23] [INFO ] Discord gateway ready {"bot":"Fredrick-bot"}
[2026-04-12 19:17:10] [WARN ] Discord requested reconnect
[2026-04-12 19:17:10] [INFO ] Discord gateway reconnecting…
[2026-04-12 19:17:10] [WARN ] Discord gateway disconnected {"code":1006}
[2026-04-12 19:17:10] [ERROR] Discord WS error {"err":"WebSocket was closed before the connection was established"}
[2026-04-12 19:17:10] [WARN ] Discord gateway disconnected {"code":1006}
[2026-04-12 19:17:15] [INFO ] Discord gateway reconnecting…
[2026-04-12 19:17:15] [INFO ] Discord gateway connected
[2026-04-12 19:17:15] [INFO ] Discord gateway ready {"bot":"Fredrick-bot"}
[2026-04-12 19:17:20] [INFO ] Discord gateway reconnecting…
[2026-04-12 19:17:20] [INFO ] Discord gateway connected
[2026-04-12 19:17:20] [INFO ] Discord gateway ready {"bot":"Fredrick-bot"}
[2026-04-12 19:18:15] [WARN ] Discord gateway disconnected {"code":1000}
[2026-04-12 19:18:15] [WARN ] Discord gateway disconnected {"code":1006}
[2026-04-12 19:18:20] [INFO ] Discord gateway reconnecting…
[2026-04-12 19:18:21] [INFO ] Discord gateway connected
[2026-04-12 19:18:21] [INFO ] Discord gateway ready {"bot":"Fredrick-bot"}
[2026-04-12 19:39:14] [WARN ] Discord requested reconnect
[2026-04-12 19:39:14] [INFO ] Discord gateway reconnecting…
[2026-04-12 19:39:14] [WARN ] Discord gateway disconnected {"code":1006}
[2026-04-12 19:39:14] [ERROR] Discord WS error {"err":"WebSocket was closed before the connection was established"}
[2026-04-12 19:39:14] [WARN ] Discord gateway disconnected {"code":1006}
[2026-04-12 19:39:19] [INFO ] Discord gateway reconnecting…
[2026-04-12 19:39:19] [INFO ] Discord gateway connected
[2026-04-12 19:39:19] [INFO ] Discord gateway ready {"bot":"Fredrick-bot"}
[2026-04-12 19:39:25] [INFO ] Discord gateway reconnecting…
[2026-04-12 19:39:26] [INFO ] Discord gateway connected
[2026-04-12 19:39:26] [INFO ] Discord gateway ready {"bot":"Fredrick-bot"}
[2026-04-12 19:40:19] [WARN ] Discord gateway disconnected {"code":1000}
[2026-04-12 19:40:19] [WARN ] Discord gateway disconnected {"code":1006}
[2026-04-12 19:40:25] [INFO ] Discord gateway reconnecting…
[2026-04-12 19:40:25] [INFO ] Discord gateway connected
[2026-04-12 19:40:26] [INFO ] Discord gateway ready {"bot":"Fredrick-bot"}
[2026-04-12 22:21:47] [WARN ] Discord requested reconnect
[2026-04-12 22:21:47] [INFO ] Discord gateway reconnecting…
[2026-04-12 22:21:47] [WARN ] Discord gateway disconnected {"code":1006}
[2026-04-12 22:21:47] [ERROR] Discord WS error {"err":"WebSocket was closed before the connection was established"}
[2026-04-12 22:21:47] [WARN ] Discord gateway disconnected {"code":1006}
[2026-04-12 22:21:52] [INFO ] Discord gateway reconnecting…
[2026-04-12 22:21:52] [INFO ] Discord gateway connected
[2026-04-12 22:21:53] [INFO ] Discord gateway ready {"bot":"Fredrick-bot"}
[2026-04-12 22:21:57] [INFO ] Discord gateway reconnecting…
[2026-04-12 22:21:57] [INFO ] Discord gateway connected
[2026-04-12 22:21:57] [INFO ] Discord gateway ready {"bot":"Fredrick-bot"}
[2026-04-12 22:22:53] [WARN ] Discord gateway disconnected {"code":1000}
[2026-04-12 22:22:53] [WARN ] Discord gateway disconnected {"code":1006}
[2026-04-12 22:22:58] [INFO ] Discord gateway reconnecting…
[2026-04-12 22:22:58] [INFO ] Discord gateway connected
[2026-04-12 22:22:59] [INFO ] Discord gateway ready {"bot":"Fredrick-bot"}
[2026-04-12 22:39:13] [WARN ] Discord requested reconnect
[2026-04-12 22:39:13] [INFO ] Discord gateway reconnecting…
[2026-04-12 22:39:13] [WARN ] Discord gateway disconnected {"code":1006}
[2026-04-12 22:39:13] [ERROR] Discord WS error {"err":"WebSocket was closed before the connection was established"}
[2026-04-12 22:39:13] [WARN ] Discord gateway disconnected {"code":1006}
[2026-04-12 22:39:18] [INFO ] Discord gateway reconnecting…
[2026-04-12 22:39:18] [INFO ] Discord gateway connected
[2026-04-12 22:39:18] [INFO ] Discord gateway ready {"bot":"Fredrick-bot"}
[2026-04-12 22:39:23] [INFO ] Discord gateway reconnecting…
[2026-04-12 22:39:23] [INFO ] Discord gateway connected
[2026-04-12 22:39:23] [INFO ] Discord gateway ready {"bot":"Fredrick-bot"}
[2026-04-12 22:40:18] [WARN ] Discord gateway disconnected {"code":1000}
[2026-04-12 22:40:18] [WARN ] Discord gateway disconnected {"code":1006}
[2026-04-12 22:40:23] [INFO ] Discord gateway reconnecting…
[2026-04-12 22:40:23] [INFO ] Discord gateway connected
[2026-04-12 22:40:24] [INFO ] Discord gateway ready {"bot":"Fredrick-bot"}
[2026-04-12 23:58:02] [INFO ] Received SIGTERM — shutting down
[2026-04-12 23:58:03] [INFO ] OpenClaw Control Center starting…
[2026-04-12 23:58:03] [INFO ] File watcher started {"watching":["openclaw.json","permissions.json"]}
[2026-04-12 23:58:05] [INFO ] Load monitor started {"intervalMs":30000}
[2026-04-12 23:58:05] [INFO ] OpenClaw Control Center → http://127.0.0.1:7891
[2026-04-12 23:58:05] [INFO ] Discord gateway connected
[2026-04-12 23:58:05] [INFO ] Discord gateway ready {"bot":"Fredrick-bot"}
