[2026-04-14 01:05:35] [WARN ] Discord requested reconnect
[2026-04-14 01:05:35] [INFO ] Discord gateway reconnecting…
[2026-04-14 01:05:35] [WARN ] Discord gateway disconnected {"code":1006}
[2026-04-14 01:05:35] [ERROR] Discord WS error {"err":"WebSocket was closed before the connection was established"}
[2026-04-14 01:05:35] [WARN ] Discord gateway disconnected {"code":1006}
[2026-04-14 01:05:40] [INFO ] Discord gateway reconnecting…
[2026-04-14 01:05:40] [INFO ] Discord gateway connected
[2026-04-14 01:05:41] [INFO ] Discord gateway ready {"bot":"Fredrick-bot"}
[2026-04-14 01:05:45] [INFO ] Discord gateway reconnecting…
[2026-04-14 01:05:45] [INFO ] Discord gateway connected
[2026-04-14 01:05:46] [INFO ] Discord gateway ready {"bot":"Fredrick-bot"}
[2026-04-14 01:06:41] [WARN ] Discord gateway disconnected {"code":1000}
[2026-04-14 01:06:41] [WARN ] Discord gateway disconnected {"code":1006}
[2026-04-14 01:06:46] [INFO ] Discord gateway reconnecting…
[2026-04-14 01:06:46] [INFO ] Discord gateway connected
[2026-04-14 01:06:47] [INFO ] Discord gateway ready {"bot":"Fredrick-bot"}
[2026-04-14 02:11:11] [WARN ] Discord gateway disconnected {"code":1006}
[2026-04-14 02:11:16] [INFO ] Discord gateway reconnecting…
[2026-04-14 02:11:16] [INFO ] Discord gateway connected
[2026-04-14 02:11:16] [INFO ] Discord gateway ready {"bot":"Fredrick-bot"}
[2026-04-14 03:07:40] [WARN ] Discord requested reconnect
[2026-04-14 03:07:40] [INFO ] Discord gateway reconnecting…
[2026-04-14 03:07:40] [WARN ] Discord gateway disconnected {"code":1006}
[2026-04-14 03:07:40] [ERROR] Discord WS error {"err":"WebSocket was closed before the connection was established"}
[2026-04-14 03:07:40] [WARN ] Discord gateway disconnected {"code":1006}
[2026-04-14 03:07:45] [INFO ] Discord gateway reconnecting…
[2026-04-14 03:07:45] [INFO ] Discord gateway connected
[2026-04-14 03:07:45] [INFO ] Discord gateway ready {"bot":"Fredrick-bot"}
[2026-04-14 03:07:50] [INFO ] Discord gateway reconnecting…
[2026-04-14 03:07:50] [INFO ] Discord gateway connected
[2026-04-14 03:07:51] [INFO ] Discord gateway ready {"bot":"Fredrick-bot"}
[2026-04-14 03:08:46] [WARN ] Discord gateway disconnected {"code":1000}
[2026-04-14 03:08:46] [WARN ] Discord gateway disconnected {"code":1006}
[2026-04-14 03:08:51] [INFO ] Discord gateway reconnecting…
[2026-04-14 03:08:51] [INFO ] Discord gateway connected
[2026-04-14 03:08:52] [INFO ] Discord gateway ready {"bot":"Fredrick-bot"}
[2026-04-14 06:35:24] [WARN ] Discord requested reconnect
[2026-04-14 06:35:24] [INFO ] Discord gateway reconnecting…
[2026-04-14 06:35:24] [WARN ] Discord gateway disconnected {"code":1006}
[2026-04-14 06:35:24] [ERROR] Discord WS error {"err":"WebSocket was closed before the connection was established"}
[2026-04-14 06:35:24] [WARN ] Discord gateway disconnected {"code":1006}
[2026-04-14 06:35:29] [INFO ] Discord gateway reconnecting…
[2026-04-14 06:35:29] [INFO ] Discord gateway connected
[2026-04-14 06:35:29] [INFO ] Discord gateway ready {"bot":"Fredrick-bot"}
[2026-04-14 06:35:34] [INFO ] Discord gateway reconnecting…
[2026-04-14 06:35:34] [INFO ] Discord gateway connected
[2026-04-14 06:35:36] [INFO ] Discord gateway ready {"bot":"Fredrick-bot"}
[2026-04-14 06:36:30] [WARN ] Discord gateway disconnected {"code":1000}
[2026-04-14 06:36:30] [WARN ] Discord gateway disconnected {"code":1006}
[2026-04-14 06:36:36] [INFO ] Discord gateway reconnecting…
[2026-04-14 06:36:37] [INFO ] Discord gateway connected
[2026-04-14 06:36:37] [INFO ] Discord gateway ready {"bot":"Fredrick-bot"}
[2026-04-14 07:16:32] [WARN ] Discord requested reconnect
[2026-04-14 07:16:32] [INFO ] Discord gateway reconnecting…
[2026-04-14 07:16:32] [WARN ] Discord gateway disconnected {"code":1006}
[2026-04-14 07:16:32] [ERROR] Discord WS error {"err":"WebSocket was closed before the connection was established"}
[2026-04-14 07:16:32] [WARN ] Discord gateway disconnected {"code":1006}
[2026-04-14 07:16:37] [INFO ] Discord gateway reconnecting…
[2026-04-14 07:16:37] [INFO ] Discord gateway connected
[2026-04-14 07:16:37] [INFO ] Discord gateway ready {"bot":"Fredrick-bot"}
[2026-04-14 07:16:42] [INFO ] Discord gateway reconnecting…
[2026-04-14 07:16:42] [INFO ] Discord gateway connected
[2026-04-14 07:16:43] [INFO ] Discord gateway ready {"bot":"Fredrick-bot"}
[2026-04-14 07:17:38] [WARN ] Discord gateway disconnected {"code":1000}
[2026-04-14 07:17:38] [WARN ] Discord gateway disconnected {"code":1006}
[2026-04-14 07:17:43] [INFO ] Discord gateway reconnecting…
[2026-04-14 07:17:43] [INFO ] Discord gateway connected
[2026-04-14 07:17:43] [INFO ] Discord gateway ready {"bot":"Fredrick-bot"}
[2026-04-14 08:00:16] [WARN ] Discord requested reconnect
[2026-04-14 08:00:16] [INFO ] Discord gateway reconnecting…
[2026-04-14 08:00:16] [WARN ] Discord gateway disconnected {"code":1006}
[2026-04-14 08:00:16] [ERROR] Discord WS error {"err":"WebSocket was closed before the connection was established"}
[2026-04-14 08:00:16] [WARN ] Discord gateway disconnected {"code":1006}
[2026-04-14 08:00:21] [INFO ] Discord gateway reconnecting…
[2026-04-14 08:00:21] [INFO ] Discord gateway connected
[2026-04-14 08:00:22] [INFO ] Discord gateway ready {"bot":"Fredrick-bot"}
[2026-04-14 08:00:26] [INFO ] Discord gateway reconnecting…
[2026-04-14 08:00:26] [INFO ] Discord gateway connected
[2026-04-14 08:00:27] [INFO ] Discord gateway ready {"bot":"Fredrick-bot"}
[2026-04-14 08:01:22] [WARN ] Discord gateway disconnected {"code":1000}
[2026-04-14 08:01:22] [WARN ] Discord gateway disconnected {"code":1006}
[2026-04-14 08:01:27] [INFO ] Discord gateway reconnecting…
[2026-04-14 08:01:27] [INFO ] Discord gateway connected
[2026-04-14 08:01:27] [INFO ] Discord gateway ready {"bot":"Fredrick-bot"}
[2026-04-14 10:37:01] [WARN ] Discord requested reconnect
[2026-04-14 10:37:01] [INFO ] Discord gateway reconnecting…
[2026-04-14 10:37:01] [WARN ] Discord gateway disconnected {"code":1006}
[2026-04-14 10:37:01] [ERROR] Discord WS error {"err":"WebSocket was closed before the connection was established"}
[2026-04-14 10:37:01] [WARN ] Discord gateway disconnected {"code":1006}
[2026-04-14 10:37:07] [INFO ] Discord gateway reconnecting…
[2026-04-14 10:37:08] [INFO ] Discord gateway connected
[2026-04-14 10:37:08] [INFO ] Discord gateway ready {"bot":"Fredrick-bot"}
[2026-04-14 10:37:11] [INFO ] Discord gateway reconnecting…
[2026-04-14 10:37:12] [INFO ] Discord gateway connected
[2026-04-14 10:37:13] [INFO ] Discord gateway ready {"bot":"Fredrick-bot"}
[2026-04-14 10:38:08] [WARN ] Discord gateway disconnected {"code":1000}
[2026-04-14 10:38:08] [WARN ] Discord gateway disconnected {"code":1006}
[2026-04-14 10:38:13] [INFO ] Discord gateway reconnecting…
[2026-04-14 10:38:13] [INFO ] Discord gateway connected
[2026-04-14 10:38:16] [INFO ] Discord gateway ready {"bot":"Fredrick-bot"}
[2026-04-14 12:19:39] [WARN ] High load detected {"level":"high","preferLocal":false,"reason":"8 active sessions, 17371 tok/min","activeSessions":8,"tokenRate":17371}
[2026-04-14 12:20:08] [WARN ] High load detected {"level":"high","preferLocal":false,"reason":"8 active sessions, 17427 tok/min","activeSessions":8,"tokenRate":17427}
[2026-04-14 12:20:38] [WARN ] High load detected {"level":"high","preferLocal":false,"reason":"8 active sessions, 17393 tok/min","activeSessions":8,"tokenRate":17393}
[2026-04-14 12:21:08] [WARN ] High load detected {"level":"high","preferLocal":false,"reason":"8 active sessions, 17388 tok/min","activeSessions":8,"tokenRate":17388}
[2026-04-14 12:21:38] [WARN ] High load detected {"level":"high","preferLocal":false,"reason":"8 active sessions, 17276 tok/min","activeSessions":8,"tokenRate":17276}
[2026-04-14 12:22:08] [WARN ] High load detected {"level":"high","preferLocal":false,"reason":"8 active sessions, 17255 tok/min","activeSessions":8,"tokenRate":17255}
[2026-04-14 12:22:38] [WARN ] High load detected {"level":"high","preferLocal":false,"reason":"8 active sessions, 17259 tok/min","activeSessions":8,"tokenRate":17259}
[2026-04-14 12:23:08] [WARN ] High load detected {"level":"high","preferLocal":false,"reason":"8 active sessions, 17262 tok/min","activeSessions":8,"tokenRate":17262}
[2026-04-14 12:23:38] [WARN ] High load detected {"level":"high","preferLocal":false,"reason":"8 active sessions, 17251 tok/min","activeSessions":8,"tokenRate":17251}
[2026-04-14 12:24:08] [WARN ] High load detected {"level":"high","preferLocal":false,"reason":"8 active sessions, 17278 tok/min","activeSessions":8,"tokenRate":17278}
[2026-04-14 12:24:38] [WARN ] High load detected {"level":"high","preferLocal":false,"reason":"8 active sessions, 17272 tok/min","activeSessions":8,"tokenRate":17272}
[2026-04-14 12:25:08] [WARN ] High load detected {"level":"high","preferLocal":false,"reason":"8 active sessions, 15575 tok/min","activeSessions":8,"tokenRate":15575}
[2026-04-14 12:25:38] [WARN ] High load detected {"level":"high","preferLocal":false,"reason":"8 active sessions, 15569 tok/min","activeSessions":8,"tokenRate":15569}
[2026-04-14 12:26:08] [WARN ] High load detected {"level":"high","preferLocal":false,"reason":"8 active sessions, 15949 tok/min","activeSessions":8,"tokenRate":15949}
[2026-04-14 12:26:38] [WARN ] High load detected {"level":"high","preferLocal":false,"reason":"8 active sessions, 15993 tok/min","activeSessions":8,"tokenRate":15993}
[2026-04-14 12:27:08] [WARN ] High load detected {"level":"high","preferLocal":false,"reason":"8 active sessions, 15961 tok/min","activeSessions":8,"tokenRate":15961}
[2026-04-14 12:27:38] [WARN ] High load detected {"level":"high","preferLocal":false,"reason":"8 active sessions, 15960 tok/min","activeSessions":8,"tokenRate":15960}
[2026-04-14 12:28:08] [WARN ] High load detected {"level":"high","preferLocal":false,"reason":"8 active sessions, 15960 tok/min","activeSessions":8,"tokenRate":15960}
[2026-04-14 12:28:38] [WARN ] High load detected {"level":"high","preferLocal":false,"reason":"8 active sessions, 15960 tok/min","activeSessions":8,"tokenRate":15960}
[2026-04-14 12:29:30] [WARN ] Discord requested reconnect
[2026-04-14 12:29:30] [INFO ] Discord gateway reconnecting…
[2026-04-14 12:29:30] [WARN ] Discord gateway disconnected {"code":1006}
[2026-04-14 12:29:30] [ERROR] Discord WS error {"err":"WebSocket was closed before the connection was established"}
[2026-04-14 12:29:30] [WARN ] Discord gateway disconnected {"code":1006}
[2026-04-14 12:29:35] [INFO ] Discord gateway reconnecting…
[2026-04-14 12:29:35] [INFO ] Discord gateway connected
[2026-04-14 12:29:35] [INFO ] Discord gateway ready {"bot":"Fredrick-bot"}
[2026-04-14 12:29:40] [INFO ] Discord gateway reconnecting…
[2026-04-14 12:29:40] [INFO ] Discord gateway connected
[2026-04-14 12:29:41] [INFO ] Discord gateway ready {"bot":"Fredrick-bot"}
[2026-04-14 12:30:36] [WARN ] Discord gateway disconnected {"code":1000}
[2026-04-14 12:30:36] [WARN ] Discord gateway disconnected {"code":1006}
[2026-04-14 12:30:41] [INFO ] Discord gateway reconnecting…
[2026-04-14 12:30:41] [INFO ] Discord gateway connected
[2026-04-14 12:30:41] [INFO ] Discord gateway ready {"bot":"Fredrick-bot"}
[2026-04-14 13:15:01] [WARN ] Discord requested reconnect
[2026-04-14 13:15:01] [INFO ] Discord gateway reconnecting…
[2026-04-14 13:15:01] [WARN ] Discord gateway disconnected {"code":1006}
[2026-04-14 13:15:01] [ERROR] Discord WS error {"err":"WebSocket was closed before the connection was established"}
[2026-04-14 13:15:01] [WARN ] Discord gateway disconnected {"code":1006}
[2026-04-14 13:15:06] [INFO ] Discord gateway reconnecting…
[2026-04-14 13:15:06] [INFO ] Discord gateway connected
[2026-04-14 13:15:08] [INFO ] Discord gateway ready {"bot":"Fredrick-bot"}
[2026-04-14 13:15:11] [INFO ] Discord gateway reconnecting…
[2026-04-14 13:15:11] [INFO ] Discord gateway connected
[2026-04-14 13:15:12] [INFO ] Discord gateway ready {"bot":"Fredrick-bot"}
[2026-04-14 13:16:08] [WARN ] Discord gateway disconnected {"code":1000}
[2026-04-14 13:16:08] [WARN ] Discord gateway disconnected {"code":1006}
[2026-04-14 13:16:13] [INFO ] Discord gateway reconnecting…
[2026-04-14 13:16:13] [INFO ] Discord gateway connected
[2026-04-14 13:16:14] [INFO ] Discord gateway ready {"bot":"Fredrick-bot"}
[2026-04-14 14:09:15] [WARN ] Discord requested reconnect
[2026-04-14 14:09:15] [INFO ] Discord gateway reconnecting…
[2026-04-14 14:09:15] [WARN ] Discord gateway disconnected {"code":1006}
[2026-04-14 14:09:15] [ERROR] Discord WS error {"err":"WebSocket was closed before the connection was established"}
[2026-04-14 14:09:15] [WARN ] Discord gateway disconnected {"code":1006}
[2026-04-14 14:09:20] [INFO ] Discord gateway reconnecting…
[2026-04-14 14:09:20] [INFO ] Discord gateway connected
[2026-04-14 14:09:21] [INFO ] Discord gateway ready {"bot":"Fredrick-bot"}
[2026-04-14 14:09:25] [INFO ] Discord gateway reconnecting…
[2026-04-14 14:09:25] [INFO ] Discord gateway connected
[2026-04-14 14:09:25] [INFO ] Discord gateway ready {"bot":"Fredrick-bot"}
[2026-04-14 14:10:21] [WARN ] Discord gateway disconnected {"code":1000}
[2026-04-14 14:10:21] [WARN ] Discord gateway disconnected {"code":1006}
[2026-04-14 14:10:26] [INFO ] Discord gateway reconnecting…
[2026-04-14 14:10:26] [INFO ] Discord gateway connected
[2026-04-14 14:10:27] [INFO ] Discord gateway ready {"bot":"Fredrick-bot"}
[2026-04-14 15:06:08] [WARN ] High load detected {"level":"high","preferLocal":false,"reason":"8 active sessions, 6385 tok/min","activeSessions":8,"tokenRate":6385}
[2026-04-14 15:06:38] [WARN ] High load detected {"level":"high","preferLocal":false,"reason":"8 active sessions, 6385 tok/min","activeSessions":8,"tokenRate":6385}
[2026-04-14 15:07:09] [WARN ] High load detected {"level":"high","preferLocal":false,"reason":"8 active sessions, 6131 tok/min","activeSessions":8,"tokenRate":6131}
[2026-04-14 15:07:38] [WARN ] High load detected {"level":"high","preferLocal":false,"reason":"8 active sessions, 6132 tok/min","activeSessions":8,"tokenRate":6132}
[2026-04-14 15:08:08] [WARN ] High load detected {"level":"high","preferLocal":false,"reason":"8 active sessions, 5579 tok/min","activeSessions":8,"tokenRate":5579}
[2026-04-14 15:08:38] [WARN ] High load detected {"level":"high","preferLocal":false,"reason":"8 active sessions, 5581 tok/min","activeSessions":8,"tokenRate":5581}
[2026-04-14 15:09:08] [WARN ] High load detected {"level":"high","preferLocal":false,"reason":"8 active sessions, 5581 tok/min","activeSessions":8,"tokenRate":5581}
[2026-04-14 15:09:38] [WARN ] High load detected {"level":"high","preferLocal":false,"reason":"8 active sessions, 5587 tok/min","activeSessions":8,"tokenRate":5587}
[2026-04-14 15:10:09] [WARN ] High load detected {"level":"high","preferLocal":false,"reason":"8 active sessions, 5580 tok/min","activeSessions":8,"tokenRate":5580}
[2026-04-14 15:54:13] [INFO ] Received SIGTERM — shutting down
[2026-04-14 15:54:13] [INFO ] OpenClaw Control Center starting…
[2026-04-14 15:54:13] [INFO ] File watcher started {"watching":["openclaw.json","permissions.json"]}
[2026-04-14 15:54:15] [INFO ] Load monitor started {"intervalMs":30000}
[2026-04-14 15:54:15] [INFO ] OpenClaw Control Center → http://127.0.0.1:7891
[2026-04-14 15:54:15] [INFO ] Discord gateway connected
[2026-04-14 15:54:15] [INFO ] Discord gateway ready {"bot":"Fredrick-bot"}
[2026-04-14 16:20:52] [EVENT] File changed {"file":"openclaw.json"}
[2026-04-14 16:20:53] [EVENT] Config file changed {"file":"/Users/Fredrick/.openclaw/openclaw.json"}
[2026-04-14 16:20:54] [INFO ] Gateway reload triggered
[2026-04-14 16:20:54] [INFO ] Config change handled ✓
[2026-04-14 16:20:56] [EVENT] File changed {"file":"permissions.json"}
[2026-04-14 16:20:57] [EVENT] Permissions file changed
[2026-04-14 16:20:57] [INFO ] Permissions reloaded {"domains":["global","global/scripts","global/documentation","global/templates","global/notes","global/knowledge-base","general","coding","ideas","projects","business"],"summary":"global:[\"*\"], global/scripts:[\"*\"], global/documentation:[\"*\"], global/templates:[\"*\"], global/notes:[\"*\"], global/knowledge-base:[\"*\"], general:[\"discord\",\"power\",\"local-general\"], coding:[\"coder\",\"local-coder\",\"power\"], ideas:[\"general\",\"power\",\"gumroad-builder\"], projects:[\"coder\",\"power\",\"fiverr-builder\",\"gumroad-builder\"], business:[\"fiverr-builder\",\"gumroad-builder\",\"affiliate-tracker\",\"power\",\"automation\"]"}
[2026-04-14 16:20:57] [WARN ] Permission references unknown agent(s) {"domain":"ideas","invalid":["general"]}
[2026-04-14 16:20:57] [INFO ] Permission change handled ✓
[2026-04-14 16:22:13] [WARN ] Gateway not responding {"consecutiveFailures":1}
[2026-04-14 16:23:13] [INFO ] Gateway recovered
[2026-04-14 16:30:17] [WARN ] High load detected {"level":"high","preferLocal":false,"reason":"8 active sessions, 13241 tok/min","activeSessions":8,"tokenRate":13241}
[2026-04-14 16:39:59] [INFO ] Received SIGTERM — shutting down
[2026-04-14 16:39:59] [INFO ] OpenClaw Control Center starting…
[2026-04-14 16:39:59] [INFO ] File watcher started {"watching":["openclaw.json","permissions.json"]}
[2026-04-14 16:40:01] [INFO ] Load monitor started {"intervalMs":30000}
[2026-04-14 16:40:01] [INFO ] OpenClaw Control Center → http://127.0.0.1:7891
[2026-04-14 16:40:01] [INFO ] Discord gateway connected
[2026-04-14 16:40:02] [INFO ] Discord gateway ready {"bot":"Fredrick-bot"}
[2026-04-14 19:28:10] [WARN ] Discord requested reconnect
[2026-04-14 19:28:10] [INFO ] Discord gateway reconnecting…
[2026-04-14 19:28:10] [WARN ] Discord gateway disconnected {"code":1006}
[2026-04-14 19:28:10] [ERROR] Discord WS error {"err":"WebSocket was closed before the connection was established"}
[2026-04-14 19:28:10] [WARN ] Discord gateway disconnected {"code":1006}
[2026-04-14 19:28:15] [INFO ] Discord gateway reconnecting…
[2026-04-14 19:28:15] [INFO ] Discord gateway connected
[2026-04-14 19:28:16] [INFO ] Discord gateway ready {"bot":"Fredrick-bot"}
[2026-04-14 19:28:20] [INFO ] Discord gateway reconnecting…
[2026-04-14 19:28:20] [INFO ] Discord gateway connected
[2026-04-14 19:28:21] [INFO ] Discord gateway ready {"bot":"Fredrick-bot"}
[2026-04-14 19:29:16] [WARN ] Discord gateway disconnected {"code":1000}
[2026-04-14 19:29:16] [WARN ] Discord gateway disconnected {"code":1006}
[2026-04-14 19:29:21] [INFO ] Discord gateway reconnecting…
[2026-04-14 19:29:21] [INFO ] Discord gateway connected
[2026-04-14 19:29:22] [INFO ] Discord gateway ready {"bot":"Fredrick-bot"}
[2026-04-14 20:21:21] [WARN ] Discord requested reconnect
[2026-04-14 20:21:21] [INFO ] Discord gateway reconnecting…
[2026-04-14 20:21:21] [WARN ] Discord gateway disconnected {"code":1006}
[2026-04-14 20:21:21] [ERROR] Discord WS error {"err":"WebSocket was closed before the connection was established"}
[2026-04-14 20:21:21] [WARN ] Discord gateway disconnected {"code":1006}
[2026-04-14 20:21:26] [INFO ] Discord gateway reconnecting…
[2026-04-14 20:21:26] [INFO ] Discord gateway connected
[2026-04-14 20:21:26] [INFO ] Discord gateway ready {"bot":"Fredrick-bot"}
[2026-04-14 20:21:31] [INFO ] Discord gateway reconnecting…
[2026-04-14 20:21:31] [INFO ] Discord gateway connected
[2026-04-14 20:21:32] [INFO ] Discord gateway ready {"bot":"Fredrick-bot"}
[2026-04-14 20:22:26] [WARN ] Discord gateway disconnected {"code":1000}
[2026-04-14 20:22:26] [WARN ] Discord gateway disconnected {"code":1006}
[2026-04-14 20:22:31] [INFO ] Discord gateway reconnecting…
[2026-04-14 20:22:34] [INFO ] Discord gateway connected
[2026-04-14 20:22:34] [INFO ] Discord gateway ready {"bot":"Fredrick-bot"}
[2026-04-14 21:28:26] [WARN ] Discord gateway disconnected {"code":1006}
[2026-04-14 21:28:31] [INFO ] Discord gateway reconnecting…
[2026-04-14 21:28:31] [INFO ] Discord gateway connected
[2026-04-14 21:28:32] [INFO ] Discord gateway ready {"bot":"Fredrick-bot"}
[2026-04-14 22:31:43] [WARN ] Discord requested reconnect
[2026-04-14 22:31:43] [INFO ] Discord gateway reconnecting…
[2026-04-14 22:31:43] [WARN ] Discord gateway disconnected {"code":1006}
[2026-04-14 22:31:43] [ERROR] Discord WS error {"err":"WebSocket was closed before the connection was established"}
[2026-04-14 22:31:43] [WARN ] Discord gateway disconnected {"code":1006}
[2026-04-14 22:31:48] [INFO ] Discord gateway reconnecting…
[2026-04-14 22:31:48] [INFO ] Discord gateway connected
[2026-04-14 22:31:49] [INFO ] Discord gateway ready {"bot":"Fredrick-bot"}
[2026-04-14 22:31:53] [INFO ] Discord gateway reconnecting…
[2026-04-14 22:31:53] [INFO ] Discord gateway connected
[2026-04-14 22:31:53] [INFO ] Discord gateway ready {"bot":"Fredrick-bot"}
[2026-04-14 22:32:49] [WARN ] Discord gateway disconnected {"code":1000}
[2026-04-14 22:32:49] [WARN ] Discord gateway disconnected {"code":1006}
[2026-04-14 22:32:54] [INFO ] Discord gateway reconnecting…
[2026-04-14 22:32:54] [INFO ] Discord gateway connected
[2026-04-14 22:32:56] [INFO ] Discord gateway ready {"bot":"Fredrick-bot"}
[2026-04-14 23:02:01] [WARN ] Discord requested reconnect
[2026-04-14 23:02:01] [INFO ] Discord gateway reconnecting…
[2026-04-14 23:02:01] [WARN ] Discord gateway disconnected {"code":1006}
[2026-04-14 23:02:01] [ERROR] Discord WS error {"err":"WebSocket was closed before the connection was established"}
[2026-04-14 23:02:01] [WARN ] Discord gateway disconnected {"code":1006}
[2026-04-14 23:02:06] [INFO ] Discord gateway reconnecting…
[2026-04-14 23:02:06] [INFO ] Discord gateway connected
[2026-04-14 23:02:07] [INFO ] Discord gateway ready {"bot":"Fredrick-bot"}
[2026-04-14 23:02:11] [INFO ] Discord gateway reconnecting…
[2026-04-14 23:02:11] [INFO ] Discord gateway connected
[2026-04-14 23:02:12] [INFO ] Discord gateway ready {"bot":"Fredrick-bot"}
[2026-04-14 23:03:07] [WARN ] Discord gateway disconnected {"code":1000}
[2026-04-14 23:03:07] [WARN ] Discord gateway disconnected {"code":1006}
[2026-04-14 23:03:12] [INFO ] Discord gateway reconnecting…
[2026-04-14 23:03:12] [INFO ] Discord gateway connected
[2026-04-14 23:03:12] [INFO ] Discord gateway ready {"bot":"Fredrick-bot"}
[2026-04-14 23:43:01] [WARN ] Discord requested reconnect
[2026-04-14 23:43:01] [INFO ] Discord gateway reconnecting…
[2026-04-14 23:43:01] [WARN ] Discord gateway disconnected {"code":1006}
[2026-04-14 23:43:01] [ERROR] Discord WS error {"err":"WebSocket was closed before the connection was established"}
[2026-04-14 23:43:01] [WARN ] Discord gateway disconnected {"code":1006}
[2026-04-14 23:43:06] [INFO ] Discord gateway reconnecting…
[2026-04-14 23:43:06] [INFO ] Discord gateway connected
[2026-04-14 23:43:07] [INFO ] Discord gateway ready {"bot":"Fredrick-bot"}
[2026-04-14 23:43:11] [INFO ] Discord gateway reconnecting…
[2026-04-14 23:43:11] [INFO ] Discord gateway connected
[2026-04-14 23:43:12] [INFO ] Discord gateway ready {"bot":"Fredrick-bot"}
[2026-04-14 23:44:07] [WARN ] Discord gateway disconnected {"code":1000}
[2026-04-14 23:44:07] [WARN ] Discord gateway disconnected {"code":1006}
[2026-04-14 23:44:12] [INFO ] Discord gateway reconnecting…
[2026-04-14 23:44:12] [INFO ] Discord gateway connected
[2026-04-14 23:44:13] [INFO ] Discord gateway ready {"bot":"Fredrick-bot"}
